#
# There is insufficient memory for the Java Runtime Environment to continue.
# Native memory allocation (mmap) failed to map 65536 bytes for Failed to commit metaspace.
# Possible reasons:
#   The system is out of physical RAM or swap space
#   The process is running with CompressedOops enabled, and the Java Heap may be blocking the growth of the native heap
# Possible solutions:
#   Reduce memory load on the system
#   Increase physical memory or swap space
#   Check if swap backing store is full
#   Decrease Java heap size (-Xmx/-Xms)
#   Decrease number of Java threads
#   Decrease Java thread stack sizes (-Xss)
#   Set larger code cache with -XX:ReservedCodeCacheSize=
#   JVM is running with Unscaled Compressed Oops mode in which the Java heap is
#     placed in the first 4GB address space. The Java Heap base address is the
#     maximum limit for the native heap growth. Please use -XX:HeapBaseMinAddress
#     to set the Java Heap base and to place the Java Heap above 4GB virtual address.
# This output file may be truncated or incomplete.
#
#  Out of Memory Error (virtualSpaceNode.cpp:112), pid=3280, tid=12448
#
# JRE version: Java(TM) SE Runtime Environment (21.0.2+13) (build 21.0.2+13-LTS-58)
# Java VM: Java HotSpot(TM) 64-Bit Server VM (21.0.2+13-LTS-58, mixed mode, sharing, tiered, compressed oops, compressed class ptrs, g1 gc, windows-amd64)
# No core dump will be written. Minidumps are not enabled by default on client versions of Windows
#

---------------  S U M M A R Y ------------

Command Line: -javaagent:C:\Program Files\JetBrains\IntelliJ IDEA Community Edition 2023.3.4\lib\idea_rt.jar=51917:C:\Program Files\JetBrains\IntelliJ IDEA Community Edition 2023.3.4\bin -Dfile.encoding=UTF-8 -Dsun.stdout.encoding=UTF-8 -Dsun.stderr.encoding=UTF-8 com.yash.quizapp.QuizappApplication

Host: AMD Ryzen 7 4700U with Radeon Graphics         , 8 cores, 7G,  Windows 11 , 64 bit Build 22621 (10.0.22621.3085)
Time: Wed Feb 28 14:02:17 2024 India Standard Time elapsed time: 0.457286 seconds (0d 0h 0m 0s)

---------------  T H R E A D  ---------------

Current thread (0x0000018c7f7c87b0):  JavaThread "main"             [_thread_in_vm, id=12448, stack(0x0000006ce5a00000,0x0000006ce5b00000) (1024K)]

Stack: [0x0000006ce5a00000,0x0000006ce5b00000]
Native frames: (J=compiled Java code, j=interpreted, Vv=VM code, C=native code)
V  [jvm.dll+0x6cade9]
V  [jvm.dll+0x8569c1]
V  [jvm.dll+0x858d2e]
V  [jvm.dll+0x859413]
V  [jvm.dll+0x280e56]
V  [jvm.dll+0x8526ee]
V  [jvm.dll+0x66e705]
V  [jvm.dll+0x1e68cc]
V  [jvm.dll+0x1e669e]
V  [jvm.dll+0x67104c]
V  [jvm.dll+0x670e62]
V  [jvm.dll+0x66f0de]
V  [jvm.dll+0x27dd76]
V  [jvm.dll+0x720355]
V  [jvm.dll+0x720e9f]
V  [jvm.dll+0x3c2e8f]
V  [jvm.dll+0x46f6ec]
V  [jvm.dll+0x47a9cd]
C  0x0000018c10cece0b

The last pc belongs to native method entry point (kind = native) (printed below).
Java frames: (J=compiled Java code, j=interpreted, Vv=VM code)
j  java.lang.Class.getDeclaredConstructors0(Z)[Ljava/lang/reflect/Constructor;+0 java.base@21.0.2
j  java.lang.Class.privateGetDeclaredConstructors(Z)[Ljava/lang/reflect/Constructor;+52 java.base@21.0.2
j  java.lang.Class.getConstructor0([Ljava/lang/Class;I)Ljava/lang/reflect/Constructor;+14 java.base@21.0.2
j  java.lang.Class.getConstructor([Ljava/lang/Class;)Ljava/lang/reflect/Constructor;+24 java.base@21.0.2
j  ch.qos.logback.classic.util.ContextInitializer.instantiateConfiguratorByClassName(Ljava/lang/String;Ljava/lang/ClassLoader;)Lch/qos/logback/classic/spi/Configurator;+11
j  ch.qos.logback.classic.util.ContextInitializer.autoConfig(Ljava/lang/ClassLoader;)V+191
j  ch.qos.logback.classic.util.ContextInitializer.autoConfig()V+6
j  ch.qos.logback.classic.spi.LogbackServiceProvider.initializeLoggerContext()V+11
j  ch.qos.logback.classic.spi.LogbackServiceProvider.initialize()V+21
j  org.slf4j.LoggerFactory.bind()V+37
j  org.slf4j.LoggerFactory.performInitialization()V+0
j  org.slf4j.LoggerFactory.getProvider()Lorg/slf4j/spi/SLF4JServiceProvider;+21
j  org.slf4j.LoggerFactory.getILoggerFactory()Lorg/slf4j/ILoggerFactory;+0
j  org.slf4j.LoggerFactory.getLogger(Ljava/lang/String;)Lorg/slf4j/Logger;+0
j  org.apache.commons.logging.LogAdapter$Slf4jAdapter.createLocationAwareLog(Ljava/lang/String;)Lorg/apache/commons/logging/Log;+1
j  org.apache.commons.logging.LogAdapter$$Lambda+0x0000018c20009ce8.apply(Ljava/lang/Object;)Ljava/lang/Object;+4
j  org.apache.commons.logging.LogAdapter.createLog(Ljava/lang/String;)Lorg/apache/commons/logging/Log;+4
j  org.apache.commons.logging.LogFactory.getLog(Ljava/lang/String;)Lorg/apache/commons/logging/Log;+1
j  org.apache.commons.logging.LogFactory.getLog(Ljava/lang/Class;)Lorg/apache/commons/logging/Log;+4
j  org.springframework.boot.SpringApplication.<clinit>()V+2
v  ~StubRoutines::call_stub 0x0000018c10ce100d
j  com.yash.quizapp.QuizappApplication.main([Ljava/lang/String;)V+3
v  ~StubRoutines::call_stub 0x0000018c10ce100d
native method entry point (kind = native)  [0x0000018c10cec9e0, 0x0000018c10ced508]  2856 bytes
[MachCode]
  0x0000018c10cec9e0: 488b 4b08 | 0fb7 492e | 584c 8d74 | ccf8 6800 | 0000 0068 | 0000 0000 | 5055 488b | ec41 5568 
  0x0000018c10ceca00: 0000 0000 | 4c8b 6b08 | 4d8d 6d38 | 5348 8b53 | 0848 8b52 | 0848 8b52 | 1848 8b52 | 7048 8b12 
  0x0000018c10ceca20: 5248 8b53 | 1048 85d2 | 0f84 0700 | 0000 4881 | c208 0100 | 0052 488b | 5308 488b | 5208 488b 
  0x0000018c10ceca40: 5210 5249 | 8bc6 482b | c548 c1e8 | 0350 6800 | 0000 0068 | 0000 0000 | 4889 2424 | 41c6 8779 
  0x0000018c10ceca60: 0400 0001 | 488b 4310 | 4885 c074 | 208b 88cc | 0000 0083 | c102 8988 | cc00 0000 | 2388 e000 
  0x0000018c10ceca80: 0000 0f84 | cb09 0000 | e9cf 0000 | 0048 8b43 | 1848 85c0 | 0f85 b000 | 0000 e805 | 0000 00e9 
  0x0000018c10cecaa0: 9900 0000 | 488b d348 | 8d44 2408 | 4c89 6dc0 | 498b cfc5 | f877 4989 | afa8 0300 | 0049 8987 
  0x0000018c10cecac0: 9803 0000 | 4883 ec20 | 40f6 c40f | 0f84 1900 | 0000 4883 | ec08 48b8 | 5044 69e9 | ff7f 0000 
  0x0000018c10cecae0: ffd0 4883 | c408 e90c | 0000 0048 | b850 4469 | e9ff 7f00 | 00ff d048 | 83c4 2049 | c787 9803 
  0x0000018c10cecb00: 0000 0000 | 0000 49c7 | 87a8 0300 | 0000 0000 | 0049 c787 | a003 0000 | 0000 0000 | c5f8 7749 
  0x0000018c10cecb20: 837f 0800 | 0f84 0500 | 0000 e9d1 | 43ff ff4c | 8b6d c04c | 8b75 c84e | 8d74 f500 | c348 8b43 
  0x0000018c10cecb40: 1848 85c0 | 0f84 1200 | 0000 8b48 | 0883 c102 | 8948 0823 | 481c 0f84 | f708 0000 | 493b a7e8 
  0x0000018c10cecb60: 0400 000f | 8748 0000 | 0089 8424 | 00f0 ffff | 8984 2400 | e0ff ff89 | 8424 00d0 | ffff 8984 
  0x0000018c10cecb80: 2400 c0ff | ff89 8424 | 00b0 ffff | 8984 2400 | a0ff ff89 | 8424 0090 | ffff 8984 | 2400 80ff 
  0x0000018c10cecba0: ff49 3ba7 | e004 0000 | 7607 4989 | a7e8 0400 | 0041 c687 | 7904 0000 | 0049 baf9 | 45ee e9ff 
  0x0000018c10cecbc0: 7f00 0041 | 803a 000f | 843e 0000 | 0048 8b55 | e849 8bcf | 4883 ec20 | 40f6 c40f | 0f84 1900 
  0x0000018c10cecbe0: 0000 4883 | ec08 48b8 | 4009 9fe9 | ff7f 0000 | ffd0 4883 | c408 e90c | 0000 0048 | b840 099f 
  0x0000018c10cecc00: e9ff 7f00 | 00ff d048 | 83c4 2048 | 8b5d e84c | 8b5b 0845 | 0fb7 5b2e | 41c1 e303 | 492b e348 
  0x0000018c10cecc20: 83ec 2048 | 83e4 f04c | 8b5b 604d | 85db 0f85 | ab00 0000 | e805 0000 | 00e9 9900 | 0000 488b 
  0x0000018c10cecc40: d348 8d44 | 2408 4c89 | 6dc0 498b | cfc5 f877 | 4989 afa8 | 0300 0049 | 8987 9803 | 0000 4883 
  0x0000018c10cecc60: ec20 40f6 | c40f 0f84 | 1900 0000 | 4883 ec08 | 48b8 106b | 69e9 ff7f | 0000 ffd0 | 4883 c408 
  0x0000018c10cecc80: e90c 0000 | 0048 b810 | 6b69 e9ff | 7f00 00ff | d048 83c4 | 2049 c787 | 9803 0000 | 0000 0000 
  0x0000018c10cecca0: 49c7 87a8 | 0300 0000 | 0000 0049 | c787 a003 | 0000 0000 | 0000 c5f8 | 7749 837f | 0800 0f84 
  0x0000018c10ceccc0: 0500 0000 | e937 42ff | ff4c 8b6d | c04c 8b75 | c84e 8d74 | f500 c348 | 8b5d e84c | 8b5b 6041 
  0x0000018c10cecce0: ffd3 488b | 5de8 4889 | 4518 448b | 5b28 41f6 | c308 0f84 | 1b00 0000 | 4c8b 5b08 | 4d8b 5b08 
  0x0000018c10cecd00: 4d8b 5b18 | 4d8b 5b70 | 4d8b 1b4c | 895d 1048 | 8d55 1048 | 8b43 5849 | ba80 5e9f | e9ff 7f00 
  0x0000018c10cecd20: 0049 3bc2 | 0f85 ab00 | 0000 e805 | 0000 00e9 | 9900 0000 | 488b d348 | 8d44 2408 | 4c89 6dc0 
  0x0000018c10cecd40: 498b cfc5 | f877 4989 | afa8 0300 | 0049 8987 | 9803 0000 | 4883 ec20 | 40f6 c40f | 0f84 1900 
  0x0000018c10cecd60: 0000 4883 | ec08 48b8 | 106b 69e9 | ff7f 0000 | ffd0 4883 | c408 e90c | 0000 0048 | b810 6b69 
  0x0000018c10cecd80: e9ff 7f00 | 00ff d048 | 83c4 2049 | c787 9803 | 0000 0000 | 0000 49c7 | 87a8 0300 | 0000 0000 
  0x0000018c10cecda0: 0049 c787 | a003 0000 | 0000 0000 | c5f8 7749 | 837f 0800 | 0f84 0500 | 0000 e941 | 41ff ff4c 
  0x0000018c10cecdc0: 8b6d c04c | 8b75 c84e | 8d74 f500 | c348 8b5d | e848 8b43 | 5849 8d8f | b803 0000 | c5f8 7749 
  0x0000018c10cecde0: 89af a803 | 0000 49ba | dccd ce10 | 8c01 0000 | 4d89 97a0 | 0300 0049 | 89a7 9803 | 0000 41c7 
  0x0000018c10cece00: 874c 0400 | 0004 0000 | 00ff d0c5 | f877 4883 | ec10 c5fb | 1104 2448 | 83ec 1048 | 8904 2448 
  0x0000018c10cece20: c744 2408 | 0000 0000 | 41c7 874c | 0400 0005 | 0000 00f0 | 8344 24c0 | 0049 3baf | 5004 0000 
  0x0000018c10cece40: 0f87 0e00 | 0000 4183 | bf48 0400 | 0000 0f84 | 2000 0000 | 498b cf4c | 8be4 4883 | ec20 4883 
  0x0000018c10cece60: e4f0 48b8 | d0c3 6ae9 | ff7f 0000 | ffd0 498b | e44d 33e4 | 41c7 874c | 0400 0008 | 0000 0049 
  0x0000018c10cece80: c787 9803 | 0000 0000 | 0000 49c7 | 87a8 0300 | 0000 0000 | 0049 c787 | a003 0000 | 0000 0000 
  0x0000018c10cecea0: c5f8 774d | 8b9f 2804 | 0000 41c7 | 8300 0100 | 0000 0000 | 0049 bb9a | a3ce 108c | 0100 004c 
  0x0000018c10cecec0: 3b5d 180f | 8524 0200 | 0048 8b04 | 2448 83c4 | 1048 85c0 | 0f84 fe01 | 0000 a803 | 0f85 0800 
  0x0000018c10cecee0: 0000 488b | 00e9 ee01 | 0000 a801 | 0f85 0900 | 0000 488b | 40fe e9dd | 0100 0048 | 8b40 ff41 
  0x0000018c10cecf00: 807f 4000 | 0f84 ce01 | 0000 4883 | f800 0f84 | c401 0000 | 4d8b 5f28 | 4983 fb00 | 0f84 1400 
  0x0000018c10cecf20: 0000 4983 | eb08 4d89 | 5f28 4d03 | 5f38 4989 | 03e9 a201 | 0000 4881 | ecd0 0000 | 0048 8904 
  0x0000018c10cecf40: 2448 894c | 2408 4889 | 5424 1048 | 8974 2418 | 4889 7c24 | 204c 8944 | 2428 4c89 | 4c24 304c 
  0x0000018c10cecf60: 8954 2438 | 4c89 5c24 | 40c5 fb11 | 4424 50c5 | fb11 4c24 | 58c5 fb11 | 5424 60c5 | fb11 5c24 
  0x0000018c10cecf80: 68c5 fb11 | 6424 70c5 | fb11 6c24 | 78c5 fb11 | b424 8000 | 0000 c5fb | 11bc 2488 | 0000 00c5 
  0x0000018c10cecfa0: 7b11 8424 | 9000 0000 | c57b 118c | 2498 0000 | 00c5 7b11 | 9424 a000 | 0000 c57b | 119c 24a8 
  0x0000018c10cecfc0: 0000 00c5 | 7b11 a424 | b000 0000 | c57b 11ac | 24b8 0000 | 00c5 7b11 | b424 c000 | 0000 c57b 
  0x0000018c10cecfe0: 11bc 24c8 | 0000 0049 | 8bd7 488b | c848 83ec | 2040 f6c4 | 0f0f 8419 | 0000 0048 | 83ec 0848 
  0x0000018c10ced000: b890 265e | e9ff 7f00 | 00ff d048 | 83c4 08e9 | 0c00 0000 | 48b8 9026 | 5ee9 ff7f | 0000 ffd0 
  0x0000018c10ced020: 4883 c420 | c57b 10bc | 24c8 0000 | 00c5 7b10 | b424 c000 | 0000 c57b | 10ac 24b8 | 0000 00c5 
  0x0000018c10ced040: 7b10 a424 | b000 0000 | c57b 109c | 24a8 0000 | 00c5 7b10 | 9424 a000 | 0000 c57b | 108c 2498 
  0x0000018c10ced060: 0000 00c5 | 7b10 8424 | 9000 0000 | c5fb 10bc | 2488 0000 | 00c5 fb10 | b424 8000 | 0000 c5fb 
  0x0000018c10ced080: 106c 2478 | c5fb 1064 | 2470 c5fb | 105c 2468 | c5fb 1054 | 2460 c5fb | 104c 2458 | c5fb 1044 
  0x0000018c10ced0a0: 2450 4c8b | 5c24 404c | 8b54 2438 | 4c8b 4c24 | 304c 8b44 | 2428 488b | 7c24 2048 | 8b74 2418 
  0x0000018c10ced0c0: 488b 5424 | 1048 8b4c | 2408 488b | 0424 4881 | c4d0 0000 | 00c5 f877 | 4889 4510 | 4883 ec10 
  0x0000018c10ced0e0: 4889 0424 | 48c7 4424 | 0800 0000 | 0041 83bf | c804 0000 | 020f 85bf | 0000 0048 | 81ec 8000 
  0x0000018c10ced100: 0000 4889 | 4424 7848 | 894c 2470 | 4889 5424 | 6848 895c | 2460 4889 | 6c24 5048 | 8974 2448 
  0x0000018c10ced120: 4889 7c24 | 404c 8944 | 2438 4c89 | 4c24 304c | 8954 2428 | 4c89 5c24 | 204c 8964 | 2418 4c89 
  0x0000018c10ced140: 6c24 104c | 8974 2408 | 4c89 3c24 | 4c8b e448 | 83ec 2048 | 83e4 f048 | b870 419f | e9ff 7f00 
  0x0000018c10ced160: 00ff d049 | 8be4 4c8b | 3c24 4c8b | 7424 084c | 8b6c 2410 | 4c8b 6424 | 184c 8b5c | 2420 4c8b 
  0x0000018c10ced180: 5424 284c | 8b4c 2430 | 4c8b 4424 | 3848 8b7c | 2440 488b | 7424 4848 | 8b6c 2450 | 488b 5c24 
  0x0000018c10ced1a0: 6048 8b54 | 2468 488b | 4c24 7048 | 8b44 2478 | 4881 c480 | 0000 004d | 33e4 488b | 5de8 4c8b 
  0x0000018c10ced1c0: 6b08 4d8d | 6d38 4983 | 7f08 000f | 84bb 0000 | 00e8 0500 | 0000 e996 | 0000 0048 | 8d44 2408 
  0x0000018c10ced1e0: 4c89 6dc0 | 498b cfc5 | f877 4989 | afa8 0300 | 0049 8987 | 9803 0000 | 4883 ec20 | 40f6 c40f 
  0x0000018c10ced200: 0f84 1900 | 0000 4883 | ec08 48b8 | a088 69e9 | ff7f 0000 | ffd0 4883 | c408 e90c | 0000 0048 
  0x0000018c10ced220: b8a0 8869 | e9ff 7f00 | 00ff d048 | 83c4 2049 | c787 9803 | 0000 0000 | 0000 49c7 | 87a8 0300 
  0x0000018c10ced240: 0000 0000 | 0049 c787 | a003 0000 | 0000 0000 | c5f8 7749 | 837f 0800 | 0f84 0500 | 0000 e99d 
  0x0000018c10ced260: 3cff ff4c | 8b6d c04c | 8b75 c84e | 8d74 f500 | c348 b900 | 48c6 e9ff | 7f00 0048 | 83e4 f048 
  0x0000018c10ced280: b840 248e | e9ff 7f00 | 00ff d0f4 | 448b 5b28 | 41f6 c320 | 0f84 4401 | 0000 488d | 55a8 4c8b 
  0x0000018c10ced2a0: 5a08 4d85 | db0f 85bb | 0000 00e8 | 0500 0000 | e996 0000 | 0048 8d44 | 2408 4c89 | 6dc0 498b 
  0x0000018c10ced2c0: cfc5 f877 | 4989 afa8 | 0300 0049 | 8987 9803 | 0000 4883 | ec20 40f6 | c40f 0f84 | 1900 0000 
  0x0000018c10ced2e0: 4883 ec08 | 48b8 d087 | 69e9 ff7f | 0000 ffd0 | 4883 c408 | e90c 0000 | 0048 b8d0 | 8769 e9ff 
  0x0000018c10ced300: 7f00 00ff | d048 83c4 | 2049 c787 | 9803 0000 | 0000 0000 | 49c7 87a8 | 0300 0000 | 0000 0049 
  0x0000018c10ced320: c787 a003 | 0000 0000 | 0000 c5f8 | 7749 837f | 0800 0f84 | 0500 0000 | e9c3 3bff | ff4c 8b6d 
  0x0000018c10ced340: c04c 8b75 | c84e 8d74 | f500 c348 | b900 48c6 | e9ff 7f00 | 0048 83e4 | f048 b840 | 248e e9ff 
  0x0000018c10ced360: 7f00 00ff | d0f4 4c89 | 6dc0 488d | 024c 8b4a | 0848 c742 | 0800 0000 | 004c 8b00 | 4d85 c00f 
  0x0000018c10ced380: 840b 0000 | 00f0 4d0f | b101 0f85 | 0c00 0000 | 49ff 8f50 | 0500 00e9 | 3e00 0000 | 4c89 4a08 
  0x0000018c10ced3a0: 488b ca48 | 83ec 2040 | f6c4 0f0f | 8419 0000 | 0048 83ec | 0848 b800 | 5b69 e9ff | 7f00 00ff 
  0x0000018c10ced3c0: d048 83c4 | 08e9 0c00 | 0000 48b8 | 005b 69e9 | ff7f 0000 | ffd0 4883 | c420 4c8b | 6dc0 49ba 
  0x0000018c10ced3e0: f945 eee9 | ff7f 0000 | 4180 3a00 | 0f84 3e00 | 0000 488b | 55e8 498b | cf48 83ec | 2040 f6c4 
  0x0000018c10ced400: 0f0f 8419 | 0000 0048 | 83ec 0848 | b840 099f | e9ff 7f00 | 00ff d048 | 83c4 08e9 | 0c00 0000 
  0x0000018c10ced420: 48b8 4009 | 9fe9 ff7f | 0000 ffd0 | 4883 c420 | 488b 0424 | 4883 c410 | c5fb 1004 | 2448 83c4 
  0x0000018c10ced440: 104c 8b5d | 1841 ffd3 | 4c8b 5df8 | c95f 498b | e3ff e7ba | 0000 0000 | e805 0000 | 00e9 9600 
  0x0000018c10ced460: 0000 488d | 4424 084c | 896d c049 | 8bcf c5f8 | 7749 89af | a803 0000 | 4989 8798 | 0300 0048 
  0x0000018c10ced480: 83ec 2040 | f6c4 0f0f | 8419 0000 | 0048 83ec | 0848 b8d0 | 4e69 e9ff | 7f00 00ff | d048 83c4 
  0x0000018c10ced4a0: 08e9 0c00 | 0000 48b8 | d04e 69e9 | ff7f 0000 | ffd0 4883 | c420 49c7 | 8798 0300 | 0000 0000 
  0x0000018c10ced4c0: 0049 c787 | a803 0000 | 0000 0000 | 49c7 87a0 | 0300 0000 | 0000 00c5 | f877 4983 | 7f08 000f 
  0x0000018c10ced4e0: 8405 0000 | 00e9 163a | ffff 4c8b | 6dc0 4c8b | 75c8 4e8d | 74f5 00c3 | 488b 5de8 | e95b f6ff 
  0x0000018c10ced500: ff0f 1f80 | 0000 0000 
[/MachCode]

---------------  P R O C E S S  ---------------

Threads class SMR info:
_java_thread_list=0x0000018c1e60b260, length=13, elements={
0x0000018c7f7c87b0, 0x0000018c1e073be0, 0x0000018c1e074900, 0x0000018c1e077690,
0x0000018c1e078450, 0x0000018c1e078eb0, 0x0000018c1e079910, 0x0000018c1e07bcc0,
0x0000018c1e07fc60, 0x0000018c1e2abad0, 0x0000018c1e458000, 0x0000018c1e5b13f0,
0x0000018c1e5b1a60
}

Java Threads: ( => current thread )
=>0x0000018c7f7c87b0 JavaThread "main"                              [_thread_in_vm, id=12448, stack(0x0000006ce5a00000,0x0000006ce5b00000) (1024K)]
  0x0000018c1e073be0 JavaThread "Reference Handler"          daemon [_thread_blocked, id=12320, stack(0x0000006ce6200000,0x0000006ce6300000) (1024K)]
  0x0000018c1e074900 JavaThread "Finalizer"                  daemon [_thread_blocked, id=5164, stack(0x0000006ce6300000,0x0000006ce6400000) (1024K)]
  0x0000018c1e077690 JavaThread "Signal Dispatcher"          daemon [_thread_blocked, id=7460, stack(0x0000006ce6400000,0x0000006ce6500000) (1024K)]
  0x0000018c1e078450 JavaThread "Attach Listener"            daemon [_thread_blocked, id=11004, stack(0x0000006ce6500000,0x0000006ce6600000) (1024K)]
  0x0000018c1e078eb0 JavaThread "Service Thread"             daemon [_thread_blocked, id=2072, stack(0x0000006ce6600000,0x0000006ce6700000) (1024K)]
  0x0000018c1e079910 JavaThread "Monitor Deflation Thread"   daemon [_thread_blocked, id=5960, stack(0x0000006ce6700000,0x0000006ce6800000) (1024K)]
  0x0000018c1e07bcc0 JavaThread "C2 CompilerThread0"         daemon [_thread_blocked, id=7556, stack(0x0000006ce6800000,0x0000006ce6900000) (1024K)]
  0x0000018c1e07fc60 JavaThread "C1 CompilerThread0"         daemon [_thread_blocked, id=11676, stack(0x0000006ce6900000,0x0000006ce6a00000) (1024K)]
  0x0000018c1e2abad0 JavaThread "Common-Cleaner"             daemon [_thread_blocked, id=9196, stack(0x0000006ce6a00000,0x0000006ce6b00000) (1024K)]
  0x0000018c1e458000 JavaThread "C2 CompilerThread1"         daemon [_thread_blocked, id=11904, stack(0x0000006ce6b00000,0x0000006ce6c00000) (1024K)]
  0x0000018c1e5b13f0 JavaThread "Monitor Ctrl-Break"         daemon [_thread_in_native, id=10004, stack(0x0000006ce6c00000,0x0000006ce6d00000) (1024K)]
  0x0000018c1e5b1a60 JavaThread "Notification Thread"        daemon [_thread_blocked, id=7280, stack(0x0000006ce6d00000,0x0000006ce6e00000) (1024K)]
Total: 13

Other Threads:
  0x0000018c1e050460 VMThread "VM Thread"                           [id=13724, stack(0x0000006ce6100000,0x0000006ce6200000) (1024K)]
  0x0000018c1e0354c0 WatcherThread "VM Periodic Task Thread"        [id=12048, stack(0x0000006ce6000000,0x0000006ce6100000) (1024K)]
  0x0000018c7fdf47f0 WorkerThread "GC Thread#0"                     [id=10364, stack(0x0000006ce5b00000,0x0000006ce5c00000) (1024K)]
  0x0000018c7fe04e20 ConcurrentGCThread "G1 Main Marker"            [id=11300, stack(0x0000006ce5c00000,0x0000006ce5d00000) (1024K)]
  0x0000018c7fe05fd0 WorkerThread "G1 Conc#0"                       [id=4764, stack(0x0000006ce5d00000,0x0000006ce5e00000) (1024K)]
  0x0000018c7fe5e9e0 ConcurrentGCThread "G1 Refine#0"               [id=3208, stack(0x0000006ce5e00000,0x0000006ce5f00000) (1024K)]
  0x0000018c1df0a660 ConcurrentGCThread "G1 Service"                [id=14132, stack(0x0000006ce5f00000,0x0000006ce6000000) (1024K)]
Total: 7

Threads with active compile tasks:
Total: 0

VM state: not at safepoint (normal execution)

VM Mutex/Monitor currently owned by a thread:  ([mutex/lock_event])
[0x00007fffe9eface8] Metaspace_lock - owner thread: 0x0000018c7f7c87b0

Heap address: 0x0000000089400000, size: 1900 MB, Compressed Oops mode: 32-bit

CDS archive(s) mapped at: [0x0000018c1f000000-0x0000018c1fc90000-0x0000018c1fc90000), size 13172736, SharedBaseAddress: 0x0000018c1f000000, ArchiveRelocationMode: 1.
Compressed class space mapped at: 0x0000018c20000000-0x0000018c60000000, reserved size: 1073741824
Narrow klass base: 0x0000018c1f000000, Narrow klass shift: 0, Narrow klass range: 0x100000000

GC Precious Log:
 CardTable entry size: 512
 Card Set container configuration: InlinePtr #cards 5 size 8 Array Of Cards #cards 12 size 40 Howl #buckets 4 coarsen threshold 1843 Howl Bitmap #cards 512 size 80 coarsen threshold 460 Card regions per heap region 1 cards per card region 2048
 CPUs: 8 total, 8 available
 Memory: 7599M
 Large Page Support: Disabled
 NUMA Support: Disabled
 Compressed Oops: Enabled (32-bit)
 Heap Region Size: 1M
 Heap Min Capacity: 8M
 Heap Initial Capacity: 120M
 Heap Max Capacity: 1900M
 Pre-touch: Disabled
 Parallel Workers: 8
 Concurrent Workers: 2
 Concurrent Refinement Workers: 8
 Periodic GC: Disabled

Heap:
 garbage-first heap   total 122880K, used 9216K [0x0000000089400000, 0x0000000100000000)
  region size 1024K, 10 young (10240K), 0 survivors (0K)
 Metaspace       used 2414K, committed 2496K, reserved 1114112K
  class space    used 207K, committed 256K, reserved 1048576K

Heap Regions: E=young(eden), S=young(survivor), O=old, HS=humongous(starts), HC=humongous(continues), CS=collection set, F=free, TAMS=top-at-mark-start, PB=parsable bottom
|   0|0x0000000089400000, 0x0000000089500000, 0x0000000089500000|100%|HS|  |TAMS 0x0000000089400000| PB 0x0000000089400000| Complete 
|   1|0x0000000089500000, 0x0000000089500000, 0x0000000089600000|  0%| F|  |TAMS 0x0000000089500000| PB 0x0000000089500000| Untracked 
|   2|0x0000000089600000, 0x0000000089600000, 0x0000000089700000|  0%| F|  |TAMS 0x0000000089600000| PB 0x0000000089600000| Untracked 
|   3|0x0000000089700000, 0x0000000089700000, 0x0000000089800000|  0%| F|  |TAMS 0x0000000089700000| PB 0x0000000089700000| Untracked 
|   4|0x0000000089800000, 0x0000000089800000, 0x0000000089900000|  0%| F|  |TAMS 0x0000000089800000| PB 0x0000000089800000| Untracked 
|   5|0x0000000089900000, 0x0000000089900000, 0x0000000089a00000|  0%| F|  |TAMS 0x0000000089900000| PB 0x0000000089900000| Untracked 
|   6|0x0000000089a00000, 0x0000000089a00000, 0x0000000089b00000|  0%| F|  |TAMS 0x0000000089a00000| PB 0x0000000089a00000| Untracked 
|   7|0x0000000089b00000, 0x0000000089b00000, 0x0000000089c00000|  0%| F|  |TAMS 0x0000000089b00000| PB 0x0000000089b00000| Untracked 
|   8|0x0000000089c00000, 0x0000000089c00000, 0x0000000089d00000|  0%| F|  |TAMS 0x0000000089c00000| PB 0x0000000089c00000| Untracked 
|   9|0x0000000089d00000, 0x0000000089d00000, 0x0000000089e00000|  0%| F|  |TAMS 0x0000000089d00000| PB 0x0000000089d00000| Untracked 
|  10|0x0000000089e00000, 0x0000000089e00000, 0x0000000089f00000|  0%| F|  |TAMS 0x0000000089e00000| PB 0x0000000089e00000| Untracked 
|  11|0x0000000089f00000, 0x0000000089f00000, 0x000000008a000000|  0%| F|  |TAMS 0x0000000089f00000| PB 0x0000000089f00000| Untracked 
|  12|0x000000008a000000, 0x000000008a000000, 0x000000008a100000|  0%| F|  |TAMS 0x000000008a000000| PB 0x000000008a000000| Untracked 
|  13|0x000000008a100000, 0x000000008a100000, 0x000000008a200000|  0%| F|  |TAMS 0x000000008a100000| PB 0x000000008a100000| Untracked 
|  14|0x000000008a200000, 0x000000008a200000, 0x000000008a300000|  0%| F|  |TAMS 0x000000008a200000| PB 0x000000008a200000| Untracked 
|  15|0x000000008a300000, 0x000000008a300000, 0x000000008a400000|  0%| F|  |TAMS 0x000000008a300000| PB 0x000000008a300000| Untracked 
|  16|0x000000008a400000, 0x000000008a400000, 0x000000008a500000|  0%| F|  |TAMS 0x000000008a400000| PB 0x000000008a400000| Untracked 
|  17|0x000000008a500000, 0x000000008a500000, 0x000000008a600000|  0%| F|  |TAMS 0x000000008a500000| PB 0x000000008a500000| Untracked 
|  18|0x000000008a600000, 0x000000008a600000, 0x000000008a700000|  0%| F|  |TAMS 0x000000008a600000| PB 0x000000008a600000| Untracked 
|  19|0x000000008a700000, 0x000000008a700000, 0x000000008a800000|  0%| F|  |TAMS 0x000000008a700000| PB 0x000000008a700000| Untracked 
|  20|0x000000008a800000, 0x000000008a800000, 0x000000008a900000|  0%| F|  |TAMS 0x000000008a800000| PB 0x000000008a800000| Untracked 
|  21|0x000000008a900000, 0x000000008a900000, 0x000000008aa00000|  0%| F|  |TAMS 0x000000008a900000| PB 0x000000008a900000| Untracked 
|  22|0x000000008aa00000, 0x000000008aa00000, 0x000000008ab00000|  0%| F|  |TAMS 0x000000008aa00000| PB 0x000000008aa00000| Untracked 
|  23|0x000000008ab00000, 0x000000008ab00000, 0x000000008ac00000|  0%| F|  |TAMS 0x000000008ab00000| PB 0x000000008ab00000| Untracked 
|  24|0x000000008ac00000, 0x000000008ac00000, 0x000000008ad00000|  0%| F|  |TAMS 0x000000008ac00000| PB 0x000000008ac00000| Untracked 
|  25|0x000000008ad00000, 0x000000008ad00000, 0x000000008ae00000|  0%| F|  |TAMS 0x000000008ad00000| PB 0x000000008ad00000| Untracked 
|  26|0x000000008ae00000, 0x000000008ae00000, 0x000000008af00000|  0%| F|  |TAMS 0x000000008ae00000| PB 0x000000008ae00000| Untracked 
|  27|0x000000008af00000, 0x000000008af00000, 0x000000008b000000|  0%| F|  |TAMS 0x000000008af00000| PB 0x000000008af00000| Untracked 
|  28|0x000000008b000000, 0x000000008b000000, 0x000000008b100000|  0%| F|  |TAMS 0x000000008b000000| PB 0x000000008b000000| Untracked 
|  29|0x000000008b100000, 0x000000008b100000, 0x000000008b200000|  0%| F|  |TAMS 0x000000008b100000| PB 0x000000008b100000| Untracked 
|  30|0x000000008b200000, 0x000000008b200000, 0x000000008b300000|  0%| F|  |TAMS 0x000000008b200000| PB 0x000000008b200000| Untracked 
|  31|0x000000008b300000, 0x000000008b300000, 0x000000008b400000|  0%| F|  |TAMS 0x000000008b300000| PB 0x000000008b300000| Untracked 
|  32|0x000000008b400000, 0x000000008b400000, 0x000000008b500000|  0%| F|  |TAMS 0x000000008b400000| PB 0x000000008b400000| Untracked 
|  33|0x000000008b500000, 0x000000008b500000, 0x000000008b600000|  0%| F|  |TAMS 0x000000008b500000| PB 0x000000008b500000| Untracked 
|  34|0x000000008b600000, 0x000000008b600000, 0x000000008b700000|  0%| F|  |TAMS 0x000000008b600000| PB 0x000000008b600000| Untracked 
|  35|0x000000008b700000, 0x000000008b700000, 0x000000008b800000|  0%| F|  |TAMS 0x000000008b700000| PB 0x000000008b700000| Untracked 
|  36|0x000000008b800000, 0x000000008b800000, 0x000000008b900000|  0%| F|  |TAMS 0x000000008b800000| PB 0x000000008b800000| Untracked 
|  37|0x000000008b900000, 0x000000008b900000, 0x000000008ba00000|  0%| F|  |TAMS 0x000000008b900000| PB 0x000000008b900000| Untracked 
|  38|0x000000008ba00000, 0x000000008ba00000, 0x000000008bb00000|  0%| F|  |TAMS 0x000000008ba00000| PB 0x000000008ba00000| Untracked 
|  39|0x000000008bb00000, 0x000000008bb00000, 0x000000008bc00000|  0%| F|  |TAMS 0x000000008bb00000| PB 0x000000008bb00000| Untracked 
|  40|0x000000008bc00000, 0x000000008bc00000, 0x000000008bd00000|  0%| F|  |TAMS 0x000000008bc00000| PB 0x000000008bc00000| Untracked 
|  41|0x000000008bd00000, 0x000000008bd00000, 0x000000008be00000|  0%| F|  |TAMS 0x000000008bd00000| PB 0x000000008bd00000| Untracked 
|  42|0x000000008be00000, 0x000000008be00000, 0x000000008bf00000|  0%| F|  |TAMS 0x000000008be00000| PB 0x000000008be00000| Untracked 
|  43|0x000000008bf00000, 0x000000008bf00000, 0x000000008c000000|  0%| F|  |TAMS 0x000000008bf00000| PB 0x000000008bf00000| Untracked 
|  44|0x000000008c000000, 0x000000008c000000, 0x000000008c100000|  0%| F|  |TAMS 0x000000008c000000| PB 0x000000008c000000| Untracked 
|  45|0x000000008c100000, 0x000000008c100000, 0x000000008c200000|  0%| F|  |TAMS 0x000000008c100000| PB 0x000000008c100000| Untracked 
|  46|0x000000008c200000, 0x000000008c200000, 0x000000008c300000|  0%| F|  |TAMS 0x000000008c200000| PB 0x000000008c200000| Untracked 
|  47|0x000000008c300000, 0x000000008c300000, 0x000000008c400000|  0%| F|  |TAMS 0x000000008c300000| PB 0x000000008c300000| Untracked 
|  48|0x000000008c400000, 0x000000008c400000, 0x000000008c500000|  0%| F|  |TAMS 0x000000008c400000| PB 0x000000008c400000| Untracked 
|  49|0x000000008c500000, 0x000000008c500000, 0x000000008c600000|  0%| F|  |TAMS 0x000000008c500000| PB 0x000000008c500000| Untracked 
|  50|0x000000008c600000, 0x000000008c600000, 0x000000008c700000|  0%| F|  |TAMS 0x000000008c600000| PB 0x000000008c600000| Untracked 
|  51|0x000000008c700000, 0x000000008c700000, 0x000000008c800000|  0%| F|  |TAMS 0x000000008c700000| PB 0x000000008c700000| Untracked 
|  52|0x000000008c800000, 0x000000008c800000, 0x000000008c900000|  0%| F|  |TAMS 0x000000008c800000| PB 0x000000008c800000| Untracked 
|  53|0x000000008c900000, 0x000000008c900000, 0x000000008ca00000|  0%| F|  |TAMS 0x000000008c900000| PB 0x000000008c900000| Untracked 
|  54|0x000000008ca00000, 0x000000008ca00000, 0x000000008cb00000|  0%| F|  |TAMS 0x000000008ca00000| PB 0x000000008ca00000| Untracked 
|  55|0x000000008cb00000, 0x000000008cb00000, 0x000000008cc00000|  0%| F|  |TAMS 0x000000008cb00000| PB 0x000000008cb00000| Untracked 
|  56|0x000000008cc00000, 0x000000008cc00000, 0x000000008cd00000|  0%| F|  |TAMS 0x000000008cc00000| PB 0x000000008cc00000| Untracked 
|  57|0x000000008cd00000, 0x000000008cd00000, 0x000000008ce00000|  0%| F|  |TAMS 0x000000008cd00000| PB 0x000000008cd00000| Untracked 
|  58|0x000000008ce00000, 0x000000008ce00000, 0x000000008cf00000|  0%| F|  |TAMS 0x000000008ce00000| PB 0x000000008ce00000| Untracked 
|  59|0x000000008cf00000, 0x000000008cf00000, 0x000000008d000000|  0%| F|  |TAMS 0x000000008cf00000| PB 0x000000008cf00000| Untracked 
|  60|0x000000008d000000, 0x000000008d000000, 0x000000008d100000|  0%| F|  |TAMS 0x000000008d000000| PB 0x000000008d000000| Untracked 
|  61|0x000000008d100000, 0x000000008d100000, 0x000000008d200000|  0%| F|  |TAMS 0x000000008d100000| PB 0x000000008d100000| Untracked 
|  62|0x000000008d200000, 0x000000008d200000, 0x000000008d300000|  0%| F|  |TAMS 0x000000008d200000| PB 0x000000008d200000| Untracked 
|  63|0x000000008d300000, 0x000000008d300000, 0x000000008d400000|  0%| F|  |TAMS 0x000000008d300000| PB 0x000000008d300000| Untracked 
|  64|0x000000008d400000, 0x000000008d400000, 0x000000008d500000|  0%| F|  |TAMS 0x000000008d400000| PB 0x000000008d400000| Untracked 
|  65|0x000000008d500000, 0x000000008d500000, 0x000000008d600000|  0%| F|  |TAMS 0x000000008d500000| PB 0x000000008d500000| Untracked 
|  66|0x000000008d600000, 0x000000008d600000, 0x000000008d700000|  0%| F|  |TAMS 0x000000008d600000| PB 0x000000008d600000| Untracked 
|  67|0x000000008d700000, 0x000000008d700000, 0x000000008d800000|  0%| F|  |TAMS 0x000000008d700000| PB 0x000000008d700000| Untracked 
|  68|0x000000008d800000, 0x000000008d800000, 0x000000008d900000|  0%| F|  |TAMS 0x000000008d800000| PB 0x000000008d800000| Untracked 
|  69|0x000000008d900000, 0x000000008d900000, 0x000000008da00000|  0%| F|  |TAMS 0x000000008d900000| PB 0x000000008d900000| Untracked 
|  70|0x000000008da00000, 0x000000008da00000, 0x000000008db00000|  0%| F|  |TAMS 0x000000008da00000| PB 0x000000008da00000| Untracked 
|  71|0x000000008db00000, 0x000000008db00000, 0x000000008dc00000|  0%| F|  |TAMS 0x000000008db00000| PB 0x000000008db00000| Untracked 
|  72|0x000000008dc00000, 0x000000008dc00000, 0x000000008dd00000|  0%| F|  |TAMS 0x000000008dc00000| PB 0x000000008dc00000| Untracked 
|  73|0x000000008dd00000, 0x000000008dd00000, 0x000000008de00000|  0%| F|  |TAMS 0x000000008dd00000| PB 0x000000008dd00000| Untracked 
|  74|0x000000008de00000, 0x000000008de00000, 0x000000008df00000|  0%| F|  |TAMS 0x000000008de00000| PB 0x000000008de00000| Untracked 
|  75|0x000000008df00000, 0x000000008df00000, 0x000000008e000000|  0%| F|  |TAMS 0x000000008df00000| PB 0x000000008df00000| Untracked 
|  76|0x000000008e000000, 0x000000008e000000, 0x000000008e100000|  0%| F|  |TAMS 0x000000008e000000| PB 0x000000008e000000| Untracked 
|  77|0x000000008e100000, 0x000000008e100000, 0x000000008e200000|  0%| F|  |TAMS 0x000000008e100000| PB 0x000000008e100000| Untracked 
|  78|0x000000008e200000, 0x000000008e200000, 0x000000008e300000|  0%| F|  |TAMS 0x000000008e200000| PB 0x000000008e200000| Untracked 
|  79|0x000000008e300000, 0x000000008e300000, 0x000000008e400000|  0%| F|  |TAMS 0x000000008e300000| PB 0x000000008e300000| Untracked 
|  80|0x000000008e400000, 0x000000008e400000, 0x000000008e500000|  0%| F|  |TAMS 0x000000008e400000| PB 0x000000008e400000| Untracked 
|  81|0x000000008e500000, 0x000000008e500000, 0x000000008e600000|  0%| F|  |TAMS 0x000000008e500000| PB 0x000000008e500000| Untracked 
|  82|0x000000008e600000, 0x000000008e600000, 0x000000008e700000|  0%| F|  |TAMS 0x000000008e600000| PB 0x000000008e600000| Untracked 
|  83|0x000000008e700000, 0x000000008e700000, 0x000000008e800000|  0%| F|  |TAMS 0x000000008e700000| PB 0x000000008e700000| Untracked 
|  84|0x000000008e800000, 0x000000008e800000, 0x000000008e900000|  0%| F|  |TAMS 0x000000008e800000| PB 0x000000008e800000| Untracked 
|  85|0x000000008e900000, 0x000000008e900000, 0x000000008ea00000|  0%| F|  |TAMS 0x000000008e900000| PB 0x000000008e900000| Untracked 
|  86|0x000000008ea00000, 0x000000008ea00000, 0x000000008eb00000|  0%| F|  |TAMS 0x000000008ea00000| PB 0x000000008ea00000| Untracked 
|  87|0x000000008eb00000, 0x000000008eb00000, 0x000000008ec00000|  0%| F|  |TAMS 0x000000008eb00000| PB 0x000000008eb00000| Untracked 
|  88|0x000000008ec00000, 0x000000008ec00000, 0x000000008ed00000|  0%| F|  |TAMS 0x000000008ec00000| PB 0x000000008ec00000| Untracked 
|  89|0x000000008ed00000, 0x000000008ed00000, 0x000000008ee00000|  0%| F|  |TAMS 0x000000008ed00000| PB 0x000000008ed00000| Untracked 
|  90|0x000000008ee00000, 0x000000008ee00000, 0x000000008ef00000|  0%| F|  |TAMS 0x000000008ee00000| PB 0x000000008ee00000| Untracked 
|  91|0x000000008ef00000, 0x000000008ef00000, 0x000000008f000000|  0%| F|  |TAMS 0x000000008ef00000| PB 0x000000008ef00000| Untracked 
|  92|0x000000008f000000, 0x000000008f000000, 0x000000008f100000|  0%| F|  |TAMS 0x000000008f000000| PB 0x000000008f000000| Untracked 
|  93|0x000000008f100000, 0x000000008f100000, 0x000000008f200000|  0%| F|  |TAMS 0x000000008f100000| PB 0x000000008f100000| Untracked 
|  94|0x000000008f200000, 0x000000008f200000, 0x000000008f300000|  0%| F|  |TAMS 0x000000008f200000| PB 0x000000008f200000| Untracked 
|  95|0x000000008f300000, 0x000000008f300000, 0x000000008f400000|  0%| F|  |TAMS 0x000000008f300000| PB 0x000000008f300000| Untracked 
|  96|0x000000008f400000, 0x000000008f400000, 0x000000008f500000|  0%| F|  |TAMS 0x000000008f400000| PB 0x000000008f400000| Untracked 
|  97|0x000000008f500000, 0x000000008f500000, 0x000000008f600000|  0%| F|  |TAMS 0x000000008f500000| PB 0x000000008f500000| Untracked 
|  98|0x000000008f600000, 0x000000008f600000, 0x000000008f700000|  0%| F|  |TAMS 0x000000008f600000| PB 0x000000008f600000| Untracked 
|  99|0x000000008f700000, 0x000000008f700000, 0x000000008f800000|  0%| F|  |TAMS 0x000000008f700000| PB 0x000000008f700000| Untracked 
| 100|0x000000008f800000, 0x000000008f800000, 0x000000008f900000|  0%| F|  |TAMS 0x000000008f800000| PB 0x000000008f800000| Untracked 
| 101|0x000000008f900000, 0x000000008f900000, 0x000000008fa00000|  0%| F|  |TAMS 0x000000008f900000| PB 0x000000008f900000| Untracked 
| 102|0x000000008fa00000, 0x000000008fa00000, 0x000000008fb00000|  0%| F|  |TAMS 0x000000008fa00000| PB 0x000000008fa00000| Untracked 
| 103|0x000000008fb00000, 0x000000008fb00000, 0x000000008fc00000|  0%| F|  |TAMS 0x000000008fb00000| PB 0x000000008fb00000| Untracked 
| 104|0x000000008fc00000, 0x000000008fc00000, 0x000000008fd00000|  0%| F|  |TAMS 0x000000008fc00000| PB 0x000000008fc00000| Untracked 
| 105|0x000000008fd00000, 0x000000008fd00000, 0x000000008fe00000|  0%| F|  |TAMS 0x000000008fd00000| PB 0x000000008fd00000| Untracked 
| 106|0x000000008fe00000, 0x000000008fe00000, 0x000000008ff00000|  0%| F|  |TAMS 0x000000008fe00000| PB 0x000000008fe00000| Untracked 
| 107|0x000000008ff00000, 0x000000008ff00000, 0x0000000090000000|  0%| F|  |TAMS 0x000000008ff00000| PB 0x000000008ff00000| Untracked 
| 108|0x0000000090000000, 0x0000000090000000, 0x0000000090100000|  0%| F|  |TAMS 0x0000000090000000| PB 0x0000000090000000| Untracked 
| 109|0x0000000090100000, 0x0000000090100000, 0x0000000090200000|  0%| F|  |TAMS 0x0000000090100000| PB 0x0000000090100000| Untracked 
| 110|0x0000000090200000, 0x00000000902ec488, 0x0000000090300000| 92%| E|  |TAMS 0x0000000090200000| PB 0x0000000090200000| Complete 
| 111|0x0000000090300000, 0x0000000090400000, 0x0000000090400000|100%| E|CS|TAMS 0x0000000090300000| PB 0x0000000090300000| Complete 
| 112|0x0000000090400000, 0x0000000090500000, 0x0000000090500000|100%| E|CS|TAMS 0x0000000090400000| PB 0x0000000090400000| Complete 
| 113|0x0000000090500000, 0x0000000090600000, 0x0000000090600000|100%| E|CS|TAMS 0x0000000090500000| PB 0x0000000090500000| Complete 
| 114|0x0000000090600000, 0x0000000090700000, 0x0000000090700000|100%| E|  |TAMS 0x0000000090600000| PB 0x0000000090600000| Complete 
| 115|0x0000000090700000, 0x0000000090800000, 0x0000000090800000|100%| E|CS|TAMS 0x0000000090700000| PB 0x0000000090700000| Complete 
| 116|0x0000000090800000, 0x0000000090900000, 0x0000000090900000|100%| E|CS|TAMS 0x0000000090800000| PB 0x0000000090800000| Complete 
| 117|0x0000000090900000, 0x0000000090a00000, 0x0000000090a00000|100%| E|CS|TAMS 0x0000000090900000| PB 0x0000000090900000| Complete 
| 118|0x0000000090a00000, 0x0000000090b00000, 0x0000000090b00000|100%| E|CS|TAMS 0x0000000090a00000| PB 0x0000000090a00000| Complete 
| 119|0x0000000090b00000, 0x0000000090c00000, 0x0000000090c00000|100%| E|CS|TAMS 0x0000000090b00000| PB 0x0000000090b00000| Complete 

Card table byte_map: [0x0000018c194e0000,0x0000018c198a0000] _byte_map_base: 0x0000018c19096000

Marking Bits: (CMBitMap*) 0x0000018c7fdf5610
 Bits: [0x0000018c198a0000, 0x0000018c1b650000)

Polling page: 0x0000018c7fb40000

Metaspace:

Usage:
  Non-class:      2.16 MB used.
      Class:    207.42 KB used.
       Both:      2.36 MB used.

Virtual space:
  Non-class space:       64.00 MB reserved,       2.19 MB (  3%) committed,  1 nodes.
      Class space:        1.00 GB reserved,     256.00 KB ( <1%) committed,  1 nodes.
             Both:        1.06 GB reserved,       2.44 MB ( <1%) committed. 

Chunk freelists:
   Non-Class:  11.36 MB
       Class:  15.65 MB
        Both:  27.01 MB

MaxMetaspaceSize: unlimited
CompressedClassSpaceSize: 1.00 GB
Initial GC threshold: 21.00 MB
Current GC threshold: 21.00 MB
CDS: on
 - commit_granule_bytes: 65536.
 - commit_granule_words: 8192.
 - virtual_space_node_default_size: 8388608.
 - enlarge_chunks_in_place: 1.
 - use_allocation_guard: 0.


Internal statistics:

num_allocs_failed_limit: 0.
num_arena_births: 74.
num_arena_deaths: 0.
num_vsnodes_births: 2.
num_vsnodes_deaths: 0.
num_space_committed: 39.
num_space_uncommitted: 0.
num_chunks_returned_to_freelist: 0.
num_chunks_taken_from_freelist: 130.
num_chunk_merges: 0.
num_chunk_splits: 78.
num_chunks_enlarged: 30.
num_inconsistent_stats: 0.

CodeHeap 'non-profiled nmethods': size=120000Kb used=231Kb max_used=231Kb free=119768Kb
 bounds [0x0000018c11280000, 0x0000018c114f0000, 0x0000018c187b0000]
CodeHeap 'profiled nmethods': size=120000Kb used=965Kb max_used=965Kb free=119034Kb
 bounds [0x0000018c097b0000, 0x0000018c09a20000, 0x0000018c10ce0000]
CodeHeap 'non-nmethods': size=5760Kb used=1331Kb max_used=1346Kb free=4428Kb
 bounds [0x0000018c10ce0000, 0x0000018c10f50000, 0x0000018c11280000]
 total_blobs=1087 nmethods=645 adapters=347
 compilation: enabled
              stopped_count=0, restarted_count=0
 full_count=0

Compilation events (20 events):
Event: 0.453 Thread 0x0000018c1e07fc60 nmethod 635 0x0000018c0989d110 code [0x0000018c0989d2c0, 0x0000018c0989d528]
Event: 0.453 Thread 0x0000018c1e07fc60  630       3       java.lang.invoke.LambdaForm$Name::isParam (13 bytes)
Event: 0.453 Thread 0x0000018c1e07fc60 nmethod 630 0x0000018c0989d610 code [0x0000018c0989d7a0, 0x0000018c0989d908]
Event: 0.454 Thread 0x0000018c1e07fc60  631       3       jdk.internal.org.objectweb.asm.SymbolTable::addConstantClass (8 bytes)
Event: 0.454 Thread 0x0000018c1e07fc60 nmethod 631 0x0000018c0989d990 code [0x0000018c0989db40, 0x0000018c0989dc88]
Event: 0.454 Thread 0x0000018c1e07fc60  636       3       java.lang.invoke.LambdaForm$NamedFunction::methodType (28 bytes)
Event: 0.454 Thread 0x0000018c1e07fc60 nmethod 636 0x0000018c0989dd10 code [0x0000018c0989dee0, 0x0000018c0989e200]
Event: 0.454 Thread 0x0000018c1e07fc60  639       3       java.lang.invoke.MemberName::isStatic (8 bytes)
Event: 0.454 Thread 0x0000018c1e07fc60 nmethod 639 0x0000018c0989e310 code [0x0000018c0989e4c0, 0x0000018c0989e688]
Event: 0.454 Thread 0x0000018c1e07fc60  640       3       java.lang.invoke.LambdaForm::parameterType (9 bytes)
Event: 0.454 Thread 0x0000018c1e07fc60 nmethod 640 0x0000018c0989e710 code [0x0000018c0989e8c0, 0x0000018c0989ea20]
Event: 0.454 Thread 0x0000018c1e07fc60  643       3       jdk.internal.org.objectweb.asm.MethodWriter::visitVarInsn (302 bytes)
Event: 0.454 Thread 0x0000018c1e458000 nmethod 625 0x0000018c112b8590 code [0x0000018c112b8760, 0x0000018c112b8b40]
Event: 0.455 Thread 0x0000018c1e07bcc0  644       4       java.util.zip.ZipFile$Source::getEntryPos (164 bytes)
Event: 0.455 Thread 0x0000018c1e07fc60 nmethod 643 0x0000018c0989eb10 code [0x0000018c0989ed80, 0x0000018c0989f710]
Event: 0.455 Thread 0x0000018c1e07fc60  641       3       java.lang.invoke.InvokerBytecodeGenerator::emitLoadInsn (21 bytes)
Event: 0.455 Thread 0x0000018c1e07fc60 nmethod 641 0x0000018c0989f990 code [0x0000018c0989fb60, 0x0000018c0989fdb8]
Event: 0.455 Thread 0x0000018c1e07fc60  642       3       java.lang.invoke.InvokerBytecodeGenerator::loadInsnOpcode (98 bytes)
Event: 0.456 Thread 0x0000018c1e07fc60 nmethod 642 0x0000018c0989ff10 code [0x0000018c098a0180, 0x0000018c098a0ae0]
Event: 0.456 Thread 0x0000018c1e07fc60  645       3       java.util.ArrayDeque::pollFirst (36 bytes)

GC Heap History (0 events):
No events

Dll operation events (10 events):
Event: 0.013 Loaded shared library C:\Program Files\Java\jdk-21\bin\java.dll
Event: 0.052 Loaded shared library C:\Program Files\Java\jdk-21\bin\jsvml.dll
Event: 0.160 Loaded shared library C:\Program Files\Java\jdk-21\bin\zip.dll
Event: 0.166 Loaded shared library C:\Program Files\Java\jdk-21\bin\instrument.dll
Event: 0.172 Loaded shared library C:\Program Files\Java\jdk-21\bin\net.dll
Event: 0.174 Loaded shared library C:\Program Files\Java\jdk-21\bin\nio.dll
Event: 0.179 Loaded shared library C:\Program Files\Java\jdk-21\bin\zip.dll
Event: 0.306 Loaded shared library C:\Program Files\JetBrains\IntelliJ IDEA Community Edition 2023.3.4\bin\breakgen64.dll
Event: 0.317 Loaded shared library C:\Program Files\Java\jdk-21\bin\extnet.dll
Event: 0.358 Loaded shared library C:\Program Files\Java\jdk-21\bin\jimage.dll

Deoptimization events (20 events):
Event: 0.210 Thread 0x0000018c7f7c87b0 DEOPT PACKING pc=0x0000018c11294914 sp=0x0000006ce5afe160
Event: 0.210 Thread 0x0000018c7f7c87b0 DEOPT UNPACKING pc=0x0000018c10d346a2 sp=0x0000006ce5afe0d0 mode 2
Event: 0.233 Thread 0x0000018c7f7c87b0 DEOPT PACKING pc=0x0000018c097bc378 sp=0x0000006ce5afdf30
Event: 0.233 Thread 0x0000018c7f7c87b0 DEOPT UNPACKING pc=0x0000018c10d34e42 sp=0x0000006ce5afd350 mode 0
Event: 0.308 Thread 0x0000018c7f7c87b0 Uncommon trap: trap_request=0xffffff45 fr.pc=0x0000018c112816e0 relative=0x00000000000000c0
Event: 0.308 Thread 0x0000018c7f7c87b0 Uncommon trap: reason=unstable_if action=reinterpret pc=0x0000018c112816e0 method=java.lang.String.isLatin1()Z @ 10 c2
Event: 0.308 Thread 0x0000018c7f7c87b0 DEOPT PACKING pc=0x0000018c112816e0 sp=0x0000006ce5afeed0
Event: 0.308 Thread 0x0000018c7f7c87b0 DEOPT UNPACKING pc=0x0000018c10d346a2 sp=0x0000006ce5afee10 mode 2
Event: 0.363 Thread 0x0000018c7f7c87b0 Uncommon trap: trap_request=0xffffff45 fr.pc=0x0000018c11297790 relative=0x0000000000000070
Event: 0.363 Thread 0x0000018c7f7c87b0 Uncommon trap: reason=unstable_if action=reinterpret pc=0x0000018c11297790 method=java.io.WinNTFileSystem.isSlash(C)Z @ 9 c2
Event: 0.363 Thread 0x0000018c7f7c87b0 DEOPT PACKING pc=0x0000018c11297790 sp=0x0000006ce5afdbd0
Event: 0.363 Thread 0x0000018c7f7c87b0 DEOPT UNPACKING pc=0x0000018c10d346a2 sp=0x0000006ce5afdb58 mode 2
Event: 0.410 Thread 0x0000018c7f7c87b0 Uncommon trap: trap_request=0xffffff6e fr.pc=0x0000018c112a77fc relative=0x000000000000015c
Event: 0.410 Thread 0x0000018c7f7c87b0 Uncommon trap: reason=loop_limit_check action=maybe_recompile pc=0x0000018c112a77fc method=java.lang.StringLatin1.lastIndexOf([BII)I @ 19 c2
Event: 0.410 Thread 0x0000018c7f7c87b0 DEOPT PACKING pc=0x0000018c112a77fc sp=0x0000006ce5afcb50
Event: 0.411 Thread 0x0000018c7f7c87b0 DEOPT UNPACKING pc=0x0000018c10d346a2 sp=0x0000006ce5afcad0 mode 2
Event: 0.412 Thread 0x0000018c7f7c87b0 Uncommon trap: trap_request=0xffffff45 fr.pc=0x0000018c1128f820 relative=0x0000000000000860
Event: 0.412 Thread 0x0000018c7f7c87b0 Uncommon trap: reason=unstable_if action=reinterpret pc=0x0000018c1128f820 method=java.util.HashMap.putVal(ILjava/lang/Object;Ljava/lang/Object;ZZ)Ljava/lang/Object; @ 69 c2
Event: 0.412 Thread 0x0000018c7f7c87b0 DEOPT PACKING pc=0x0000018c1128f820 sp=0x0000006ce5afc6d0
Event: 0.412 Thread 0x0000018c7f7c87b0 DEOPT UNPACKING pc=0x0000018c10d346a2 sp=0x0000006ce5afc680 mode 2

Classes loaded (20 events):
Event: 0.420 Loading class java/security/GeneralSecurityException done
Event: 0.420 Loading class sun/security/provider/PolicyParser$ParsingException done
Event: 0.420 Loading class sun/security/provider/PolicyFile$6
Event: 0.420 Loading class sun/security/provider/PolicyFile$6 done
Event: 0.421 Loading class sun/security/provider/PolicyFile$8
Event: 0.421 Loading class sun/security/provider/PolicyFile$8 done
Event: 0.421 Loading class sun/security/provider/PolicyFile$SelfPermission
Event: 0.421 Loading class sun/security/provider/PolicyFile$SelfPermission done
Event: 0.421 Loading class java/net/SocketPermissionCollection
Event: 0.421 Loading class java/net/SocketPermissionCollection done
Event: 0.422 Loading class java/util/PropertyPermissionCollection
Event: 0.422 Loading class java/util/PropertyPermissionCollection done
Event: 0.423 Loading class java/io/FilePermissionCollection
Event: 0.423 Loading class java/io/FilePermissionCollection done
Event: 0.424 Loading class java/security/PermissionsEnumerator
Event: 0.424 Loading class java/security/PermissionsEnumerator done
Event: 0.425 Loading class java/security/AccessControlException
Event: 0.425 Loading class java/security/AccessControlException done
Event: 0.456 Loading class java/net/MalformedURLException
Event: 0.456 Loading class java/net/MalformedURLException done

Classes unloaded (0 events):
No events

Classes redefined (0 events):
No events

Internal exceptions (7 events):
Event: 0.295 Thread 0x0000018c7f7c87b0 Exception <a 'java/lang/NoSuchMethodError'{0x0000000090554858}: 'void java.lang.invoke.DirectMethodHandle$Holder.invokeStatic(java.lang.Object, java.lang.Object, java.lang.Object)'> (0x0000000090554858) 
thrown [s\open\src\hotspot\share\interpreter\linkResolver.cpp, line 773]
Event: 0.301 Thread 0x0000018c7f7c87b0 Exception <a 'java/lang/NoSuchMethodError'{0x000000009056bd60}: 'java.lang.Object java.lang.invoke.Invokers$Holder.invokeExact_MT(java.lang.Object, java.lang.Object, java.lang.Object, java.lang.Object, java.lang.Object)'> (0x000000009056bd60) 
thrown [s\open\src\hotspot\share\interpreter\linkResolver.cpp, line 773]
Event: 0.319 Thread 0x0000018c1e5b13f0 Exception <a 'java/lang/NoSuchMethodError'{0x0000000090598c58}: 'void java.lang.invoke.DirectMethodHandle$Holder.invokeStatic(java.lang.Object, java.lang.Object)'> (0x0000000090598c58) 
thrown [s\open\src\hotspot\share\interpreter\linkResolver.cpp, line 773]
Event: 0.415 Thread 0x0000018c7f7c87b0 Exception <a 'java/lang/ClassNotFoundException'{0x00000000902348b8}: javax/smartcardio/CardPermission> (0x00000000902348b8) 
thrown [s\open\src\hotspot\share\classfile\systemDictionary.cpp, line 312]
Event: 0.420 Thread 0x0000018c7f7c87b0 Exception <a 'java/io/FileNotFoundException'{0x00000000902430b0}> (0x00000000902430b0) 
thrown [s\open\src\hotspot\share\prims\jni.cpp, line 520]
Event: 0.454 Thread 0x0000018c7f7c87b0 Exception <a 'java/lang/NoSuchMethodError'{0x00000000902cbc30}: 'java.lang.Object java.lang.invoke.DirectMethodHandle$Holder.invokeSpecial(java.lang.Object, java.lang.Object, java.lang.Object, long, java.lang.Object)'> (0x00000000902cbc30) 
thrown [s\open\src\hotspot\share\interpreter\linkResolver.cpp, line 773]
Event: 0.454 Thread 0x0000018c7f7c87b0 Exception <a 'java/lang/NoSuchMethodError'{0x00000000902cf580}: 'java.lang.Object java.lang.invoke.Invokers$Holder.linkToTargetMethod(java.lang.Object, long, java.lang.Object, java.lang.Object)'> (0x00000000902cf580) 
thrown [s\open\src\hotspot\share\interpreter\linkResolver.cpp, line 773]

ZGC Phase Switch (0 events):
No events

VM Operations (4 events):
Event: 0.140 Executing VM operation: HandshakeAllThreads (Deoptimize)
Event: 0.140 Executing VM operation: HandshakeAllThreads (Deoptimize) done
Event: 0.363 Executing VM operation: HandshakeAllThreads (Deoptimize)
Event: 0.363 Executing VM operation: HandshakeAllThreads (Deoptimize) done

Events (13 events):
Event: 0.031 Thread 0x0000018c7f7c87b0 Thread added: 0x0000018c7f7c87b0
Event: 0.049 Thread 0x0000018c1e073be0 Thread added: 0x0000018c1e073be0
Event: 0.049 Thread 0x0000018c1e074900 Thread added: 0x0000018c1e074900
Event: 0.049 Thread 0x0000018c1e077690 Thread added: 0x0000018c1e077690
Event: 0.049 Thread 0x0000018c1e078450 Thread added: 0x0000018c1e078450
Event: 0.049 Thread 0x0000018c1e078eb0 Thread added: 0x0000018c1e078eb0
Event: 0.049 Thread 0x0000018c1e079910 Thread added: 0x0000018c1e079910
Event: 0.049 Thread 0x0000018c1e07bcc0 Thread added: 0x0000018c1e07bcc0
Event: 0.050 Thread 0x0000018c1e07fc60 Thread added: 0x0000018c1e07fc60
Event: 0.128 Thread 0x0000018c1e2abad0 Thread added: 0x0000018c1e2abad0
Event: 0.200 Thread 0x0000018c1e458000 Thread added: 0x0000018c1e458000
Event: 0.307 Thread 0x0000018c1e5b13f0 Thread added: 0x0000018c1e5b13f0
Event: 0.307 Thread 0x0000018c1e5b1a60 Thread added: 0x0000018c1e5b1a60


Dynamic libraries:
0x00007ff791390000 - 0x00007ff7913a0000 	C:\Program Files\Java\jdk-21\bin\java.exe
0x00007ff81f2d0000 - 0x00007ff81f4e7000 	C:\WINDOWS\SYSTEM32\ntdll.dll
0x00007ff81dc30000 - 0x00007ff81dcf4000 	C:\WINDOWS\System32\KERNEL32.DLL
0x00007ff81c610000 - 0x00007ff81c9b6000 	C:\WINDOWS\System32\KERNELBASE.dll
0x00007ff81cf00000 - 0x00007ff81d011000 	C:\WINDOWS\System32\ucrtbase.dll
0x00007ff818ab0000 - 0x00007ff818ac9000 	C:\Program Files\Java\jdk-21\bin\jli.dll
0x00007ff814e60000 - 0x00007ff814e7b000 	C:\Program Files\Java\jdk-21\bin\VCRUNTIME140.dll
0x00007ff81f1d0000 - 0x00007ff81f283000 	C:\WINDOWS\System32\ADVAPI32.dll
0x00007ff81eb90000 - 0x00007ff81ec37000 	C:\WINDOWS\System32\msvcrt.dll
0x00007ff81d550000 - 0x00007ff81d5f8000 	C:\WINDOWS\System32\sechost.dll
0x00007ff81ca70000 - 0x00007ff81ca98000 	C:\WINDOWS\System32\bcrypt.dll
0x00007ff81d020000 - 0x00007ff81d137000 	C:\WINDOWS\System32\RPCRT4.dll
0x00007ff81ee00000 - 0x00007ff81efae000 	C:\WINDOWS\System32\USER32.dll
0x00007ff81c9c0000 - 0x00007ff81c9e6000 	C:\WINDOWS\System32\win32u.dll
0x00007ff81b980000 - 0x00007ff81bc13000 	C:\WINDOWS\WinSxS\amd64_microsoft.windows.common-controls_6595b64144ccf1df_6.0.22621.2506_none_270c5ae97388e100\COMCTL32.dll
0x00007ff81d520000 - 0x00007ff81d549000 	C:\WINDOWS\System32\GDI32.dll
0x00007ff81cc70000 - 0x00007ff81cd88000 	C:\WINDOWS\System32\gdi32full.dll
0x00007ff81caa0000 - 0x00007ff81cb3a000 	C:\WINDOWS\System32\msvcp_win.dll
0x00007ff81aae0000 - 0x00007ff81aaea000 	C:\WINDOWS\SYSTEM32\VERSION.dll
0x00007ff81dde0000 - 0x00007ff81de11000 	C:\WINDOWS\System32\IMM32.DLL
0x00007ff81be70000 - 0x00007ff81be7c000 	C:\Program Files\Java\jdk-21\bin\vcruntime140_1.dll
0x00007ff80e770000 - 0x00007ff80e7fe000 	C:\Program Files\Java\jdk-21\bin\msvcp140.dll
0x00007fffe92c0000 - 0x00007fffe9fd7000 	C:\Program Files\Java\jdk-21\bin\server\jvm.dll
0x00007ff81d3a0000 - 0x00007ff81d411000 	C:\WINDOWS\System32\WS2_32.dll
0x00007ff81c170000 - 0x00007ff81c1bd000 	C:\WINDOWS\SYSTEM32\POWRPROF.dll
0x00007ff812070000 - 0x00007ff8120a4000 	C:\WINDOWS\SYSTEM32\WINMM.dll
0x00007ff81bc60000 - 0x00007ff81bc73000 	C:\WINDOWS\SYSTEM32\UMPDC.dll
0x00007ff81a7a0000 - 0x00007ff81a7b8000 	C:\WINDOWS\SYSTEM32\kernel.appcore.dll
0x00007ff81b360000 - 0x00007ff81b36a000 	C:\Program Files\Java\jdk-21\bin\jimage.dll
0x00007ff81bf30000 - 0x00007ff81c163000 	C:\WINDOWS\SYSTEM32\DBGHELP.DLL
0x00007ff81d700000 - 0x00007ff81da89000 	C:\WINDOWS\System32\combase.dll
0x00007ff81daa0000 - 0x00007ff81db77000 	C:\WINDOWS\System32\OLEAUT32.dll
0x00007ff81be20000 - 0x00007ff81be52000 	C:\WINDOWS\SYSTEM32\dbgcore.DLL
0x00007ff81c9f0000 - 0x00007ff81ca6a000 	C:\WINDOWS\System32\bcryptPrimitives.dll
0x00007ff81b370000 - 0x00007ff81b37f000 	C:\Program Files\Java\jdk-21\bin\instrument.dll
0x00007ff80e290000 - 0x00007ff80e2af000 	C:\Program Files\Java\jdk-21\bin\java.dll
0x00007ff81e330000 - 0x00007ff81eb8b000 	C:\WINDOWS\System32\SHELL32.dll
0x00007ff819610000 - 0x00007ff819f06000 	C:\WINDOWS\SYSTEM32\windows.storage.dll
0x00007ff8194d0000 - 0x00007ff81960e000 	C:\WINDOWS\SYSTEM32\wintypes.dll
0x00007ff81d600000 - 0x00007ff81d6f3000 	C:\WINDOWS\System32\SHCORE.dll
0x00007ff81efb0000 - 0x00007ff81f00e000 	C:\WINDOWS\System32\shlwapi.dll
0x00007ff81c540000 - 0x00007ff81c566000 	C:\WINDOWS\SYSTEM32\profapi.dll
0x00007ffffb0c0000 - 0x00007ffffb197000 	C:\Program Files\Java\jdk-21\bin\jsvml.dll
0x00007ff814e20000 - 0x00007ff814e38000 	C:\Program Files\Java\jdk-21\bin\zip.dll
0x00007ff818b60000 - 0x00007ff818b70000 	C:\Program Files\Java\jdk-21\bin\net.dll
0x00007ff815f50000 - 0x00007ff816087000 	C:\WINDOWS\SYSTEM32\WINHTTP.dll
0x00007ff81ac00000 - 0x00007ff81ac69000 	C:\WINDOWS\system32\mswsock.dll
0x00007ff814e40000 - 0x00007ff814e56000 	C:\Program Files\Java\jdk-21\bin\nio.dll
0x00007ff818b30000 - 0x00007ff818b4a000 	C:\Program Files\JetBrains\IntelliJ IDEA Community Edition 2023.3.4\bin\breakgen64.dll
0x00007ff818c30000 - 0x00007ff818c39000 	C:\Program Files\Java\jdk-21\bin\extnet.dll

dbghelp: loaded successfully - version: 4.0.5 - missing functions: none
symbol engine: initialized successfully - sym options: 0x614 - pdb path: .;C:\Program Files\Java\jdk-21\bin;C:\WINDOWS\SYSTEM32;C:\WINDOWS\WinSxS\amd64_microsoft.windows.common-controls_6595b64144ccf1df_6.0.22621.2506_none_270c5ae97388e100;C:\Program Files\Java\jdk-21\bin\server;C:\Program Files\JetBrains\IntelliJ IDEA Community Edition 2023.3.4\bin

VM Arguments:
jvm_args: -javaagent:C:\Program Files\JetBrains\IntelliJ IDEA Community Edition 2023.3.4\lib\idea_rt.jar=51917:C:\Program Files\JetBrains\IntelliJ IDEA Community Edition 2023.3.4\bin -Dfile.encoding=UTF-8 -Dsun.stdout.encoding=UTF-8 -Dsun.stderr.encoding=UTF-8 
java_command: com.yash.quizapp.QuizappApplication
java_class_path (initial): D:\Spring Projects\quizapp\target\classes;C:\Users\yashr\.m2\repository\org\springframework\security\spring-security-crypto\6.2.2\spring-security-crypto-6.2.2.jar;C:\Users\yashr\.m2\repository\org\springframework\boot\spring-boot-starter-data-jpa\3.2.3\spring-boot-starter-data-jpa-3.2.3.jar;C:\Users\yashr\.m2\repository\org\springframework\boot\spring-boot-starter-aop\3.2.3\spring-boot-starter-aop-3.2.3.jar;C:\Users\yashr\.m2\repository\org\springframework\spring-aop\6.1.4\spring-aop-6.1.4.jar;C:\Users\yashr\.m2\repository\org\aspectj\aspectjweaver\1.9.21\aspectjweaver-1.9.21.jar;C:\Users\yashr\.m2\repository\org\springframework\boot\spring-boot-starter-jdbc\3.2.3\spring-boot-starter-jdbc-3.2.3.jar;C:\Users\yashr\.m2\repository\com\zaxxer\HikariCP\5.0.1\HikariCP-5.0.1.jar;C:\Users\yashr\.m2\repository\org\springframework\spring-jdbc\6.1.4\spring-jdbc-6.1.4.jar;C:\Users\yashr\.m2\repository\org\hibernate\orm\hibernate-core\6.4.4.Final\hibernate-core-6.4.4.Final.jar;C:\Users\yashr\.m2\repository\jakarta\persistence\jakarta.persistence-api\3.1.0\jakarta.persistence-api-3.1.0.jar;C:\Users\yashr\.m2\repository\jakarta\transaction\jakarta.transaction-api\2.0.1\jakarta.transaction-api-2.0.1.jar;C:\Users\yashr\.m2\repository\org\jboss\logging\jboss-logging\3.5.3.Final\jboss-logging-3.5.3.Final.jar;C:\Users\yashr\.m2\repository\org\hibernate\common\hibernate-commons-annotations\6.0.6.Final\hibernate-commons-annotations-6.0.6.Final.jar;C:\Users\yashr\.m2\repository\io\smallrye\jandex\3.1.2\jandex-3.1.2.jar;C:\Users\yashr\.m2\repository\com\fasterxml\classmate\1.6.0\classmate-1.6.0.jar;C:\Users\yashr\.m2\repository\net\bytebuddy\byte-buddy\1.14.12\byte-buddy-1.14.12.jar;C:\Users\yashr\.m2\repository\org\glassfish\jaxb\jaxb-runtime\4.0.4\jaxb-runtime-4.0.4.jar;C:\Users\yashr\.m2\repository\org\glassfish\jaxb\jaxb-core\4.0.4\jaxb-core-4.0.4.jar;C:\Users\yashr\.m2\repository\org\eclipse\angus\angus-activation\2.0.1\angus-activation-2.0.1.jar;C:\Users\yashr\.m2\repository\org\glassfish\jaxb\txw2\4.0.4\txw2-4.0.4.jar;C:\Users\yashr\.m2\repository\com\sun\istack\istack-commons-runtime\4.1.2\istack-commons-runtime-4.1.2.jar;C:\Users\yashr\.m2\repository\jakarta\inject\jakarta.inject-api\2.0.1\jakarta.inject-api-2.0.1.jar;C:\Users\yashr\.m2\repository\org\antlr\antlr4-runtime\4.13.0\antlr4-runtime-4.13.0.jar;C:\Users\yashr\.m2\repository\org\springframework\data\spring-data-jpa\3.2.3\spring-data-jpa-3.2.3.jar;C:\Users\yashr\.m2\repository\org\springframework\data\spring-data-commons\3.2.3\spring-data-commons-3.2.3.jar;C:\Users\yashr\.m2\repository\org\springframework\spring-orm\6.1.4\spring-orm-6.1.4.jar;C:\Users\yashr\.m2\repository\org\springframework\spring-context\6.1.4\spring-context-6.1.4.jar;C:\Users\yashr\.m2\repository\org\springframework\spring-tx\6.1.4\spring-tx-6.1.4.jar;C:\Users\yashr\.m2\repository\org\springframework\spring-beans\6.1.4\spring-beans-6.1.4.jar;C:\Users\yashr\.m2\repository\jakarta\annotation\jakarta.annotation-api\2.1.1\jakarta.annotation-api-2.1.1.jar;C:\Users\yashr\.m2\repository\org\slf4j\slf4j-api\2.0.12\slf4j-api-2.0.12.jar;C:\Users\yashr\.m2\repository\org\springframework\spring-aspects\6.1.4\spring-aspects-6.1.4.jar;C:\Users\yashr\.m2\repository\org\springframework\boot\spring-boot-starter-web\3.2.3\spring-boot-starter-web-3.2.3.jar;C:\Users\yashr\.m2\repository\org\springframework\boot\spring-boot-starter\3.2.3\spring-boot-starter-3.2.3.jar;C:\Users\yashr\.m2\repository\org\springframework\boot\spring-boot\3.2.3\spring-boot-3.2.3.jar;C:\Users\yashr\.m2\repository\org\springframework\boot\spring-boot-autoconfigure\3.2.3\spring-boot-autoconfigure-3.2.3.jar;C:\Users\yashr\.m2\repository\org\springframework\boot\spring-boot-starter-logging\3.2.3\spring-boot-starter-logging-3.2.3.jar;C:\Users\yashr\.m2\repository\ch\qos\logback\logback-classic\1.4.14\logback-classic-1.4.14.jar;C:\Users\yashr\.m2\repository\ch\qos\logback\logback-core\1.4.14\logback-core-1.4.14.jar;C:\Users\yashr\.m2\repository\org\apache\logging\log4j\log4j-to-slf4j\2.21.1\log4j-to-slf4j-2.21.1.jar;C:\Users\yashr\.m2\repository\org\apache\logging\log4j\log4j-api\2.21.1\log4j-api-2.21.1.jar;C:\Users\yashr\.m2\repository\org\slf4j\jul-to-slf4j\2.0.12\jul-to-slf4j-2.0.12.jar;C:\Users\yashr\.m2\repository\org\yaml\snakeyaml\2.2\snakeyaml-2.2.jar;C:\Users\yashr\.m2\repository\org\springframework\boot\spring-boot-starter-json\3.2.3\spring-boot-starter-json-3.2.3.jar;C:\Users\yashr\.m2\repository\com\fasterxml\jackson\core\jackson-databind\2.15.4\jackson-databind-2.15.4.jar;C:\Users\yashr\.m2\repository\com\fasterxml\jackson\core\jackson-annotations\2.15.4\jackson-annotations-2.15.4.jar;C:\Users\yashr\.m2\repository\com\fasterxml\jackson\core\jackson-core\2.15.4\jackson-core-2.15.4.jar;C:\Users\yashr\.m2\repository\com\fasterxml\jackson\datatype\jackson-datatype-jdk8\2.15.4\jackson-datatype-jdk8-2.15.4.jar;C:\Users\yashr\.m2\repository\com\fasterxml\jackson\datatype\jackson-datatype-jsr310\2.15.4\jackson-datatype-jsr310-2.15.4.jar;C:\Users\yashr\.m2\repository\com\fasterxml\jackson\module\jackson-module-parameter-names\2.15.4\jackson-module-parameter-names-2.15.4.jar;C:\Users\yashr\.m2\repository\org\springframework\boot\spring-boot-starter-tomcat\3.2.3\spring-boot-starter-tomcat-3.2.3.jar;C:\Users\yashr\.m2\repository\org\apache\tomcat\embed\tomcat-embed-core\10.1.19\tomcat-embed-core-10.1.19.jar;C:\Users\yashr\.m2\repository\org\apache\tomcat\embed\tomcat-embed-el\10.1.19\tomcat-embed-el-10.1.19.jar;C:\Users\yashr\.m2\repository\org\apache\tomcat\embed\tomcat-embed-websocket\10.1.19\tomcat-embed-websocket-10.1.19.jar;C:\Users\yashr\.m2\repository\org\springframework\spring-web\6.1.4\spring-web-6.1.4.jar;C:\Users\yashr\.m2\repository\io\micrometer\micrometer-observation\1.12.3\micrometer-observation-1.12.3.jar;C:\Users\yashr\.m2\repository\io\micrometer\micrometer-commons\1.12.3\micrometer-commons-1.12.3.jar;C:\Users\yashr\.m2\repository\org\springframework\spring-webmvc\6.1.4\spring-webmvc-6.1.4.jar;C:\Users\yashr\.m2\repository\org\springframework\spring-expression\6.1.4\spring-expression-6.1.4.jar;C:\Users\yashr\.m2\repository\org\postgresql\postgresql\42.6.1\postgresql-42.6.1.jar;C:\Users\yashr\.m2\repository\org\checkerframework\checker-qual\3.31.0\checker-qual-3.31.0.jar;C:\Users\yashr\.m2\repository\org\projectlombok\lombok\1.18.30\lombok-1.18.30.jar;C:\Users\yashr\.m2\repository\jakarta\xml\bind\jakarta.xml.bind-api\4.0.1\jakarta.xml.bind-api-4.0.1.jar;C:\Users\yashr\.m2\repository\jakarta\activation\jakarta.activation-api\2.1.2\jakarta.activation-api-2.1.2.jar;C:\Users\yashr\.m2\repository\org\springframework\spring-core\6.1.4\spring-core-6.1.4.jar;C:\Users\yashr\.m2\repository\org\springframework\spring-jcl\6.1.4\spring-jcl-6.1.4.jar
Launcher Type: SUN_STANDARD

[Global flags]
     intx CICompilerCount                          = 4                                         {product} {ergonomic}
     uint ConcGCThreads                            = 2                                         {product} {ergonomic}
     uint G1ConcRefinementThreads                  = 8                                         {product} {ergonomic}
   size_t G1HeapRegionSize                         = 1048576                                   {product} {ergonomic}
    uintx GCDrainStackTargetSize                   = 64                                        {product} {ergonomic}
   size_t InitialHeapSize                          = 125829120                                 {product} {ergonomic}
   size_t MarkStackSize                            = 4194304                                   {product} {ergonomic}
   size_t MaxHeapSize                              = 1992294400                                {product} {ergonomic}
   size_t MaxNewSize                               = 1195376640                                {product} {ergonomic}
   size_t MinHeapDeltaBytes                        = 1048576                                   {product} {ergonomic}
   size_t MinHeapSize                              = 8388608                                   {product} {ergonomic}
    uintx NonNMethodCodeHeapSize                   = 5839372                                {pd product} {ergonomic}
    uintx NonProfiledCodeHeapSize                  = 122909434                              {pd product} {ergonomic}
    uintx ProfiledCodeHeapSize                     = 122909434                              {pd product} {ergonomic}
    uintx ReservedCodeCacheSize                    = 251658240                              {pd product} {ergonomic}
     bool SegmentedCodeCache                       = true                                      {product} {ergonomic}
   size_t SoftMaxHeapSize                          = 1992294400                             {manageable} {ergonomic}
     bool UseCompressedOops                        = true                           {product lp64_product} {ergonomic}
     bool UseG1GC                                  = true                                      {product} {ergonomic}
     bool UseLargePagesIndividualAllocation        = false                                  {pd product} {ergonomic}

Logging:
Log output configuration:
 #0: stdout all=warning uptime,level,tags foldmultilines=false
 #1: stderr all=off uptime,level,tags foldmultilines=false

Environment Variables:
PATH=C:\Program Files\Common Files\Oracle\Java\javapath;C:\Python311\Scripts\;C:\Python311\;C:\Program Files\Python39\Scripts\;C:\Program Files\Python39\;C:\WINDOWS\system32;C:\WINDOWS;C:\WINDOWS\System32\Wbem;C:\WINDOWS\System32\WindowsPowerShell\v1.0\;C:\WINDOWS\System32\OpenSSH\;C:\Program Files\mingw-w64\x86_64-8.1.0-posix-seh-rt_v6-rev0\mingw64\bin;C:\Program Files\MySQL\MySQL Server 8.0\bin;C:\ProgramData\chocolatey\bin;C:\Program Files\nodejs\;D:\ApacheJMeter\apache-jmeter-5.6\bin;C:\Program Files\Docker\Docker\resources\bin;C:\tools;C:\minikube;C:\Program Files\Git\cmd;C:\Users\yashr\.cargo\bin;C:\Users\yashr\AppData\Local\Microsoft\WindowsApps;C:\Program Files\JetBrains\IntelliJ IDEA Community Edition 2023.3.4\bin;;C:\Program Files\JetBrains\PyCharm Community Edition 2020.2.3\bin;;C:\Users\yashr\AppData\Local\Programs\Microsoft VS Code\bin;C:\Users\yashr\AppData\Local\GitHubDesktop\bin;C:\Users\yashr\AppData\Roaming\npm
USERNAME=yashr
OS=Windows_NT
PROCESSOR_IDENTIFIER=AMD64 Family 23 Model 96 Stepping 1, AuthenticAMD
TMP=C:\Users\yashr\AppData\Local\Temp
TEMP=C:\Users\yashr\AppData\Local\Temp




Periodic native trim disabled

---------------  S Y S T E M  ---------------

OS:
 Windows 11 , 64 bit Build 22621 (10.0.22621.3085)
OS uptime: 1 days 22:35 hours
Hyper-V role detected

CPU: total 8 (initial active 8) (8 cores per cpu, 1 threads per core) family 23 model 96 stepping 1 microcode 0x0, cx8, cmov, fxsr, mmx, 3dnowpref, sse, sse2, sse3, ssse3, sse4a, sse4.1, sse4.2, popcnt, lzcnt, tsc, tscinvbit, avx, avx2, aes, clmul, bmi1, bmi2, adx, sha, fma, vzeroupper, clflush, clflushopt, hv, rdtscp, rdpid, f16c
Processor Information for all 8 processors :
  Max Mhz: 2000, Current Mhz: 2000, Mhz Limit: 2000

Memory: 4k page, system-wide physical 7599M (1378M free)
TotalPageFile size 9444M (AvailPageFile size 216M)
current process WorkingSet (physical memory assigned to process): 53M, peak: 53M
current process commit charge ("private bytes"): 208M, peak: 208M

vm_info: Java HotSpot(TM) 64-Bit Server VM (21.0.2+13-LTS-58) for windows-amd64 JRE (21.0.2+13-LTS-58), built on 2024-01-05T18:32:24Z by "mach5one" with MS VC++ 17.1 (VS2022)

END.
