#
# There is insufficient memory for the Java Runtime Environment to continue.
# Native memory allocation (mmap) failed to map 10485760 bytes for G1 virtual space
# Possible reasons:
#   The system is out of physical RAM or swap space
#   The process is running with CompressedOops enabled, and the Java Heap may be blocking the growth of the native heap
# Possible solutions:
#   Reduce memory load on the system
#   Increase physical memory or swap space
#   Check if swap backing store is full
#   Decrease Java heap size (-Xmx/-Xms)
#   Decrease number of Java threads
#   Decrease Java thread stack sizes (-Xss)
#   Set larger code cache with -XX:ReservedCodeCacheSize=
#   JVM is running with Unscaled Compressed Oops mode in which the Java heap is
#     placed in the first 4GB address space. The Java Heap base address is the
#     maximum limit for the native heap growth. Please use -XX:HeapBaseMinAddress
#     to set the Java Heap base and to place the Java Heap above 4GB virtual address.
# This output file may be truncated or incomplete.
#
#  Out of Memory Error (os_windows.cpp:3600), pid=3832, tid=11920
#
# JRE version: Java(TM) SE Runtime Environment (21.0.2+13) (build 21.0.2+13-LTS-58)
# Java VM: Java HotSpot(TM) 64-Bit Server VM (21.0.2+13-LTS-58, mixed mode, sharing, tiered, compressed oops, compressed class ptrs, g1 gc, windows-amd64)
# No core dump will be written. Minidumps are not enabled by default on client versions of Windows
#

---------------  S U M M A R Y ------------

Command Line: -javaagent:C:\Program Files\JetBrains\IntelliJ IDEA Community Edition 2023.3.4\lib\idea_rt.jar=51888:C:\Program Files\JetBrains\IntelliJ IDEA Community Edition 2023.3.4\bin -Dfile.encoding=UTF-8 -Dsun.stdout.encoding=UTF-8 -Dsun.stderr.encoding=UTF-8 com.yash.quizapp.QuizappApplication

Host: AMD Ryzen 7 4700U with Radeon Graphics         , 8 cores, 7G,  Windows 11 , 64 bit Build 22621 (10.0.22621.3085)
Time: Wed Feb 28 14:00:02 2024 India Standard Time elapsed time: 5.517402 seconds (0d 0h 0m 5s)

---------------  T H R E A D  ---------------

Current thread (0x0000018e795ebf10):  VMThread "VM Thread"          [id=11920, stack(0x00000087b4c00000,0x00000087b4d00000) (1024K)]

Stack: [0x00000087b4c00000,0x00000087b4d00000]
Native frames: (J=compiled Java code, j=interpreted, Vv=VM code, C=native code)
V  [jvm.dll+0x6cade9]
V  [jvm.dll+0x8569c1]
V  [jvm.dll+0x858d2e]
V  [jvm.dll+0x859413]
V  [jvm.dll+0x280e56]
V  [jvm.dll+0x6c74d5]
V  [jvm.dll+0x6bbeca]
V  [jvm.dll+0x355bca]
V  [jvm.dll+0x35d816]
V  [jvm.dll+0x3ae67e]
V  [jvm.dll+0x3ae928]
V  [jvm.dll+0x3295dc]
V  [jvm.dll+0x329667]
V  [jvm.dll+0x36df1c]
V  [jvm.dll+0x36c71d]
V  [jvm.dll+0x328d51]
V  [jvm.dll+0x36be2a]
V  [jvm.dll+0x85ef18]
V  [jvm.dll+0x860014]
V  [jvm.dll+0x860550]
V  [jvm.dll+0x8607f3]
V  [jvm.dll+0x7ff568]
V  [jvm.dll+0x6c953d]
C  [ucrtbase.dll+0x29363]
C  [KERNEL32.DLL+0x1257d]
C  [ntdll.dll+0x5aa58]

VM_Operation (0x00000087b45fcd50): G1CollectForAllocation, mode: safepoint, requested by thread 0x0000018e5adc9f30


---------------  P R O C E S S  ---------------

Threads class SMR info:
_java_thread_list=0x0000018e416598b0, length=20, elements={
0x0000018e5adc9f30, 0x0000018e7960aca0, 0x0000018e7960bb70, 0x0000018e7960db50,
0x0000018e7960ebc0, 0x0000018e7960fb60, 0x0000018e79630b30, 0x0000018e7963b460,
0x0000018e7963cf10, 0x0000018e795d3cb0, 0x0000018e79938020, 0x0000018e79a7bc30,
0x0000018e7e1c8b10, 0x0000018e7edbdae0, 0x0000018e42b6cff0, 0x0000018e42aa15e0,
0x0000018e7f6540e0, 0x0000018e41d84510, 0x0000018e42d42b40, 0x0000018e7f368be0
}

Java Threads: ( => current thread )
  0x0000018e5adc9f30 JavaThread "main"                              [_thread_blocked, id=10088, stack(0x00000087b4500000,0x00000087b4600000) (1024K)]
  0x0000018e7960aca0 JavaThread "Reference Handler"          daemon [_thread_blocked, id=2576, stack(0x00000087b4d00000,0x00000087b4e00000) (1024K)]
  0x0000018e7960bb70 JavaThread "Finalizer"                  daemon [_thread_blocked, id=11460, stack(0x00000087b4e00000,0x00000087b4f00000) (1024K)]
  0x0000018e7960db50 JavaThread "Signal Dispatcher"          daemon [_thread_blocked, id=9820, stack(0x00000087b4f00000,0x00000087b5000000) (1024K)]
  0x0000018e7960ebc0 JavaThread "Attach Listener"            daemon [_thread_blocked, id=5476, stack(0x00000087b5000000,0x00000087b5100000) (1024K)]
  0x0000018e7960fb60 JavaThread "Service Thread"             daemon [_thread_blocked, id=12356, stack(0x00000087b5100000,0x00000087b5200000) (1024K)]
  0x0000018e79630b30 JavaThread "Monitor Deflation Thread"   daemon [_thread_blocked, id=13504, stack(0x00000087b5200000,0x00000087b5300000) (1024K)]
  0x0000018e7963b460 JavaThread "C2 CompilerThread0"         daemon [_thread_blocked, id=6892, stack(0x00000087b5300000,0x00000087b5400000) (1024K)]
  0x0000018e7963cf10 JavaThread "C1 CompilerThread0"         daemon [_thread_blocked, id=1356, stack(0x00000087b5400000,0x00000087b5500000) (1024K)]
  0x0000018e795d3cb0 JavaThread "Common-Cleaner"             daemon [_thread_blocked, id=4624, stack(0x00000087b5500000,0x00000087b5600000) (1024K)]
  0x0000018e79938020 JavaThread "C2 CompilerThread1"         daemon [_thread_blocked, id=10872, stack(0x00000087b5600000,0x00000087b5700000) (1024K)]
  0x0000018e79a7bc30 JavaThread "Monitor Ctrl-Break"         daemon [_thread_in_native, id=9356, stack(0x00000087b5700000,0x00000087b5800000) (1024K)]
  0x0000018e7e1c8b10 JavaThread "Notification Thread"        daemon [_thread_blocked, id=13220, stack(0x00000087b5800000,0x00000087b5900000) (1024K)]
  0x0000018e7edbdae0 JavaThread "C2 CompilerThread2"         daemon [_thread_blocked, id=2472, stack(0x00000087b6200000,0x00000087b6300000) (1024K)]
  0x0000018e42b6cff0 JavaThread "Catalina-utility-1"                [_thread_blocked, id=8512, stack(0x00000087b6100000,0x00000087b6200000) (1024K)]
  0x0000018e42aa15e0 JavaThread "Catalina-utility-2"                [_thread_blocked, id=748, stack(0x00000087b6300000,0x00000087b6400000) (1024K)]
  0x0000018e7f6540e0 JavaThread "container-0"                       [_thread_blocked, id=1724, stack(0x00000087b6400000,0x00000087b6500000) (1024K)]
  0x0000018e41d84510 JavaThread "PostgreSQL-JDBC-Cleaner"    daemon [_thread_blocked, id=10436, stack(0x00000087b6600000,0x00000087b6700000) (1024K)]
  0x0000018e42d42b40 JavaThread "HikariPool-1 housekeeper"   daemon [_thread_blocked, id=11340, stack(0x00000087b6700000,0x00000087b6800000) (1024K)]
  0x0000018e7f368be0 JavaThread "HikariPool-1 connection adder" daemon [_thread_blocked, id=9832, stack(0x00000087b6800000,0x00000087b6900000) (1024K)]
Total: 20

Other Threads:
=>0x0000018e795ebf10 VMThread "VM Thread"                           [id=11920, stack(0x00000087b4c00000,0x00000087b4d00000) (1024K)]
  0x0000018e795d2dc0 WatcherThread "VM Periodic Task Thread"        [id=5316, stack(0x00000087b4b00000,0x00000087b4c00000) (1024K)]
  0x0000018e5cf47fd0 WorkerThread "GC Thread#0"                     [id=13664, stack(0x00000087b4600000,0x00000087b4700000) (1024K)]
  0x0000018e7e9da280 WorkerThread "GC Thread#1"                     [id=2308, stack(0x00000087b5900000,0x00000087b5a00000) (1024K)]
  0x0000018e7e3efd10 WorkerThread "GC Thread#2"                     [id=8688, stack(0x00000087b5a00000,0x00000087b5b00000) (1024K)]
  0x0000018e7ea2fe10 WorkerThread "GC Thread#3"                     [id=10528, stack(0x00000087b5b00000,0x00000087b5c00000) (1024K)]
  0x0000018e7e9f3db0 WorkerThread "GC Thread#4"                     [id=3980, stack(0x00000087b5c00000,0x00000087b5d00000) (1024K)]
  0x0000018e7e9f4960 WorkerThread "GC Thread#5"                     [id=1312, stack(0x00000087b5d00000,0x00000087b5e00000) (1024K)]
  0x0000018e7ee200f0 WorkerThread "GC Thread#6"                     [id=3040, stack(0x00000087b5f00000,0x00000087b6000000) (1024K)]
  0x0000018e7edde340 WorkerThread "GC Thread#7"                     [id=3964, stack(0x00000087b6000000,0x00000087b6100000) (1024K)]
  0x0000018e5cf57df0 ConcurrentGCThread "G1 Main Marker"            [id=5304, stack(0x00000087b4700000,0x00000087b4800000) (1024K)]
  0x0000018e5cf58800 WorkerThread "G1 Conc#0"                       [id=14088, stack(0x00000087b4800000,0x00000087b4900000) (1024K)]
  0x0000018e7eeaf700 WorkerThread "G1 Conc#1"                       [id=14208, stack(0x00000087b5e00000,0x00000087b5f00000) (1024K)]
  0x0000018e794aa030 ConcurrentGCThread "G1 Refine#0"               [id=5288, stack(0x00000087b4900000,0x00000087b4a00000) (1024K)]
  0x0000018e794aaab0 ConcurrentGCThread "G1 Service"                [id=5232, stack(0x00000087b4a00000,0x00000087b4b00000) (1024K)]
Total: 15

Threads with active compile tasks:
C2 CompilerThread0     5536 4202   !   4       jdk.internal.loader.BuiltinClassLoader::findClassOnClassPathOrNull (64 bytes)
C2 CompilerThread1     5536 4258       4       java.security.SecureClassLoader::defineClass (16 bytes)
C2 CompilerThread2     5536 4259       4       jdk.internal.loader.BuiltinClassLoader::defineClass (121 bytes)
Total: 3

VM state: at safepoint (normal execution)

VM Mutex/Monitor currently owned by a thread:  ([mutex/lock_event])
[0x00007fffe9efcd68] Threads_lock - owner thread: 0x0000018e795ebf10
[0x00007fffe9efce68] Heap_lock - owner thread: 0x0000018e5adc9f30

Heap address: 0x0000000089400000, size: 1900 MB, Compressed Oops mode: 32-bit

CDS archive(s) mapped at: [0x0000018e00000000-0x0000018e00c90000-0x0000018e00c90000), size 13172736, SharedBaseAddress: 0x0000018e00000000, ArchiveRelocationMode: 1.
Compressed class space mapped at: 0x0000018e01000000-0x0000018e41000000, reserved size: 1073741824
Narrow klass base: 0x0000018e00000000, Narrow klass shift: 0, Narrow klass range: 0x100000000

GC Precious Log:
 CardTable entry size: 512
 Card Set container configuration: InlinePtr #cards 5 size 8 Array Of Cards #cards 12 size 40 Howl #buckets 4 coarsen threshold 1843 Howl Bitmap #cards 512 size 80 coarsen threshold 460 Card regions per heap region 1 cards per card region 2048
 CPUs: 8 total, 8 available
 Memory: 7599M
 Large Page Support: Disabled
 NUMA Support: Disabled
 Compressed Oops: Enabled (32-bit)
 Heap Region Size: 1M
 Heap Min Capacity: 8M
 Heap Initial Capacity: 120M
 Heap Max Capacity: 1900M
 Pre-touch: Disabled
 Parallel Workers: 8
 Concurrent Workers: 2
 Concurrent Refinement Workers: 8
 Periodic GC: Disabled

Heap:
 garbage-first heap   total 48128K, used 20101K [0x0000000089400000, 0x0000000100000000)
  region size 1024K, 3 young (3072K), 3 survivors (3072K)
 Metaspace       used 40941K, committed 41472K, reserved 1114112K
  class space    used 5336K, committed 5568K, reserved 1048576K

Heap Regions: E=young(eden), S=young(survivor), O=old, HS=humongous(starts), HC=humongous(continues), CS=collection set, F=free, TAMS=top-at-mark-start, PB=parsable bottom
|   0|0x0000000089400000, 0x0000000089500000, 0x0000000089500000|100%|HS|  |TAMS 0x0000000089400000| PB 0x0000000089400000| Complete 
|   1|0x0000000089500000, 0x0000000089600000, 0x0000000089600000|100%| O|  |TAMS 0x0000000089500000| PB 0x0000000089500000| Untracked 
|   2|0x0000000089600000, 0x0000000089700000, 0x0000000089700000|100%| O|  |TAMS 0x0000000089600000| PB 0x0000000089600000| Untracked 
|   3|0x0000000089700000, 0x0000000089800000, 0x0000000089800000|100%| O|  |TAMS 0x0000000089700000| PB 0x0000000089700000| Untracked 
|   4|0x0000000089800000, 0x0000000089900000, 0x0000000089900000|100%| O|  |TAMS 0x0000000089800000| PB 0x0000000089800000| Untracked 
|   5|0x0000000089900000, 0x0000000089a00000, 0x0000000089a00000|100%| O|  |TAMS 0x0000000089900000| PB 0x0000000089900000| Untracked 
|   6|0x0000000089a00000, 0x0000000089ae7918, 0x0000000089b00000| 90%| O|  |TAMS 0x0000000089a00000| PB 0x0000000089a00000| Untracked 
|   7|0x0000000089b00000, 0x0000000089c00000, 0x0000000089c00000|100%| O|  |TAMS 0x0000000089b00000| PB 0x0000000089b00000| Untracked 
|   8|0x0000000089c00000, 0x0000000089d00000, 0x0000000089d00000|100%| O|  |TAMS 0x0000000089c00000| PB 0x0000000089c00000| Untracked 
|   9|0x0000000089d00000, 0x0000000089e00000, 0x0000000089e00000|100%| O|  |TAMS 0x0000000089d00000| PB 0x0000000089d00000| Untracked 
|  10|0x0000000089e00000, 0x0000000089f00000, 0x0000000089f00000|100%| O|  |TAMS 0x0000000089e00000| PB 0x0000000089e00000| Untracked 
|  11|0x0000000089f00000, 0x000000008a000000, 0x000000008a000000|100%| O|  |TAMS 0x0000000089f00000| PB 0x0000000089f00000| Untracked 
|  12|0x000000008a000000, 0x000000008a100000, 0x000000008a100000|100%| O|  |TAMS 0x000000008a000000| PB 0x000000008a000000| Untracked 
|  13|0x000000008a100000, 0x000000008a200000, 0x000000008a200000|100%| O|  |TAMS 0x000000008a100000| PB 0x000000008a100000| Untracked 
|  14|0x000000008a200000, 0x000000008a300000, 0x000000008a300000|100%| O|  |TAMS 0x000000008a200000| PB 0x000000008a200000| Untracked 
|  15|0x000000008a300000, 0x000000008a400000, 0x000000008a400000|100%| O|  |TAMS 0x000000008a300000| PB 0x000000008a300000| Untracked 
|  16|0x000000008a400000, 0x000000008a4777f0, 0x000000008a500000| 46%| O|  |TAMS 0x000000008a400000| PB 0x000000008a400000| Untracked 
|  17|0x000000008a500000, 0x000000008a500000, 0x000000008a600000|  0%| F|  |TAMS 0x000000008a500000| PB 0x000000008a500000| Untracked 
|  18|0x000000008a600000, 0x000000008a600000, 0x000000008a700000|  0%| F|  |TAMS 0x000000008a600000| PB 0x000000008a600000| Untracked 
|  19|0x000000008a700000, 0x000000008a800000, 0x000000008a800000|100%| O|Cm|TAMS 0x000000008a700000| PB 0x000000008a700000| Complete 
|  20|0x000000008a800000, 0x000000008a800000, 0x000000008a900000|  0%| F|  |TAMS 0x000000008a800000| PB 0x000000008a800000| Untracked 
|  21|0x000000008a900000, 0x000000008a900000, 0x000000008aa00000|  0%| F|  |TAMS 0x000000008a900000| PB 0x000000008a900000| Untracked 
|  22|0x000000008aa00000, 0x000000008aa425e8, 0x000000008ab00000| 25%| S|CS|TAMS 0x000000008aa00000| PB 0x000000008aa00000| Complete 
|  23|0x000000008ab00000, 0x000000008ac00000, 0x000000008ac00000|100%| S|CS|TAMS 0x000000008ab00000| PB 0x000000008ab00000| Complete 
|  24|0x000000008ac00000, 0x000000008ad00000, 0x000000008ad00000|100%| S|CS|TAMS 0x000000008ac00000| PB 0x000000008ac00000| Complete 
|  25|0x000000008ad00000, 0x000000008ad00000, 0x000000008ae00000|  0%| F|  |TAMS 0x000000008ad00000| PB 0x000000008ad00000| Untracked 
|  26|0x000000008ae00000, 0x000000008ae00000, 0x000000008af00000|  0%| F|  |TAMS 0x000000008ae00000| PB 0x000000008ae00000| Untracked 
|  27|0x000000008af00000, 0x000000008af00000, 0x000000008b000000|  0%| F|  |TAMS 0x000000008af00000| PB 0x000000008af00000| Untracked 
|  28|0x000000008b000000, 0x000000008b000000, 0x000000008b100000|  0%| F|  |TAMS 0x000000008b000000| PB 0x000000008b000000| Untracked 
|  29|0x000000008b100000, 0x000000008b100000, 0x000000008b200000|  0%| F|  |TAMS 0x000000008b100000| PB 0x000000008b100000| Untracked 
|  30|0x000000008b200000, 0x000000008b200000, 0x000000008b300000|  0%| F|  |TAMS 0x000000008b200000| PB 0x000000008b200000| Untracked 
|  31|0x000000008b300000, 0x000000008b300000, 0x000000008b400000|  0%| F|  |TAMS 0x000000008b300000| PB 0x000000008b300000| Untracked 
|  32|0x000000008b400000, 0x000000008b400000, 0x000000008b500000|  0%| F|  |TAMS 0x000000008b400000| PB 0x000000008b400000| Untracked 
|  33|0x000000008b500000, 0x000000008b500000, 0x000000008b600000|  0%| F|  |TAMS 0x000000008b500000| PB 0x000000008b500000| Untracked 
|  34|0x000000008b600000, 0x000000008b600000, 0x000000008b700000|  0%| F|  |TAMS 0x000000008b600000| PB 0x000000008b600000| Untracked 
|  35|0x000000008b700000, 0x000000008b700000, 0x000000008b800000|  0%| F|  |TAMS 0x000000008b700000| PB 0x000000008b700000| Untracked 
|  36|0x000000008b800000, 0x000000008b800000, 0x000000008b900000|  0%| F|  |TAMS 0x000000008b800000| PB 0x000000008b800000| Untracked 
|  37|0x000000008b900000, 0x000000008b900000, 0x000000008ba00000|  0%| F|  |TAMS 0x000000008b900000| PB 0x000000008b900000| Untracked 
|  38|0x000000008ba00000, 0x000000008ba00000, 0x000000008bb00000|  0%| F|  |TAMS 0x000000008ba00000| PB 0x000000008ba00000| Untracked 
|  39|0x000000008bb00000, 0x000000008bb00000, 0x000000008bc00000|  0%| F|  |TAMS 0x000000008bb00000| PB 0x000000008bb00000| Untracked 
|  71|0x000000008db00000, 0x000000008db00000, 0x000000008dc00000|  0%| F|  |TAMS 0x000000008db00000| PB 0x000000008db00000| Untracked 
|  72|0x000000008dc00000, 0x000000008dc00000, 0x000000008dd00000|  0%| F|  |TAMS 0x000000008dc00000| PB 0x000000008dc00000| Untracked 
|  73|0x000000008dd00000, 0x000000008dd00000, 0x000000008de00000|  0%| F|  |TAMS 0x000000008dd00000| PB 0x000000008dd00000| Untracked 
|  74|0x000000008de00000, 0x000000008de00000, 0x000000008df00000|  0%| F|  |TAMS 0x000000008de00000| PB 0x000000008de00000| Untracked 
|  75|0x000000008df00000, 0x000000008df00000, 0x000000008e000000|  0%| F|  |TAMS 0x000000008df00000| PB 0x000000008df00000| Untracked 
|  76|0x000000008e000000, 0x000000008e000000, 0x000000008e100000|  0%| F|  |TAMS 0x000000008e000000| PB 0x000000008e000000| Untracked 
| 119|0x0000000090b00000, 0x0000000090b00000, 0x0000000090c00000|  0%| F|  |TAMS 0x0000000090b00000| PB 0x0000000090b00000| Untracked 

Card table byte_map: [0x0000018e74a40000,0x0000018e74e00000] _byte_map_base: 0x0000018e745f6000

Marking Bits: (CMBitMap*) 0x0000018e5cf485e0
 Bits: [0x0000018e74e00000, 0x0000018e76bb0000)

Polling page: 0x0000018e5aee0000

Metaspace:

Usage:
  Non-class:     34.77 MB used.
      Class:      5.21 MB used.
       Both:     39.98 MB used.

Virtual space:
  Non-class space:       64.00 MB reserved,      35.06 MB ( 55%) committed,  1 nodes.
      Class space:        1.00 GB reserved,       5.44 MB ( <1%) committed,  1 nodes.
             Both:        1.06 GB reserved,      40.50 MB (  4%) committed. 

Chunk freelists:
   Non-Class:  12.30 MB
       Class:  10.59 MB
        Both:  22.89 MB

MaxMetaspaceSize: unlimited
CompressedClassSpaceSize: 1.00 GB
Initial GC threshold: 21.00 MB
Current GC threshold: 58.69 MB
CDS: on
 - commit_granule_bytes: 65536.
 - commit_granule_words: 8192.
 - virtual_space_node_default_size: 8388608.
 - enlarge_chunks_in_place: 1.
 - use_allocation_guard: 0.


Internal statistics:

num_allocs_failed_limit: 6.
num_arena_births: 692.
num_arena_deaths: 0.
num_vsnodes_births: 2.
num_vsnodes_deaths: 0.
num_space_committed: 648.
num_space_uncommitted: 0.
num_chunks_returned_to_freelist: 6.
num_chunks_taken_from_freelist: 2170.
num_chunk_merges: 6.
num_chunk_splits: 1519.
num_chunks_enlarged: 1108.
num_inconsistent_stats: 0.

CodeHeap 'non-profiled nmethods': size=120000Kb used=2659Kb max_used=2659Kb free=117340Kb
 bounds [0x0000018e6ce20000, 0x0000018e6d0d0000, 0x0000018e74350000]
CodeHeap 'profiled nmethods': size=120000Kb used=7423Kb max_used=8325Kb free=112576Kb
 bounds [0x0000018e65350000, 0x0000018e65b80000, 0x0000018e6c880000]
CodeHeap 'non-nmethods': size=5760Kb used=1555Kb max_used=1562Kb free=4204Kb
 bounds [0x0000018e6c880000, 0x0000018e6caf0000, 0x0000018e6ce20000]
 total_blobs=4438 nmethods=3834 adapters=505
 compilation: enabled
              stopped_count=0, restarted_count=0
 full_count=0

Compilation events (20 events):
Event: 5.500 Thread 0x0000018e7963cf10 4263       3       org.jboss.logging.Slf4jLocationAwareLogger::isEnabled (114 bytes)
Event: 5.501 Thread 0x0000018e7963cf10 nmethod 4263 0x0000018e6541b410 code [0x0000018e6541b6c0, 0x0000018e6541bfe8]
Event: 5.504 Thread 0x0000018e7963cf10 4264       3       org.hibernate.annotations.common.reflection.java.JavaReflectionManager::getMetadataProvider (23 bytes)
Event: 5.504 Thread 0x0000018e7963cf10 nmethod 4264 0x0000018e656f6c90 code [0x0000018e656f6e40, 0x0000018e656f7128]
Event: 5.504 Thread 0x0000018e7963cf10 4265       3       org.hibernate.annotations.common.reflection.java.JavaXAnnotatedElement::getAnnotationReader (12 bytes)
Event: 5.504 Thread 0x0000018e7963cf10 nmethod 4265 0x0000018e654efd90 code [0x0000018e654eff80, 0x0000018e654f0400]
Event: 5.506 Thread 0x0000018e7963cf10 4266       3       org.hibernate.boot.model.internal.JPAXMLOverriddenMetadataProvider::getAnnotationReader (92 bytes)
Event: 5.506 Thread 0x0000018e7963cf10 nmethod 4266 0x0000018e65597790 code [0x0000018e655979e0, 0x0000018e655982c8]
Event: 5.507 Thread 0x0000018e7963cf10 4267       3       java.lang.invoke.MethodHandles::insertArguments (98 bytes)
Event: 5.508 Thread 0x0000018e7963cf10 nmethod 4267 0x0000018e65897a90 code [0x0000018e65897d20, 0x0000018e65898858]
Event: 5.511 Thread 0x0000018e7963cf10 4268       3       org.hibernate.annotations.common.reflection.java.JavaXAnnotatedElement::isAnnotationPresent (11 bytes)
Event: 5.512 Thread 0x0000018e7963cf10 nmethod 4268 0x0000018e6551c390 code [0x0000018e6551c5a0, 0x0000018e6551cc10]
Event: 5.512 Thread 0x0000018e7963cf10 4269       3       org.hibernate.annotations.common.reflection.java.JavaAnnotationReader::isAnnotationPresent (11 bytes)
Event: 5.512 Thread 0x0000018e7963cf10 nmethod 4269 0x0000018e65894d90 code [0x0000018e65894f40, 0x0000018e65895118]
Event: 5.512 Thread 0x0000018e7963cf10 4271       1       org.hibernate.annotations.common.reflection.java.JavaXAnnotatedElement::getFactory (5 bytes)
Event: 5.512 Thread 0x0000018e7963cf10 nmethod 4271 0x0000018e6ce3ed90 code [0x0000018e6ce3ef20, 0x0000018e6ce3efe8]
Event: 5.512 Thread 0x0000018e7963cf10 4270       1       org.hibernate.annotations.common.reflection.java.JavaXClass::getTypeEnvironment (5 bytes)
Event: 5.512 Thread 0x0000018e7963cf10 nmethod 4270 0x0000018e6cf57410 code [0x0000018e6cf575a0, 0x0000018e6cf57668]
Event: 5.512 Thread 0x0000018e7963cf10 4273       1       org.hibernate.annotations.common.reflection.java.JavaXClass::toClass (5 bytes)
Event: 5.512 Thread 0x0000018e7963cf10 nmethod 4273 0x0000018e6cf57110 code [0x0000018e6cf572a0, 0x0000018e6cf57368]

GC Heap History (13 events):
Event: 1.152 GC heap before
{Heap before GC invocations=0 (full 0):
 garbage-first heap   total 122880K, used 23552K [0x0000000089400000, 0x0000000100000000)
  region size 1024K, 23 young (23552K), 0 survivors (0K)
 Metaspace       used 6839K, committed 7040K, reserved 1114112K
  class space    used 805K, committed 896K, reserved 1048576K
}
Event: 1.161 GC heap after
{Heap after GC invocations=1 (full 0):
 garbage-first heap   total 122880K, used 6912K [0x0000000089400000, 0x0000000100000000)
  region size 1024K, 3 young (3072K), 3 survivors (3072K)
 Metaspace       used 6839K, committed 7040K, reserved 1114112K
  class space    used 805K, committed 896K, reserved 1048576K
}
Event: 1.753 GC heap before
{Heap before GC invocations=1 (full 0):
 garbage-first heap   total 122880K, used 34560K [0x0000000089400000, 0x0000000100000000)
  region size 1024K, 31 young (31744K), 3 survivors (3072K)
 Metaspace       used 14724K, committed 14976K, reserved 1114112K
  class space    used 1739K, committed 1856K, reserved 1048576K
}
Event: 1.760 GC heap after
{Heap after GC invocations=2 (full 0):
 garbage-first heap   total 122880K, used 9660K [0x0000000089400000, 0x0000000100000000)
  region size 1024K, 3 young (3072K), 3 survivors (3072K)
 Metaspace       used 14724K, committed 14976K, reserved 1114112K
  class space    used 1739K, committed 1856K, reserved 1048576K
}
Event: 3.028 GC heap before
{Heap before GC invocations=2 (full 0):
 garbage-first heap   total 122880K, used 49596K [0x0000000089400000, 0x0000000100000000)
  region size 1024K, 43 young (44032K), 3 survivors (3072K)
 Metaspace       used 21245K, committed 21504K, reserved 1114112K
  class space    used 2580K, committed 2688K, reserved 1048576K
}
Event: 3.036 GC heap after
{Heap after GC invocations=3 (full 0):
 garbage-first heap   total 122880K, used 13214K [0x0000000089400000, 0x0000000100000000)
  region size 1024K, 6 young (6144K), 6 survivors (6144K)
 Metaspace       used 21245K, committed 21504K, reserved 1114112K
  class space    used 2580K, committed 2688K, reserved 1048576K
}
Event: 3.748 GC heap before
{Heap before GC invocations=4 (full 0):
 garbage-first heap   total 48128K, used 35742K [0x0000000089400000, 0x0000000100000000)
  region size 1024K, 28 young (28672K), 6 survivors (6144K)
 Metaspace       used 25644K, committed 26048K, reserved 1114112K
  class space    used 3245K, committed 3392K, reserved 1048576K
}
Event: 3.763 GC heap after
{Heap after GC invocations=5 (full 0):
 garbage-first heap   total 48128K, used 16034K [0x0000000089400000, 0x0000000100000000)
  region size 1024K, 3 young (3072K), 3 survivors (3072K)
 Metaspace       used 25644K, committed 26048K, reserved 1114112K
  class space    used 3245K, committed 3392K, reserved 1048576K
}
Event: 4.634 GC heap before
{Heap before GC invocations=5 (full 0):
 garbage-first heap   total 48128K, used 37538K [0x0000000089400000, 0x0000000100000000)
  region size 1024K, 24 young (24576K), 3 survivors (3072K)
 Metaspace       used 31212K, committed 31744K, reserved 1114112K
  class space    used 3927K, committed 4160K, reserved 1048576K
}
Event: 4.638 GC heap after
{Heap after GC invocations=6 (full 0):
 garbage-first heap   total 48128K, used 17857K [0x0000000089400000, 0x0000000100000000)
  region size 1024K, 2 young (2048K), 2 survivors (2048K)
 Metaspace       used 31212K, committed 31744K, reserved 1114112K
  class space    used 3927K, committed 4160K, reserved 1048576K
}
Event: 5.035 GC heap before
{Heap before GC invocations=6 (full 0):
 garbage-first heap   total 48128K, used 32193K [0x0000000089400000, 0x0000000100000000)
  region size 1024K, 17 young (17408K), 2 survivors (2048K)
 Metaspace       used 35413K, committed 35968K, reserved 1114112K
  class space    used 4477K, committed 4736K, reserved 1048576K
}
Event: 5.037 GC heap after
{Heap after GC invocations=7 (full 0):
 garbage-first heap   total 48128K, used 18968K [0x0000000089400000, 0x0000000100000000)
  region size 1024K, 2 young (2048K), 2 survivors (2048K)
 Metaspace       used 35413K, committed 35968K, reserved 1114112K
  class space    used 4477K, committed 4736K, reserved 1048576K
}
Event: 5.512 GC heap before
{Heap before GC invocations=8 (full 0):
 garbage-first heap   total 48128K, used 39448K [0x0000000089400000, 0x0000000100000000)
  region size 1024K, 22 young (22528K), 2 survivors (2048K)
 Metaspace       used 40941K, committed 41472K, reserved 1114112K
  class space    used 5336K, committed 5568K, reserved 1048576K
}

Dll operation events (14 events):
Event: 0.017 Loaded shared library C:\Program Files\Java\jdk-21\bin\java.dll
Event: 0.056 Loaded shared library C:\Program Files\Java\jdk-21\bin\jsvml.dll
Event: 0.142 Loaded shared library C:\Program Files\Java\jdk-21\bin\zip.dll
Event: 0.148 Loaded shared library C:\Program Files\Java\jdk-21\bin\instrument.dll
Event: 0.155 Loaded shared library C:\Program Files\Java\jdk-21\bin\net.dll
Event: 0.158 Loaded shared library C:\Program Files\Java\jdk-21\bin\nio.dll
Event: 0.163 Loaded shared library C:\Program Files\Java\jdk-21\bin\zip.dll
Event: 0.319 Loaded shared library C:\Program Files\JetBrains\IntelliJ IDEA Community Edition 2023.3.4\bin\breakgen64.dll
Event: 0.333 Loaded shared library C:\Program Files\Java\jdk-21\bin\extnet.dll
Event: 0.417 Loaded shared library C:\Program Files\Java\jdk-21\bin\jimage.dll
Event: 1.970 Loaded shared library C:\Program Files\Java\jdk-21\bin\sunmscapi.dll
Event: 4.033 Loaded shared library C:\Program Files\Java\jdk-21\bin\management.dll
Event: 4.036 Loaded shared library C:\Program Files\Java\jdk-21\bin\management_ext.dll
Event: 5.057 Loaded shared library C:\Program Files\Java\jdk-21\bin\verify.dll

Deoptimization events (20 events):
Event: 4.796 Thread 0x0000018e7f368be0 DEOPT PACKING pc=0x0000018e65b3a1cd sp=0x00000087b68fde10
Event: 4.796 Thread 0x0000018e7f368be0 DEOPT UNPACKING pc=0x0000018e6c8d4e42 sp=0x00000087b68fd288 mode 0
Event: 4.796 Thread 0x0000018e7f368be0 DEOPT PACKING pc=0x0000018e65b3a1cd sp=0x00000087b68fde40
Event: 4.796 Thread 0x0000018e7f368be0 DEOPT UNPACKING pc=0x0000018e6c8d4e42 sp=0x00000087b68fd2b8 mode 0
Event: 4.888 Thread 0x0000018e5adc9f30 Uncommon trap: trap_request=0xffffff45 fr.pc=0x0000018e6cf4f398 relative=0x00000000000000f8
Event: 4.888 Thread 0x0000018e5adc9f30 Uncommon trap: reason=unstable_if action=reinterpret pc=0x0000018e6cf4f398 method=java.lang.ClassLoader.getClassLoadingLock(Ljava/lang/String;)Ljava/lang/Object; @ 6 c2
Event: 4.889 Thread 0x0000018e5adc9f30 DEOPT PACKING pc=0x0000018e6cf4f398 sp=0x00000087b45fd270
Event: 4.889 Thread 0x0000018e5adc9f30 DEOPT UNPACKING pc=0x0000018e6c8d46a2 sp=0x00000087b45fd200 mode 2
Event: 5.331 Thread 0x0000018e5adc9f30 Uncommon trap: trap_request=0xffffffde fr.pc=0x0000018e6ced48a8 relative=0x0000000000000928
Event: 5.331 Thread 0x0000018e5adc9f30 Uncommon trap: reason=class_check action=maybe_recompile pc=0x0000018e6ced48a8 method=java.util.regex.Pattern$BmpCharPropertyGreedy.match(Ljava/util/regex/Matcher;ILjava/lang/CharSequence;)Z @ 26 c2
Event: 5.331 Thread 0x0000018e5adc9f30 DEOPT PACKING pc=0x0000018e6ced48a8 sp=0x00000087b45fd110
Event: 5.331 Thread 0x0000018e5adc9f30 DEOPT UNPACKING pc=0x0000018e6c8d46a2 sp=0x00000087b45fcfe8 mode 2
Event: 5.385 Thread 0x0000018e5adc9f30 Uncommon trap: trap_request=0xffffffde fr.pc=0x0000018e6cfe62f4 relative=0x0000000000000ed4
Event: 5.385 Thread 0x0000018e5adc9f30 Uncommon trap: reason=class_check action=maybe_recompile pc=0x0000018e6cfe62f4 method=java.util.concurrent.ConcurrentHashMap.putVal(Ljava/lang/Object;Ljava/lang/Object;Z)Ljava/lang/Object; @ 159 c2
Event: 5.385 Thread 0x0000018e5adc9f30 DEOPT PACKING pc=0x0000018e6cfe62f4 sp=0x00000087b45fdf50
Event: 5.385 Thread 0x0000018e5adc9f30 DEOPT UNPACKING pc=0x0000018e6c8d46a2 sp=0x00000087b45fdee0 mode 2
Event: 5.386 Thread 0x0000018e5adc9f30 Uncommon trap: trap_request=0xffffffde fr.pc=0x0000018e6cfe62f4 relative=0x0000000000000ed4
Event: 5.386 Thread 0x0000018e5adc9f30 Uncommon trap: reason=class_check action=maybe_recompile pc=0x0000018e6cfe62f4 method=java.util.concurrent.ConcurrentHashMap.putVal(Ljava/lang/Object;Ljava/lang/Object;Z)Ljava/lang/Object; @ 159 c2
Event: 5.386 Thread 0x0000018e5adc9f30 DEOPT PACKING pc=0x0000018e6cfe62f4 sp=0x00000087b45fdf50
Event: 5.386 Thread 0x0000018e5adc9f30 DEOPT UNPACKING pc=0x0000018e6c8d46a2 sp=0x00000087b45fdee0 mode 2

Classes loaded (20 events):
Event: 5.090 Loading class java/lang/reflect/GenericSignatureFormatError
Event: 5.091 Loading class java/lang/reflect/GenericSignatureFormatError done
Event: 5.241 Loading class javax/naming/InvalidNameException
Event: 5.241 Loading class javax/naming/InvalidNameException done
Event: 5.241 Loading class javax/naming/event/NamingListener
Event: 5.242 Loading class javax/naming/event/NamingListener done
Event: 5.242 Loading class javax/naming/event/NamespaceChangeListener
Event: 5.242 Loading class javax/naming/event/NamespaceChangeListener done
Event: 5.313 Loading class java/util/regex/Pattern$BnM
Event: 5.313 Loading class java/util/regex/Pattern$BnM done
Event: 5.331 Loading class java/util/regex/Pattern$1MatcherIterator
Event: 5.331 Loading class java/util/regex/Pattern$1MatcherIterator done
Event: 5.356 Loading class jdk/internal/reflect/MethodHandleIntegerFieldAccessorImpl
Event: 5.357 Loading class jdk/internal/reflect/MethodHandleIntegerFieldAccessorImpl done
Event: 5.447 Loading class java/security/CodeSigner
Event: 5.447 Loading class java/security/CodeSigner done
Event: 5.486 Loading class java/util/regex/Pattern$SliceS
Event: 5.486 Loading class java/util/regex/Pattern$SliceS done
Event: 5.488 Loading class jdk/internal/ValueBased
Event: 5.488 Loading class jdk/internal/ValueBased done

Classes unloaded (0 events):
No events

Classes redefined (0 events):
No events

Internal exceptions (20 events):
Event: 3.634 Thread 0x0000018e5adc9f30 Exception <a 'java/lang/NoSuchMethodError'{0x000000008aa882f0}: 'java.lang.Object java.lang.invoke.Invokers$Holder.linkToTargetMethod(java.lang.Object, java.lang.Object, int, java.lang.Object)'> (0x000000008aa882f0) 
thrown [s\open\src\hotspot\share\interpreter\linkResolver.cpp, line 773]
Event: 3.765 Thread 0x0000018e5adc9f30 Exception <a 'java/lang/NoSuchMethodError'{0x0000000090b23e98}: 'java.lang.Object java.lang.invoke.DirectMethodHandle$Holder.invokeStaticInit(java.lang.Object, int, int, int, int)'> (0x0000000090b23e98) 
thrown [s\open\src\hotspot\share\interpreter\linkResolver.cpp, line 773]
Event: 3.791 Thread 0x0000018e5adc9f30 Exception <a 'java/lang/NoSuchMethodError'{0x0000000090b5d170}: 'java.lang.Object java.lang.invoke.DirectMethodHandle$Holder.invokeStaticInit(java.lang.Object, java.lang.Object, int, int, int, int)'> (0x0000000090b5d170) 
thrown [s\open\src\hotspot\share\interpreter\linkResolver.cpp, line 773]
Event: 3.957 Thread 0x0000018e5adc9f30 Exception <a 'java/lang/NoSuchMethodError'{0x000000008ded8250}: 'int java.lang.invoke.DirectMethodHandle$Holder.invokeVirtual(java.lang.Object, java.lang.Object, java.lang.Object, java.lang.Object)'> (0x000000008ded8250) 
thrown [s\open\src\hotspot\share\interpreter\linkResolver.cpp, line 773]
Event: 3.958 Thread 0x0000018e5adc9f30 Exception <a 'java/lang/NoSuchMethodError'{0x000000008dedbcb8}: 'int java.lang.invoke.DelegatingMethodHandle$Holder.reinvoke_L(java.lang.Object, java.lang.Object, java.lang.Object, java.lang.Object)'> (0x000000008dedbcb8) 
thrown [s\open\src\hotspot\share\interpreter\linkResolver.cpp, line 773]
Event: 4.045 Thread 0x0000018e5adc9f30 Exception <a 'java/io/FileNotFoundException'{0x000000008dceb400}> (0x000000008dceb400) 
thrown [s\open\src\hotspot\share\prims\jni.cpp, line 520]
Event: 4.073 Thread 0x0000018e5adc9f30 Exception <a 'java/lang/NoSuchMethodError'{0x000000008bb715a8}: 'int java.lang.invoke.DirectMethodHandle$Holder.invokeInterface(java.lang.Object, java.lang.Object, java.lang.Object, java.lang.Object)'> (0x000000008bb715a8) 
thrown [s\open\src\hotspot\share\interpreter\linkResolver.cpp, line 773]
Event: 4.126 Thread 0x0000018e5adc9f30 Exception <a 'java/lang/NoSuchMethodError'{0x000000008b92f478}: 'long java.lang.invoke.DirectMethodHandle$Holder.invokeVirtual(java.lang.Object, java.lang.Object)'> (0x000000008b92f478) 
thrown [s\open\src\hotspot\share\interpreter\linkResolver.cpp, line 773]
Event: 4.224 Thread 0x0000018e5adc9f30 Exception <a 'java/lang/NoSuchMethodError'{0x000000008b5da0b0}: 'java.lang.Object java.lang.invoke.DirectMethodHandle$Holder.newInvokeSpecial(java.lang.Object, java.lang.Object, java.lang.Object, java.lang.Object, java.lang.Object, java.lang.Object, java.lang.Object, java.lang.Object, java.lang.Object, java.lang.Object, java.lang.Object)'> (0x000000008b5da0b0) 
thrown [s\open\src\hotspot\share\interpreter\linkResolver.cpp, line 773]
Event: 4.309 Thread 0x0000018e5adc9f30 Exception <a 'java/lang/NoSuchMethodError'{0x000000008b254238}: method resolution failed> (0x000000008b254238) 
thrown [s\open\src\hotspot\share\prims\methodHandles.cpp, line 1144]
Event: 4.320 Thread 0x0000018e5adc9f30 Exception <a 'java/lang/NoSuchMethodError'{0x000000008b29e1c0}: 'int java.lang.invoke.DirectMethodHandle$Holder.invokeStaticInit(java.lang.Object, java.lang.Object, java.lang.Object, java.lang.Object)'> (0x000000008b29e1c0) 
thrown [s\open\src\hotspot\share\interpreter\linkResolver.cpp, line 773]
Event: 4.528 Thread 0x0000018e5adc9f30 Exception <a 'sun/nio/fs/WindowsException'{0x000000008b089430}> (0x000000008b089430) 
thrown [s\open\src\hotspot\share\prims\jni.cpp, line 520]
Event: 4.574 Thread 0x0000018e5adc9f30 Implicit null exception at 0x0000018e6d06b187 to 0x0000018e6d06ba3c
Event: 4.612 Thread 0x0000018e5adc9f30 Implicit null exception at 0x0000018e6d03abfc to 0x0000018e6d03acb4
Event: 4.659 Thread 0x0000018e5adc9f30 Exception <a 'java/lang/NoSuchMethodError'{0x000000008e038d40}: 'java.lang.Object java.lang.invoke.DirectMethodHandle$Holder.invokeStaticInit(java.lang.Object, java.lang.Object, java.lang.Object, java.lang.Object)'> (0x000000008e038d40) 
thrown [s\open\src\hotspot\share\interpreter\linkResolver.cpp, line 773]
Event: 4.704 Thread 0x0000018e5adc9f30 Exception <a 'java/lang/NoSuchMethodError'{0x000000008de22b70}: 'void java.lang.invoke.DelegatingMethodHandle$Holder.reinvoke_L(java.lang.Object, java.lang.Object, java.lang.Object, java.lang.Object, int, java.lang.Object, java.lang.Object, java.lang.Object)'> (0x000000008de22b70) 
thrown [s\open\src\hotspot\share\interpreter\linkResolver.cpp, line 773]
Event: 4.781 Thread 0x0000018e7f368be0 Implicit null exception at 0x0000018e6d069b07 to 0x0000018e6d06a384
Event: 4.783 Thread 0x0000018e7f368be0 Implicit null exception at 0x0000018e6d07ed40 to 0x0000018e6d086624
Event: 5.257 Thread 0x0000018e5adc9f30 Exception <a 'java/lang/NoSuchMethodError'{0x000000008b955930}: 'int java.lang.invoke.DirectMethodHandle$Holder.invokeStatic(java.lang.Object)'> (0x000000008b955930) 
thrown [s\open\src\hotspot\share\interpreter\linkResolver.cpp, line 773]
Event: 5.357 Thread 0x0000018e5adc9f30 Exception <a 'java/lang/NoSuchMethodError'{0x000000008b6fa888}: 'int java.lang.invoke.Invokers$Holder.invokeExact_MT(java.lang.Object, java.lang.Object)'> (0x000000008b6fa888) 
thrown [s\open\src\hotspot\share\interpreter\linkResolver.cpp, line 773]

ZGC Phase Switch (0 events):
No events

VM Operations (20 events):
Event: 4.138 Executing VM operation: HandshakeAllThreads (Deoptimize) done
Event: 4.161 Executing VM operation: HandshakeAllThreads (Deoptimize)
Event: 4.161 Executing VM operation: HandshakeAllThreads (Deoptimize) done
Event: 4.296 Executing VM operation: ICBufferFull
Event: 4.296 Executing VM operation: ICBufferFull done
Event: 4.525 Executing VM operation: HandshakeAllThreads (Deoptimize)
Event: 4.525 Executing VM operation: HandshakeAllThreads (Deoptimize) done
Event: 4.532 Executing VM operation: HandshakeAllThreads (Deoptimize)
Event: 4.532 Executing VM operation: HandshakeAllThreads (Deoptimize) done
Event: 4.633 Executing VM operation: G1CollectForAllocation (G1 Evacuation Pause)
Event: 4.638 Executing VM operation: G1CollectForAllocation (G1 Evacuation Pause) done
Event: 4.781 Executing VM operation: HandshakeAllThreads (Deoptimize)
Event: 4.781 Executing VM operation: HandshakeAllThreads (Deoptimize) done
Event: 5.035 Executing VM operation: CollectForMetadataAllocation (Metadata GC Threshold)
Event: 5.038 Executing VM operation: CollectForMetadataAllocation (Metadata GC Threshold) done
Event: 5.048 Executing VM operation: G1PauseRemark
Event: 5.051 Executing VM operation: G1PauseRemark done
Event: 5.055 Executing VM operation: G1PauseCleanup
Event: 5.055 Executing VM operation: G1PauseCleanup done
Event: 5.512 Executing VM operation: G1CollectForAllocation (G1 Evacuation Pause)

Events (20 events):
Event: 5.051 Thread 0x0000018e795ebf10 flushing nmethod 0x0000018e6ce68b90
Event: 5.051 Thread 0x0000018e795ebf10 flushing nmethod 0x0000018e6ce65790
Event: 5.051 Thread 0x0000018e795ebf10 flushing nmethod 0x0000018e6ce5c390
Event: 5.051 Thread 0x0000018e795ebf10 flushing nmethod 0x0000018e6ce5b490
Event: 5.051 Thread 0x0000018e795ebf10 flushing nmethod 0x0000018e6ce4d010
Event: 5.051 Thread 0x0000018e795ebf10 flushing nmethod 0x0000018e6ce4cc10
Event: 5.051 Thread 0x0000018e795ebf10 flushing nmethod 0x0000018e6ce4c890
Event: 5.051 Thread 0x0000018e795ebf10 flushing nmethod 0x0000018e6ce30710
Event: 5.051 Thread 0x0000018e795ebf10 flushing nmethod 0x0000018e6ce2f210
Event: 5.051 Thread 0x0000018e795ebf10 flushing nmethod 0x0000018e6ce4c590
Event: 5.051 Thread 0x0000018e795ebf10 flushing nmethod 0x0000018e6ce50b90
Event: 5.051 Thread 0x0000018e795ebf10 flushing nmethod 0x0000018e6ce4f690
Event: 5.051 Thread 0x0000018e795ebf10 flushing nmethod 0x0000018e6ce49290
Event: 5.051 Thread 0x0000018e795ebf10 flushing nmethod 0x0000018e6ce39310
Event: 5.051 Thread 0x0000018e795ebf10 flushing nmethod 0x0000018e6ce38d10
Event: 5.051 Thread 0x0000018e795ebf10 flushing nmethod 0x0000018e6ce38610
Event: 5.051 Thread 0x0000018e795ebf10 flushing nmethod 0x0000018e6ce3ed90
Event: 5.051 Thread 0x0000018e795ebf10 flushing nmethod 0x0000018e6ce43010
Event: 5.051 Thread 0x0000018e795ebf10 flushing nmethod 0x0000018e6ce3dc10
Event: 5.051 Thread 0x0000018e795ebf10 flushing nmethod 0x0000018e6ce21490


Dynamic libraries:
0x00007ff791390000 - 0x00007ff7913a0000 	C:\Program Files\Java\jdk-21\bin\java.exe
0x00007ff81f2d0000 - 0x00007ff81f4e7000 	C:\WINDOWS\SYSTEM32\ntdll.dll
0x00007ff81dc30000 - 0x00007ff81dcf4000 	C:\WINDOWS\System32\KERNEL32.DLL
0x00007ff81c610000 - 0x00007ff81c9b6000 	C:\WINDOWS\System32\KERNELBASE.dll
0x00007ff81cf00000 - 0x00007ff81d011000 	C:\WINDOWS\System32\ucrtbase.dll
0x00007ff814e60000 - 0x00007ff814e7b000 	C:\Program Files\Java\jdk-21\bin\VCRUNTIME140.dll
0x00007ff818ab0000 - 0x00007ff818ac9000 	C:\Program Files\Java\jdk-21\bin\jli.dll
0x00007ff81f1d0000 - 0x00007ff81f283000 	C:\WINDOWS\System32\ADVAPI32.dll
0x00007ff81eb90000 - 0x00007ff81ec37000 	C:\WINDOWS\System32\msvcrt.dll
0x00007ff81d550000 - 0x00007ff81d5f8000 	C:\WINDOWS\System32\sechost.dll
0x00007ff81ca70000 - 0x00007ff81ca98000 	C:\WINDOWS\System32\bcrypt.dll
0x00007ff81d020000 - 0x00007ff81d137000 	C:\WINDOWS\System32\RPCRT4.dll
0x00007ff81ee00000 - 0x00007ff81efae000 	C:\WINDOWS\System32\USER32.dll
0x00007ff81c9c0000 - 0x00007ff81c9e6000 	C:\WINDOWS\System32\win32u.dll
0x00007ff81d520000 - 0x00007ff81d549000 	C:\WINDOWS\System32\GDI32.dll
0x00007ff81b980000 - 0x00007ff81bc13000 	C:\WINDOWS\WinSxS\amd64_microsoft.windows.common-controls_6595b64144ccf1df_6.0.22621.2506_none_270c5ae97388e100\COMCTL32.dll
0x00007ff81cc70000 - 0x00007ff81cd88000 	C:\WINDOWS\System32\gdi32full.dll
0x00007ff81caa0000 - 0x00007ff81cb3a000 	C:\WINDOWS\System32\msvcp_win.dll
0x00007ff81aae0000 - 0x00007ff81aaea000 	C:\WINDOWS\SYSTEM32\VERSION.dll
0x00007ff81dde0000 - 0x00007ff81de11000 	C:\WINDOWS\System32\IMM32.DLL
0x00007ff81be70000 - 0x00007ff81be7c000 	C:\Program Files\Java\jdk-21\bin\vcruntime140_1.dll
0x00007ff80e770000 - 0x00007ff80e7fe000 	C:\Program Files\Java\jdk-21\bin\msvcp140.dll
0x00007fffe92c0000 - 0x00007fffe9fd7000 	C:\Program Files\Java\jdk-21\bin\server\jvm.dll
0x00007ff81d3a0000 - 0x00007ff81d411000 	C:\WINDOWS\System32\WS2_32.dll
0x00007ff81c170000 - 0x00007ff81c1bd000 	C:\WINDOWS\SYSTEM32\POWRPROF.dll
0x00007ff812070000 - 0x00007ff8120a4000 	C:\WINDOWS\SYSTEM32\WINMM.dll
0x00007ff81bc60000 - 0x00007ff81bc73000 	C:\WINDOWS\SYSTEM32\UMPDC.dll
0x00007ff81a7a0000 - 0x00007ff81a7b8000 	C:\WINDOWS\SYSTEM32\kernel.appcore.dll
0x00007ff81b360000 - 0x00007ff81b36a000 	C:\Program Files\Java\jdk-21\bin\jimage.dll
0x00007ff81bf30000 - 0x00007ff81c163000 	C:\WINDOWS\SYSTEM32\DBGHELP.DLL
0x00007ff81d700000 - 0x00007ff81da89000 	C:\WINDOWS\System32\combase.dll
0x00007ff81daa0000 - 0x00007ff81db77000 	C:\WINDOWS\System32\OLEAUT32.dll
0x00007ff81be20000 - 0x00007ff81be52000 	C:\WINDOWS\SYSTEM32\dbgcore.DLL
0x00007ff81c9f0000 - 0x00007ff81ca6a000 	C:\WINDOWS\System32\bcryptPrimitives.dll
0x00007ff81b370000 - 0x00007ff81b37f000 	C:\Program Files\Java\jdk-21\bin\instrument.dll
0x00007ff80e290000 - 0x00007ff80e2af000 	C:\Program Files\Java\jdk-21\bin\java.dll
0x00007ff81e330000 - 0x00007ff81eb8b000 	C:\WINDOWS\System32\SHELL32.dll
0x00007ff819610000 - 0x00007ff819f06000 	C:\WINDOWS\SYSTEM32\windows.storage.dll
0x00007ff8194d0000 - 0x00007ff81960e000 	C:\WINDOWS\SYSTEM32\wintypes.dll
0x00007ff81d600000 - 0x00007ff81d6f3000 	C:\WINDOWS\System32\SHCORE.dll
0x00007ff81efb0000 - 0x00007ff81f00e000 	C:\WINDOWS\System32\shlwapi.dll
0x00007ff81c540000 - 0x00007ff81c566000 	C:\WINDOWS\SYSTEM32\profapi.dll
0x00007ffffb0c0000 - 0x00007ffffb197000 	C:\Program Files\Java\jdk-21\bin\jsvml.dll
0x00007ff814e20000 - 0x00007ff814e38000 	C:\Program Files\Java\jdk-21\bin\zip.dll
0x00007ff818b60000 - 0x00007ff818b70000 	C:\Program Files\Java\jdk-21\bin\net.dll
0x00007ff815f50000 - 0x00007ff816087000 	C:\WINDOWS\SYSTEM32\WINHTTP.dll
0x00007ff81ac00000 - 0x00007ff81ac69000 	C:\WINDOWS\system32\mswsock.dll
0x00007ff814e40000 - 0x00007ff814e56000 	C:\Program Files\Java\jdk-21\bin\nio.dll
0x00007ff818b20000 - 0x00007ff818b3a000 	C:\Program Files\JetBrains\IntelliJ IDEA Community Edition 2023.3.4\bin\breakgen64.dll
0x00007ff818c30000 - 0x00007ff818c39000 	C:\Program Files\Java\jdk-21\bin\extnet.dll
0x00007ff815ca0000 - 0x00007ff815cae000 	C:\Program Files\Java\jdk-21\bin\sunmscapi.dll
0x00007ff81cd90000 - 0x00007ff81cef6000 	C:\WINDOWS\System32\CRYPT32.dll
0x00007ff81b860000 - 0x00007ff81b88e000 	C:\WINDOWS\SYSTEM32\ncrypt.dll
0x00007ff81b820000 - 0x00007ff81b857000 	C:\WINDOWS\SYSTEM32\NTASN1.dll
0x00007ff81c2b0000 - 0x00007ff81c2cb000 	C:\WINDOWS\SYSTEM32\CRYPTSP.dll
0x00007ff81a6e0000 - 0x00007ff81a715000 	C:\WINDOWS\system32\rsaenh.dll
0x00007ff81acf0000 - 0x00007ff81ad1c000 	C:\WINDOWS\SYSTEM32\USERENV.dll
0x00007ff81ae50000 - 0x00007ff81ae5c000 	C:\WINDOWS\SYSTEM32\CRYPTBASE.dll
0x00007ff81a220000 - 0x00007ff81a24d000 	C:\WINDOWS\SYSTEM32\IPHLPAPI.DLL
0x00007ff81de20000 - 0x00007ff81de29000 	C:\WINDOWS\System32\NSI.dll
0x00007ff81b1b0000 - 0x00007ff81b1ba000 	C:\Program Files\Java\jdk-21\bin\management.dll
0x00007ff818b40000 - 0x00007ff818b4b000 	C:\Program Files\Java\jdk-21\bin\management_ext.dll
0x00007ff81d420000 - 0x00007ff81d428000 	C:\WINDOWS\System32\PSAPI.DLL
0x00007ff81a250000 - 0x00007ff81a349000 	C:\WINDOWS\SYSTEM32\DNSAPI.dll
0x00007ff813bf0000 - 0x00007ff813bfa000 	C:\Windows\System32\rasadhlp.dll
0x00007ff8151c0000 - 0x00007ff815243000 	C:\WINDOWS\System32\fwpuclnt.dll
0x00007ff817ce0000 - 0x00007ff817cf0000 	C:\Program Files\Java\jdk-21\bin\verify.dll

dbghelp: loaded successfully - version: 4.0.5 - missing functions: none
symbol engine: initialized successfully - sym options: 0x614 - pdb path: .;C:\Program Files\Java\jdk-21\bin;C:\WINDOWS\SYSTEM32;C:\WINDOWS\WinSxS\amd64_microsoft.windows.common-controls_6595b64144ccf1df_6.0.22621.2506_none_270c5ae97388e100;C:\Program Files\Java\jdk-21\bin\server;C:\Program Files\JetBrains\IntelliJ IDEA Community Edition 2023.3.4\bin

VM Arguments:
jvm_args: -javaagent:C:\Program Files\JetBrains\IntelliJ IDEA Community Edition 2023.3.4\lib\idea_rt.jar=51888:C:\Program Files\JetBrains\IntelliJ IDEA Community Edition 2023.3.4\bin -Dfile.encoding=UTF-8 -Dsun.stdout.encoding=UTF-8 -Dsun.stderr.encoding=UTF-8 
java_command: com.yash.quizapp.QuizappApplication
java_class_path (initial): D:\Spring Projects\quizapp\target\classes;C:\Users\yashr\.m2\repository\org\springframework\security\spring-security-crypto\6.2.2\spring-security-crypto-6.2.2.jar;C:\Users\yashr\.m2\repository\org\springframework\boot\spring-boot-starter-data-jpa\3.2.3\spring-boot-starter-data-jpa-3.2.3.jar;C:\Users\yashr\.m2\repository\org\springframework\boot\spring-boot-starter-aop\3.2.3\spring-boot-starter-aop-3.2.3.jar;C:\Users\yashr\.m2\repository\org\springframework\spring-aop\6.1.4\spring-aop-6.1.4.jar;C:\Users\yashr\.m2\repository\org\aspectj\aspectjweaver\1.9.21\aspectjweaver-1.9.21.jar;C:\Users\yashr\.m2\repository\org\springframework\boot\spring-boot-starter-jdbc\3.2.3\spring-boot-starter-jdbc-3.2.3.jar;C:\Users\yashr\.m2\repository\com\zaxxer\HikariCP\5.0.1\HikariCP-5.0.1.jar;C:\Users\yashr\.m2\repository\org\springframework\spring-jdbc\6.1.4\spring-jdbc-6.1.4.jar;C:\Users\yashr\.m2\repository\org\hibernate\orm\hibernate-core\6.4.4.Final\hibernate-core-6.4.4.Final.jar;C:\Users\yashr\.m2\repository\jakarta\persistence\jakarta.persistence-api\3.1.0\jakarta.persistence-api-3.1.0.jar;C:\Users\yashr\.m2\repository\jakarta\transaction\jakarta.transaction-api\2.0.1\jakarta.transaction-api-2.0.1.jar;C:\Users\yashr\.m2\repository\org\jboss\logging\jboss-logging\3.5.3.Final\jboss-logging-3.5.3.Final.jar;C:\Users\yashr\.m2\repository\org\hibernate\common\hibernate-commons-annotations\6.0.6.Final\hibernate-commons-annotations-6.0.6.Final.jar;C:\Users\yashr\.m2\repository\io\smallrye\jandex\3.1.2\jandex-3.1.2.jar;C:\Users\yashr\.m2\repository\com\fasterxml\classmate\1.6.0\classmate-1.6.0.jar;C:\Users\yashr\.m2\repository\net\bytebuddy\byte-buddy\1.14.12\byte-buddy-1.14.12.jar;C:\Users\yashr\.m2\repository\org\glassfish\jaxb\jaxb-runtime\4.0.4\jaxb-runtime-4.0.4.jar;C:\Users\yashr\.m2\repository\org\glassfish\jaxb\jaxb-core\4.0.4\jaxb-core-4.0.4.jar;C:\Users\yashr\.m2\repository\org\eclipse\angus\angus-activation\2.0.1\angus-activation-2.0.1.jar;C:\Users\yashr\.m2\repository\org\glassfish\jaxb\txw2\4.0.4\txw2-4.0.4.jar;C:\Users\yashr\.m2\repository\com\sun\istack\istack-commons-runtime\4.1.2\istack-commons-runtime-4.1.2.jar;C:\Users\yashr\.m2\repository\jakarta\inject\jakarta.inject-api\2.0.1\jakarta.inject-api-2.0.1.jar;C:\Users\yashr\.m2\repository\org\antlr\antlr4-runtime\4.13.0\antlr4-runtime-4.13.0.jar;C:\Users\yashr\.m2\repository\org\springframework\data\spring-data-jpa\3.2.3\spring-data-jpa-3.2.3.jar;C:\Users\yashr\.m2\repository\org\springframework\data\spring-data-commons\3.2.3\spring-data-commons-3.2.3.jar;C:\Users\yashr\.m2\repository\org\springframework\spring-orm\6.1.4\spring-orm-6.1.4.jar;C:\Users\yashr\.m2\repository\org\springframework\spring-context\6.1.4\spring-context-6.1.4.jar;C:\Users\yashr\.m2\repository\org\springframework\spring-tx\6.1.4\spring-tx-6.1.4.jar;C:\Users\yashr\.m2\repository\org\springframework\spring-beans\6.1.4\spring-beans-6.1.4.jar;C:\Users\yashr\.m2\repository\jakarta\annotation\jakarta.annotation-api\2.1.1\jakarta.annotation-api-2.1.1.jar;C:\Users\yashr\.m2\repository\org\slf4j\slf4j-api\2.0.12\slf4j-api-2.0.12.jar;C:\Users\yashr\.m2\repository\org\springframework\spring-aspects\6.1.4\spring-aspects-6.1.4.jar;C:\Users\yashr\.m2\repository\org\springframework\boot\spring-boot-starter-web\3.2.3\spring-boot-starter-web-3.2.3.jar;C:\Users\yashr\.m2\repository\org\springframework\boot\spring-boot-starter\3.2.3\spring-boot-starter-3.2.3.jar;C:\Users\yashr\.m2\repository\org\springframework\boot\spring-boot\3.2.3\spring-boot-3.2.3.jar;C:\Users\yashr\.m2\repository\org\springframework\boot\spring-boot-autoconfigure\3.2.3\spring-boot-autoconfigure-3.2.3.jar;C:\Users\yashr\.m2\repository\org\springframework\boot\spring-boot-starter-logging\3.2.3\spring-boot-starter-logging-3.2.3.jar;C:\Users\yashr\.m2\repository\ch\qos\logback\logback-classic\1.4.14\logback-classic-1.4.14.jar;C:\Users\yashr\.m2\repository\ch\qos\logback\logback-core\1.4.14\logback-core-1.4.14.jar;C:\Users\yashr\.m2\repository\org\apache\logging\log4j\log4j-to-slf4j\2.21.1\log4j-to-slf4j-2.21.1.jar;C:\Users\yashr\.m2\repository\org\apache\logging\log4j\log4j-api\2.21.1\log4j-api-2.21.1.jar;C:\Users\yashr\.m2\repository\org\slf4j\jul-to-slf4j\2.0.12\jul-to-slf4j-2.0.12.jar;C:\Users\yashr\.m2\repository\org\yaml\snakeyaml\2.2\snakeyaml-2.2.jar;C:\Users\yashr\.m2\repository\org\springframework\boot\spring-boot-starter-json\3.2.3\spring-boot-starter-json-3.2.3.jar;C:\Users\yashr\.m2\repository\com\fasterxml\jackson\core\jackson-databind\2.15.4\jackson-databind-2.15.4.jar;C:\Users\yashr\.m2\repository\com\fasterxml\jackson\core\jackson-annotations\2.15.4\jackson-annotations-2.15.4.jar;C:\Users\yashr\.m2\repository\com\fasterxml\jackson\core\jackson-core\2.15.4\jackson-core-2.15.4.jar;C:\Users\yashr\.m2\repository\com\fasterxml\jackson\datatype\jackson-datatype-jdk8\2.15.4\jackson-datatype-jdk8-2.15.4.jar;C:\Users\yashr\.m2\repository\com\fasterxml\jackson\datatype\jackson-datatype-jsr310\2.15.4\jackson-datatype-jsr310-2.15.4.jar;C:\Users\yashr\.m2\repository\com\fasterxml\jackson\module\jackson-module-parameter-names\2.15.4\jackson-module-parameter-names-2.15.4.jar;C:\Users\yashr\.m2\repository\org\springframework\boot\spring-boot-starter-tomcat\3.2.3\spring-boot-starter-tomcat-3.2.3.jar;C:\Users\yashr\.m2\repository\org\apache\tomcat\embed\tomcat-embed-core\10.1.19\tomcat-embed-core-10.1.19.jar;C:\Users\yashr\.m2\repository\org\apache\tomcat\embed\tomcat-embed-el\10.1.19\tomcat-embed-el-10.1.19.jar;C:\Users\yashr\.m2\repository\org\apache\tomcat\embed\tomcat-embed-websocket\10.1.19\tomcat-embed-websocket-10.1.19.jar;C:\Users\yashr\.m2\repository\org\springframework\spring-web\6.1.4\spring-web-6.1.4.jar;C:\Users\yashr\.m2\repository\io\micrometer\micrometer-observation\1.12.3\micrometer-observation-1.12.3.jar;C:\Users\yashr\.m2\repository\io\micrometer\micrometer-commons\1.12.3\micrometer-commons-1.12.3.jar;C:\Users\yashr\.m2\repository\org\springframework\spring-webmvc\6.1.4\spring-webmvc-6.1.4.jar;C:\Users\yashr\.m2\repository\org\springframework\spring-expression\6.1.4\spring-expression-6.1.4.jar;C:\Users\yashr\.m2\repository\org\postgresql\postgresql\42.6.1\postgresql-42.6.1.jar;C:\Users\yashr\.m2\repository\org\checkerframework\checker-qual\3.31.0\checker-qual-3.31.0.jar;C:\Users\yashr\.m2\repository\org\projectlombok\lombok\1.18.30\lombok-1.18.30.jar;C:\Users\yashr\.m2\repository\jakarta\xml\bind\jakarta.xml.bind-api\4.0.1\jakarta.xml.bind-api-4.0.1.jar;C:\Users\yashr\.m2\repository\jakarta\activation\jakarta.activation-api\2.1.2\jakarta.activation-api-2.1.2.jar;C:\Users\yashr\.m2\repository\org\springframework\spring-core\6.1.4\spring-core-6.1.4.jar;C:\Users\yashr\.m2\repository\org\springframework\spring-jcl\6.1.4\spring-jcl-6.1.4.jar
Launcher Type: SUN_STANDARD

[Global flags]
     intx CICompilerCount                          = 4                                         {product} {ergonomic}
     uint ConcGCThreads                            = 2                                         {product} {ergonomic}
     uint G1ConcRefinementThreads                  = 8                                         {product} {ergonomic}
   size_t G1HeapRegionSize                         = 1048576                                   {product} {ergonomic}
    uintx GCDrainStackTargetSize                   = 64                                        {product} {ergonomic}
   size_t InitialHeapSize                          = 125829120                                 {product} {ergonomic}
   size_t MarkStackSize                            = 4194304                                   {product} {ergonomic}
   size_t MaxHeapSize                              = 1992294400                                {product} {ergonomic}
   size_t MaxNewSize                               = 1195376640                                {product} {ergonomic}
   size_t MinHeapDeltaBytes                        = 1048576                                   {product} {ergonomic}
   size_t MinHeapSize                              = 8388608                                   {product} {ergonomic}
    uintx NonNMethodCodeHeapSize                   = 5839372                                {pd product} {ergonomic}
    uintx NonProfiledCodeHeapSize                  = 122909434                              {pd product} {ergonomic}
    uintx ProfiledCodeHeapSize                     = 122909434                              {pd product} {ergonomic}
    uintx ReservedCodeCacheSize                    = 251658240                              {pd product} {ergonomic}
     bool SegmentedCodeCache                       = true                                      {product} {ergonomic}
   size_t SoftMaxHeapSize                          = 1992294400                             {manageable} {ergonomic}
     bool UseCompressedOops                        = true                           {product lp64_product} {ergonomic}
     bool UseG1GC                                  = true                                      {product} {ergonomic}
     bool UseLargePagesIndividualAllocation        = false                                  {pd product} {ergonomic}

Logging:
Log output configuration:
 #0: stdout all=warning uptime,level,tags foldmultilines=false
 #1: stderr all=off uptime,level,tags foldmultilines=false

Environment Variables:
PATH=C:\Program Files\Common Files\Oracle\Java\javapath;C:\Python311\Scripts\;C:\Python311\;C:\Program Files\Python39\Scripts\;C:\Program Files\Python39\;C:\WINDOWS\system32;C:\WINDOWS;C:\WINDOWS\System32\Wbem;C:\WINDOWS\System32\WindowsPowerShell\v1.0\;C:\WINDOWS\System32\OpenSSH\;C:\Program Files\mingw-w64\x86_64-8.1.0-posix-seh-rt_v6-rev0\mingw64\bin;C:\Program Files\MySQL\MySQL Server 8.0\bin;C:\ProgramData\chocolatey\bin;C:\Program Files\nodejs\;D:\ApacheJMeter\apache-jmeter-5.6\bin;C:\Program Files\Docker\Docker\resources\bin;C:\tools;C:\minikube;C:\Program Files\Git\cmd;C:\Users\yashr\.cargo\bin;C:\Users\yashr\AppData\Local\Microsoft\WindowsApps;C:\Program Files\JetBrains\IntelliJ IDEA Community Edition 2023.3.4\bin;;C:\Program Files\JetBrains\PyCharm Community Edition 2020.2.3\bin;;C:\Users\yashr\AppData\Local\Programs\Microsoft VS Code\bin;C:\Users\yashr\AppData\Local\GitHubDesktop\bin;C:\Users\yashr\AppData\Roaming\npm
USERNAME=yashr
OS=Windows_NT
PROCESSOR_IDENTIFIER=AMD64 Family 23 Model 96 Stepping 1, AuthenticAMD
TMP=C:\Users\yashr\AppData\Local\Temp
TEMP=C:\Users\yashr\AppData\Local\Temp




Periodic native trim disabled

---------------  S Y S T E M  ---------------

OS:
 Windows 11 , 64 bit Build 22621 (10.0.22621.3085)
OS uptime: 1 days 22:33 hours
Hyper-V role detected

CPU: total 8 (initial active 8) (8 cores per cpu, 1 threads per core) family 23 model 96 stepping 1 microcode 0x0, cx8, cmov, fxsr, mmx, 3dnowpref, sse, sse2, sse3, ssse3, sse4a, sse4.1, sse4.2, popcnt, lzcnt, tsc, tscinvbit, avx, avx2, aes, clmul, bmi1, bmi2, adx, sha, fma, vzeroupper, clflush, clflushopt, hv, rdtscp, rdpid, f16c
Processor Information for all 8 processors :
  Max Mhz: 2000, Current Mhz: 2000, Mhz Limit: 2000

Memory: 4k page, system-wide physical 7599M (1090M free)
TotalPageFile size 9444M (AvailPageFile size 13M)
current process WorkingSet (physical memory assigned to process): 204M, peak: 209M
current process commit charge ("private bytes"): 243M, peak: 273M

vm_info: Java HotSpot(TM) 64-Bit Server VM (21.0.2+13-LTS-58) for windows-amd64 JRE (21.0.2+13-LTS-58), built on 2024-01-05T18:32:24Z by "mach5one" with MS VC++ 17.1 (VS2022)

END.
