#
# There is insufficient memory for the Java Runtime Environment to continue.
# Native memory allocation (malloc) failed to allocate 787376 bytes for Chunk::new
# Possible reasons:
#   The system is out of physical RAM or swap space
#   The process is running with CompressedOops enabled, and the Java Heap may be blocking the growth of the native heap
# Possible solutions:
#   Reduce memory load on the system
#   Increase physical memory or swap space
#   Check if swap backing store is full
#   Decrease Java heap size (-Xmx/-Xms)
#   Decrease number of Java threads
#   Decrease Java thread stack sizes (-Xss)
#   Set larger code cache with -XX:ReservedCodeCacheSize=
#   JVM is running with Unscaled Compressed Oops mode in which the Java heap is
#     placed in the first 4GB address space. The Java Heap base address is the
#     maximum limit for the native heap growth. Please use -XX:HeapBaseMinAddress
#     to set the Java Heap base and to place the Java Heap above 4GB virtual address.
# This output file may be truncated or incomplete.
#
#  Out of Memory Error (arena.cpp:168), pid=12584, tid=8020
#
# JRE version: Java(TM) SE Runtime Environment (21.0.2+13) (build 21.0.2+13-LTS-58)
# Java VM: Java HotSpot(TM) 64-Bit Server VM (21.0.2+13-LTS-58, mixed mode, sharing, tiered, compressed oops, compressed class ptrs, g1 gc, windows-amd64)
# No core dump will be written. Minidumps are not enabled by default on client versions of Windows
#

---------------  S U M M A R Y ------------

Command Line: -javaagent:C:\Program Files\JetBrains\IntelliJ IDEA Community Edition 2023.3.4\lib\idea_rt.jar=60288:C:\Program Files\JetBrains\IntelliJ IDEA Community Edition 2023.3.4\bin -Dfile.encoding=UTF-8 -Dsun.stdout.encoding=UTF-8 -Dsun.stderr.encoding=UTF-8 com.yash.quizapp.QuizappApplication

Host: AMD Ryzen 7 4700U with Radeon Graphics         , 8 cores, 7G,  Windows 11 , 64 bit Build 22621 (10.0.22621.3085)
Time: Tue Feb 27 13:54:13 2024 India Standard Time elapsed time: 1.462818 seconds (0d 0h 0m 1s)

---------------  T H R E A D  ---------------

Current thread (0x000001f471624d60):  JavaThread "C2 CompilerThread0" daemon [_thread_in_native, id=8020, stack(0x00000085a7c00000,0x00000085a7d00000) (1024K)]


Current CompileTask:
C2:   1462 2432       4       java.lang.invoke.MethodType::methodType (69 bytes)

Stack: [0x00000085a7c00000,0x00000085a7d00000]
Native frames: (J=compiled Java code, j=interpreted, Vv=VM code, C=native code)
V  [jvm.dll+0x6cade9]
V  [jvm.dll+0x8569c1]
V  [jvm.dll+0x858d2e]
V  [jvm.dll+0x859413]
V  [jvm.dll+0x280e56]
V  [jvm.dll+0xc3f3d]
V  [jvm.dll+0xc4473]
V  [jvm.dll+0x2f437f]
V  [jvm.dll+0x5f5056]
V  [jvm.dll+0x252d7f]
V  [jvm.dll+0x25315f]
V  [jvm.dll+0x24b8e0]
V  [jvm.dll+0x2490a3]
V  [jvm.dll+0x1c9634]
V  [jvm.dll+0x258859]
V  [jvm.dll+0x256e3a]
V  [jvm.dll+0x3ef6c6]
V  [jvm.dll+0x7ff568]
V  [jvm.dll+0x6c953d]
C  [ucrtbase.dll+0x29363]
C  [KERNEL32.DLL+0x1257d]
C  [ntdll.dll+0x5aa58]


---------------  P R O C E S S  ---------------

Threads class SMR info:
_java_thread_list=0x000001f476f37fc0, length=13, elements={
0x000001f452d66fe0, 0x000001f471612230, 0x000001f471612f50, 0x000001f4716152b0,
0x000001f471617fc0, 0x000001f471617460, 0x000001f471619380, 0x000001f471624d60,
0x000001f47164f570, 0x000001f471834ff0, 0x000001f471915660, 0x000001f4760f92b0,
0x000001f4760f9920
}

Java Threads: ( => current thread )
  0x000001f452d66fe0 JavaThread "main"                              [_thread_in_vm, id=12564, stack(0x00000085a6e00000,0x00000085a6f00000) (1024K)]
  0x000001f471612230 JavaThread "Reference Handler"          daemon [_thread_blocked, id=11052, stack(0x00000085a7600000,0x00000085a7700000) (1024K)]
  0x000001f471612f50 JavaThread "Finalizer"                  daemon [_thread_blocked, id=11816, stack(0x00000085a7700000,0x00000085a7800000) (1024K)]
  0x000001f4716152b0 JavaThread "Signal Dispatcher"          daemon [_thread_blocked, id=13080, stack(0x00000085a7800000,0x00000085a7900000) (1024K)]
  0x000001f471617fc0 JavaThread "Attach Listener"            daemon [_thread_blocked, id=9864, stack(0x00000085a7900000,0x00000085a7a00000) (1024K)]
  0x000001f471617460 JavaThread "Service Thread"             daemon [_thread_blocked, id=10984, stack(0x00000085a7a00000,0x00000085a7b00000) (1024K)]
  0x000001f471619380 JavaThread "Monitor Deflation Thread"   daemon [_thread_blocked, id=4644, stack(0x00000085a7b00000,0x00000085a7c00000) (1024K)]
=>0x000001f471624d60 JavaThread "C2 CompilerThread0"         daemon [_thread_in_native, id=8020, stack(0x00000085a7c00000,0x00000085a7d00000) (1024K)]
  0x000001f47164f570 JavaThread "C1 CompilerThread0"         daemon [_thread_in_vm, id=3896, stack(0x00000085a7d00000,0x00000085a7e00000) (1024K)]
  0x000001f471834ff0 JavaThread "Common-Cleaner"             daemon [_thread_blocked, id=14212, stack(0x00000085a7e00000,0x00000085a7f00000) (1024K)]
  0x000001f471915660 JavaThread "C2 CompilerThread1"         daemon [_thread_in_native, id=11056, stack(0x00000085a7f00000,0x00000085a8000000) (1024K)]
  0x000001f4760f92b0 JavaThread "Monitor Ctrl-Break"         daemon [_thread_in_native, id=14260, stack(0x00000085a8000000,0x00000085a8100000) (1024K)]
  0x000001f4760f9920 JavaThread "Notification Thread"        daemon [_thread_blocked, id=7016, stack(0x00000085a8100000,0x00000085a8200000) (1024K)]
Total: 13

Other Threads:
  0x000001f4715f3c20 VMThread "VM Thread"                           [id=5572, stack(0x00000085a7500000,0x00000085a7600000) (1024K)]
  0x000001f4715da3f0 WatcherThread "VM Periodic Task Thread"        [id=7740, stack(0x00000085a7400000,0x00000085a7500000) (1024K)]
  0x000001f454f639c0 WorkerThread "GC Thread#0"                     [id=8984, stack(0x00000085a6f00000,0x00000085a7000000) (1024K)]
  0x000001f4769c3420 WorkerThread "GC Thread#1"                     [id=13536, stack(0x00000085a8200000,0x00000085a8300000) (1024K)]
  0x000001f4769cab30 WorkerThread "GC Thread#2"                     [id=10564, stack(0x00000085a8300000,0x00000085a8400000) (1024K)]
  0x000001f4769caed0 WorkerThread "GC Thread#3"                     [id=6716, stack(0x00000085a8400000,0x00000085a8500000) (1024K)]
  0x000001f476a44210 WorkerThread "GC Thread#4"                     [id=5756, stack(0x00000085a8500000,0x00000085a8600000) (1024K)]
  0x000001f476a445b0 WorkerThread "GC Thread#5"                     [id=3340, stack(0x00000085a8600000,0x00000085a8700000) (1024K)]
  0x000001f476d1cd00 WorkerThread "GC Thread#6"                     [id=13044, stack(0x00000085a8800000,0x00000085a8900000) (1024K)]
  0x000001f476deec00 WorkerThread "GC Thread#7"                     [id=13644, stack(0x00000085a8900000,0x00000085a8a00000) (1024K)]
  0x000001f454f73720 ConcurrentGCThread "G1 Main Marker"            [id=10536, stack(0x00000085a7000000,0x00000085a7100000) (1024K)]
  0x000001f454f743d0 WorkerThread "G1 Conc#0"                       [id=1624, stack(0x00000085a7100000,0x00000085a7200000) (1024K)]
  0x000001f454fceb60 ConcurrentGCThread "G1 Refine#0"               [id=13380, stack(0x00000085a7200000,0x00000085a7300000) (1024K)]
  0x000001f4714ae880 ConcurrentGCThread "G1 Service"                [id=10080, stack(0x00000085a7300000,0x00000085a7400000) (1024K)]
Total: 14

Threads with active compile tasks:
C2 CompilerThread0     1472 2432       4       java.lang.invoke.MethodType::methodType (69 bytes)
C1 CompilerThread0     1472 2552  s    3       java.lang.Throwable::fillInStackTrace (29 bytes)
C2 CompilerThread1     1472 2427       4       java.lang.invoke.MethodType::makeImpl (109 bytes)
Total: 3

VM state: not at safepoint (normal execution)

VM Mutex/Monitor currently owned by a thread:  ([mutex/lock_event])
[0x00007fffa597ace8] Metaspace_lock - owner thread: 0x000001f47164f570

Heap address: 0x0000000089400000, size: 1900 MB, Compressed Oops mode: 32-bit

CDS archive(s) mapped at: [0x000001f400000000-0x000001f400c90000-0x000001f400c90000), size 13172736, SharedBaseAddress: 0x000001f400000000, ArchiveRelocationMode: 1.
Compressed class space mapped at: 0x000001f401000000-0x000001f441000000, reserved size: 1073741824
Narrow klass base: 0x000001f400000000, Narrow klass shift: 0, Narrow klass range: 0x100000000

GC Precious Log:
 CardTable entry size: 512
 Card Set container configuration: InlinePtr #cards 5 size 8 Array Of Cards #cards 12 size 40 Howl #buckets 4 coarsen threshold 1843 Howl Bitmap #cards 512 size 80 coarsen threshold 460 Card regions per heap region 1 cards per card region 2048
 CPUs: 8 total, 8 available
 Memory: 7599M
 Large Page Support: Disabled
 NUMA Support: Disabled
 Compressed Oops: Enabled (32-bit)
 Heap Region Size: 1M
 Heap Min Capacity: 8M
 Heap Initial Capacity: 120M
 Heap Max Capacity: 1900M
 Pre-touch: Disabled
 Parallel Workers: 8
 Concurrent Workers: 2
 Concurrent Refinement Workers: 8
 Periodic GC: Disabled

Heap:
 garbage-first heap   total 122880K, used 31148K [0x0000000089400000, 0x0000000100000000)
  region size 1024K, 26 young (26624K), 3 survivors (3072K)
 Metaspace       used 18560K, committed 18816K, reserved 1114112K
  class space    used 2228K, committed 2368K, reserved 1048576K

Heap Regions: E=young(eden), S=young(survivor), O=old, HS=humongous(starts), HC=humongous(continues), CS=collection set, F=free, TAMS=top-at-mark-start, PB=parsable bottom
|   0|0x0000000089400000, 0x0000000089500000, 0x0000000089500000|100%|HS|  |TAMS 0x0000000089400000| PB 0x0000000089400000| Complete 
|   1|0x0000000089500000, 0x0000000089600000, 0x0000000089600000|100%| O|  |TAMS 0x0000000089500000| PB 0x0000000089500000| Untracked 
|   2|0x0000000089600000, 0x0000000089700000, 0x0000000089700000|100%| O|  |TAMS 0x0000000089600000| PB 0x0000000089600000| Untracked 
|   3|0x0000000089700000, 0x0000000089800000, 0x0000000089800000|100%| O|  |TAMS 0x0000000089700000| PB 0x0000000089700000| Untracked 
|   4|0x0000000089800000, 0x0000000089900000, 0x0000000089900000|100%| O|  |TAMS 0x0000000089800000| PB 0x0000000089800000| Untracked 
|   5|0x0000000089900000, 0x0000000089a00000, 0x0000000089a00000|100%| O|  |TAMS 0x0000000089900000| PB 0x0000000089900000| Untracked 
|   6|0x0000000089a00000, 0x0000000089ab9a40, 0x0000000089b00000| 72%| O|  |TAMS 0x0000000089a00000| PB 0x0000000089a00000| Untracked 
|   7|0x0000000089b00000, 0x0000000089b00000, 0x0000000089c00000|  0%| F|  |TAMS 0x0000000089b00000| PB 0x0000000089b00000| Untracked 
|   8|0x0000000089c00000, 0x0000000089c00000, 0x0000000089d00000|  0%| F|  |TAMS 0x0000000089c00000| PB 0x0000000089c00000| Untracked 
|   9|0x0000000089d00000, 0x0000000089d00000, 0x0000000089e00000|  0%| F|  |TAMS 0x0000000089d00000| PB 0x0000000089d00000| Untracked 
|  10|0x0000000089e00000, 0x0000000089e00000, 0x0000000089f00000|  0%| F|  |TAMS 0x0000000089e00000| PB 0x0000000089e00000| Untracked 
|  11|0x0000000089f00000, 0x0000000089f00000, 0x000000008a000000|  0%| F|  |TAMS 0x0000000089f00000| PB 0x0000000089f00000| Untracked 
|  12|0x000000008a000000, 0x000000008a000000, 0x000000008a100000|  0%| F|  |TAMS 0x000000008a000000| PB 0x000000008a000000| Untracked 
|  13|0x000000008a100000, 0x000000008a100000, 0x000000008a200000|  0%| F|  |TAMS 0x000000008a100000| PB 0x000000008a100000| Untracked 
|  14|0x000000008a200000, 0x000000008a200000, 0x000000008a300000|  0%| F|  |TAMS 0x000000008a200000| PB 0x000000008a200000| Untracked 
|  15|0x000000008a300000, 0x000000008a300000, 0x000000008a400000|  0%| F|  |TAMS 0x000000008a300000| PB 0x000000008a300000| Untracked 
|  16|0x000000008a400000, 0x000000008a400000, 0x000000008a500000|  0%| F|  |TAMS 0x000000008a400000| PB 0x000000008a400000| Untracked 
|  17|0x000000008a500000, 0x000000008a500000, 0x000000008a600000|  0%| F|  |TAMS 0x000000008a500000| PB 0x000000008a500000| Untracked 
|  18|0x000000008a600000, 0x000000008a600000, 0x000000008a700000|  0%| F|  |TAMS 0x000000008a600000| PB 0x000000008a600000| Untracked 
|  19|0x000000008a700000, 0x000000008a700000, 0x000000008a800000|  0%| F|  |TAMS 0x000000008a700000| PB 0x000000008a700000| Untracked 
|  20|0x000000008a800000, 0x000000008a800000, 0x000000008a900000|  0%| F|  |TAMS 0x000000008a800000| PB 0x000000008a800000| Untracked 
|  21|0x000000008a900000, 0x000000008a900000, 0x000000008aa00000|  0%| F|  |TAMS 0x000000008a900000| PB 0x000000008a900000| Untracked 
|  22|0x000000008aa00000, 0x000000008aa00000, 0x000000008ab00000|  0%| F|  |TAMS 0x000000008aa00000| PB 0x000000008aa00000| Untracked 
|  23|0x000000008ab00000, 0x000000008ab00000, 0x000000008ac00000|  0%| F|  |TAMS 0x000000008ab00000| PB 0x000000008ab00000| Untracked 
|  24|0x000000008ac00000, 0x000000008ac00000, 0x000000008ad00000|  0%| F|  |TAMS 0x000000008ac00000| PB 0x000000008ac00000| Untracked 
|  25|0x000000008ad00000, 0x000000008ad00000, 0x000000008ae00000|  0%| F|  |TAMS 0x000000008ad00000| PB 0x000000008ad00000| Untracked 
|  26|0x000000008ae00000, 0x000000008ae00000, 0x000000008af00000|  0%| F|  |TAMS 0x000000008ae00000| PB 0x000000008ae00000| Untracked 
|  27|0x000000008af00000, 0x000000008af00000, 0x000000008b000000|  0%| F|  |TAMS 0x000000008af00000| PB 0x000000008af00000| Untracked 
|  28|0x000000008b000000, 0x000000008b000000, 0x000000008b100000|  0%| F|  |TAMS 0x000000008b000000| PB 0x000000008b000000| Untracked 
|  29|0x000000008b100000, 0x000000008b100000, 0x000000008b200000|  0%| F|  |TAMS 0x000000008b100000| PB 0x000000008b100000| Untracked 
|  30|0x000000008b200000, 0x000000008b200000, 0x000000008b300000|  0%| F|  |TAMS 0x000000008b200000| PB 0x000000008b200000| Untracked 
|  31|0x000000008b300000, 0x000000008b300000, 0x000000008b400000|  0%| F|  |TAMS 0x000000008b300000| PB 0x000000008b300000| Untracked 
|  32|0x000000008b400000, 0x000000008b400000, 0x000000008b500000|  0%| F|  |TAMS 0x000000008b400000| PB 0x000000008b400000| Untracked 
|  33|0x000000008b500000, 0x000000008b500000, 0x000000008b600000|  0%| F|  |TAMS 0x000000008b500000| PB 0x000000008b500000| Untracked 
|  34|0x000000008b600000, 0x000000008b600000, 0x000000008b700000|  0%| F|  |TAMS 0x000000008b600000| PB 0x000000008b600000| Untracked 
|  35|0x000000008b700000, 0x000000008b700000, 0x000000008b800000|  0%| F|  |TAMS 0x000000008b700000| PB 0x000000008b700000| Untracked 
|  36|0x000000008b800000, 0x000000008b800000, 0x000000008b900000|  0%| F|  |TAMS 0x000000008b800000| PB 0x000000008b800000| Untracked 
|  37|0x000000008b900000, 0x000000008b900000, 0x000000008ba00000|  0%| F|  |TAMS 0x000000008b900000| PB 0x000000008b900000| Untracked 
|  38|0x000000008ba00000, 0x000000008ba00000, 0x000000008bb00000|  0%| F|  |TAMS 0x000000008ba00000| PB 0x000000008ba00000| Untracked 
|  39|0x000000008bb00000, 0x000000008bb00000, 0x000000008bc00000|  0%| F|  |TAMS 0x000000008bb00000| PB 0x000000008bb00000| Untracked 
|  40|0x000000008bc00000, 0x000000008bc00000, 0x000000008bd00000|  0%| F|  |TAMS 0x000000008bc00000| PB 0x000000008bc00000| Untracked 
|  41|0x000000008bd00000, 0x000000008bd00000, 0x000000008be00000|  0%| F|  |TAMS 0x000000008bd00000| PB 0x000000008bd00000| Untracked 
|  42|0x000000008be00000, 0x000000008be00000, 0x000000008bf00000|  0%| F|  |TAMS 0x000000008be00000| PB 0x000000008be00000| Untracked 
|  43|0x000000008bf00000, 0x000000008bf00000, 0x000000008c000000|  0%| F|  |TAMS 0x000000008bf00000| PB 0x000000008bf00000| Untracked 
|  44|0x000000008c000000, 0x000000008c000000, 0x000000008c100000|  0%| F|  |TAMS 0x000000008c000000| PB 0x000000008c000000| Untracked 
|  45|0x000000008c100000, 0x000000008c100000, 0x000000008c200000|  0%| F|  |TAMS 0x000000008c100000| PB 0x000000008c100000| Untracked 
|  46|0x000000008c200000, 0x000000008c200000, 0x000000008c300000|  0%| F|  |TAMS 0x000000008c200000| PB 0x000000008c200000| Untracked 
|  47|0x000000008c300000, 0x000000008c300000, 0x000000008c400000|  0%| F|  |TAMS 0x000000008c300000| PB 0x000000008c300000| Untracked 
|  48|0x000000008c400000, 0x000000008c400000, 0x000000008c500000|  0%| F|  |TAMS 0x000000008c400000| PB 0x000000008c400000| Untracked 
|  49|0x000000008c500000, 0x000000008c500000, 0x000000008c600000|  0%| F|  |TAMS 0x000000008c500000| PB 0x000000008c500000| Untracked 
|  50|0x000000008c600000, 0x000000008c600000, 0x000000008c700000|  0%| F|  |TAMS 0x000000008c600000| PB 0x000000008c600000| Untracked 
|  51|0x000000008c700000, 0x000000008c700000, 0x000000008c800000|  0%| F|  |TAMS 0x000000008c700000| PB 0x000000008c700000| Untracked 
|  52|0x000000008c800000, 0x000000008c800000, 0x000000008c900000|  0%| F|  |TAMS 0x000000008c800000| PB 0x000000008c800000| Untracked 
|  53|0x000000008c900000, 0x000000008c900000, 0x000000008ca00000|  0%| F|  |TAMS 0x000000008c900000| PB 0x000000008c900000| Untracked 
|  54|0x000000008ca00000, 0x000000008ca00000, 0x000000008cb00000|  0%| F|  |TAMS 0x000000008ca00000| PB 0x000000008ca00000| Untracked 
|  55|0x000000008cb00000, 0x000000008cb00000, 0x000000008cc00000|  0%| F|  |TAMS 0x000000008cb00000| PB 0x000000008cb00000| Untracked 
|  56|0x000000008cc00000, 0x000000008cc00000, 0x000000008cd00000|  0%| F|  |TAMS 0x000000008cc00000| PB 0x000000008cc00000| Untracked 
|  57|0x000000008cd00000, 0x000000008cd00000, 0x000000008ce00000|  0%| F|  |TAMS 0x000000008cd00000| PB 0x000000008cd00000| Untracked 
|  58|0x000000008ce00000, 0x000000008ce00000, 0x000000008cf00000|  0%| F|  |TAMS 0x000000008ce00000| PB 0x000000008ce00000| Untracked 
|  59|0x000000008cf00000, 0x000000008cf00000, 0x000000008d000000|  0%| F|  |TAMS 0x000000008cf00000| PB 0x000000008cf00000| Untracked 
|  60|0x000000008d000000, 0x000000008d000000, 0x000000008d100000|  0%| F|  |TAMS 0x000000008d000000| PB 0x000000008d000000| Untracked 
|  61|0x000000008d100000, 0x000000008d100000, 0x000000008d200000|  0%| F|  |TAMS 0x000000008d100000| PB 0x000000008d100000| Untracked 
|  62|0x000000008d200000, 0x000000008d200000, 0x000000008d300000|  0%| F|  |TAMS 0x000000008d200000| PB 0x000000008d200000| Untracked 
|  63|0x000000008d300000, 0x000000008d300000, 0x000000008d400000|  0%| F|  |TAMS 0x000000008d300000| PB 0x000000008d300000| Untracked 
|  64|0x000000008d400000, 0x000000008d400000, 0x000000008d500000|  0%| F|  |TAMS 0x000000008d400000| PB 0x000000008d400000| Untracked 
|  65|0x000000008d500000, 0x000000008d500000, 0x000000008d600000|  0%| F|  |TAMS 0x000000008d500000| PB 0x000000008d500000| Untracked 
|  66|0x000000008d600000, 0x000000008d600000, 0x000000008d700000|  0%| F|  |TAMS 0x000000008d600000| PB 0x000000008d600000| Untracked 
|  67|0x000000008d700000, 0x000000008d700000, 0x000000008d800000|  0%| F|  |TAMS 0x000000008d700000| PB 0x000000008d700000| Untracked 
|  68|0x000000008d800000, 0x000000008d800000, 0x000000008d900000|  0%| F|  |TAMS 0x000000008d800000| PB 0x000000008d800000| Untracked 
|  69|0x000000008d900000, 0x000000008d900000, 0x000000008da00000|  0%| F|  |TAMS 0x000000008d900000| PB 0x000000008d900000| Untracked 
|  70|0x000000008da00000, 0x000000008da00000, 0x000000008db00000|  0%| F|  |TAMS 0x000000008da00000| PB 0x000000008da00000| Untracked 
|  71|0x000000008db00000, 0x000000008db00000, 0x000000008dc00000|  0%| F|  |TAMS 0x000000008db00000| PB 0x000000008db00000| Untracked 
|  72|0x000000008dc00000, 0x000000008dc00000, 0x000000008dd00000|  0%| F|  |TAMS 0x000000008dc00000| PB 0x000000008dc00000| Untracked 
|  73|0x000000008dd00000, 0x000000008dd00000, 0x000000008de00000|  0%| F|  |TAMS 0x000000008dd00000| PB 0x000000008dd00000| Untracked 
|  74|0x000000008de00000, 0x000000008de00000, 0x000000008df00000|  0%| F|  |TAMS 0x000000008de00000| PB 0x000000008de00000| Untracked 
|  75|0x000000008df00000, 0x000000008df00000, 0x000000008e000000|  0%| F|  |TAMS 0x000000008df00000| PB 0x000000008df00000| Untracked 
|  76|0x000000008e000000, 0x000000008e000000, 0x000000008e100000|  0%| F|  |TAMS 0x000000008e000000| PB 0x000000008e000000| Untracked 
|  77|0x000000008e100000, 0x000000008e100000, 0x000000008e200000|  0%| F|  |TAMS 0x000000008e100000| PB 0x000000008e100000| Untracked 
|  78|0x000000008e200000, 0x000000008e200000, 0x000000008e300000|  0%| F|  |TAMS 0x000000008e200000| PB 0x000000008e200000| Untracked 
|  79|0x000000008e300000, 0x000000008e300000, 0x000000008e400000|  0%| F|  |TAMS 0x000000008e300000| PB 0x000000008e300000| Untracked 
|  80|0x000000008e400000, 0x000000008e400000, 0x000000008e500000|  0%| F|  |TAMS 0x000000008e400000| PB 0x000000008e400000| Untracked 
|  81|0x000000008e500000, 0x000000008e500000, 0x000000008e600000|  0%| F|  |TAMS 0x000000008e500000| PB 0x000000008e500000| Untracked 
|  82|0x000000008e600000, 0x000000008e600000, 0x000000008e700000|  0%| F|  |TAMS 0x000000008e600000| PB 0x000000008e600000| Untracked 
|  83|0x000000008e700000, 0x000000008e700000, 0x000000008e800000|  0%| F|  |TAMS 0x000000008e700000| PB 0x000000008e700000| Untracked 
|  84|0x000000008e800000, 0x000000008e800000, 0x000000008e900000|  0%| F|  |TAMS 0x000000008e800000| PB 0x000000008e800000| Untracked 
|  85|0x000000008e900000, 0x000000008e9b16c0, 0x000000008ea00000| 69%| S|CS|TAMS 0x000000008e900000| PB 0x000000008e900000| Complete 
|  86|0x000000008ea00000, 0x000000008eb00000, 0x000000008eb00000|100%| S|CS|TAMS 0x000000008ea00000| PB 0x000000008ea00000| Complete 
|  87|0x000000008eb00000, 0x000000008ec00000, 0x000000008ec00000|100%| S|CS|TAMS 0x000000008eb00000| PB 0x000000008eb00000| Complete 
|  88|0x000000008ec00000, 0x000000008ec00000, 0x000000008ed00000|  0%| F|  |TAMS 0x000000008ec00000| PB 0x000000008ec00000| Untracked 
|  89|0x000000008ed00000, 0x000000008ed00000, 0x000000008ee00000|  0%| F|  |TAMS 0x000000008ed00000| PB 0x000000008ed00000| Untracked 
|  90|0x000000008ee00000, 0x000000008ee00000, 0x000000008ef00000|  0%| F|  |TAMS 0x000000008ee00000| PB 0x000000008ee00000| Untracked 
|  91|0x000000008ef00000, 0x000000008ef00000, 0x000000008f000000|  0%| F|  |TAMS 0x000000008ef00000| PB 0x000000008ef00000| Untracked 
|  92|0x000000008f000000, 0x000000008f000000, 0x000000008f100000|  0%| F|  |TAMS 0x000000008f000000| PB 0x000000008f000000| Untracked 
|  93|0x000000008f100000, 0x000000008f100000, 0x000000008f200000|  0%| F|  |TAMS 0x000000008f100000| PB 0x000000008f100000| Untracked 
|  94|0x000000008f200000, 0x000000008f200000, 0x000000008f300000|  0%| F|  |TAMS 0x000000008f200000| PB 0x000000008f200000| Untracked 
|  95|0x000000008f300000, 0x000000008f300000, 0x000000008f400000|  0%| F|  |TAMS 0x000000008f300000| PB 0x000000008f300000| Untracked 
|  96|0x000000008f400000, 0x000000008f400000, 0x000000008f500000|  0%| F|  |TAMS 0x000000008f400000| PB 0x000000008f400000| Untracked 
|  97|0x000000008f500000, 0x000000008f576468, 0x000000008f600000| 46%| E|  |TAMS 0x000000008f500000| PB 0x000000008f500000| Complete 
|  98|0x000000008f600000, 0x000000008f700000, 0x000000008f700000|100%| E|CS|TAMS 0x000000008f600000| PB 0x000000008f600000| Complete 
|  99|0x000000008f700000, 0x000000008f800000, 0x000000008f800000|100%| E|CS|TAMS 0x000000008f700000| PB 0x000000008f700000| Complete 
| 100|0x000000008f800000, 0x000000008f900000, 0x000000008f900000|100%| E|CS|TAMS 0x000000008f800000| PB 0x000000008f800000| Complete 
| 101|0x000000008f900000, 0x000000008fa00000, 0x000000008fa00000|100%| E|CS|TAMS 0x000000008f900000| PB 0x000000008f900000| Complete 
| 102|0x000000008fa00000, 0x000000008fb00000, 0x000000008fb00000|100%| E|CS|TAMS 0x000000008fa00000| PB 0x000000008fa00000| Complete 
| 103|0x000000008fb00000, 0x000000008fc00000, 0x000000008fc00000|100%| E|  |TAMS 0x000000008fb00000| PB 0x000000008fb00000| Complete 
| 104|0x000000008fc00000, 0x000000008fd00000, 0x000000008fd00000|100%| E|CS|TAMS 0x000000008fc00000| PB 0x000000008fc00000| Complete 
| 105|0x000000008fd00000, 0x000000008fe00000, 0x000000008fe00000|100%| E|CS|TAMS 0x000000008fd00000| PB 0x000000008fd00000| Complete 
| 106|0x000000008fe00000, 0x000000008ff00000, 0x000000008ff00000|100%| E|CS|TAMS 0x000000008fe00000| PB 0x000000008fe00000| Complete 
| 107|0x000000008ff00000, 0x0000000090000000, 0x0000000090000000|100%| E|CS|TAMS 0x000000008ff00000| PB 0x000000008ff00000| Complete 
| 108|0x0000000090000000, 0x0000000090100000, 0x0000000090100000|100%| E|CS|TAMS 0x0000000090000000| PB 0x0000000090000000| Complete 
| 109|0x0000000090100000, 0x0000000090200000, 0x0000000090200000|100%| E|CS|TAMS 0x0000000090100000| PB 0x0000000090100000| Complete 
| 110|0x0000000090200000, 0x0000000090300000, 0x0000000090300000|100%| E|CS|TAMS 0x0000000090200000| PB 0x0000000090200000| Complete 
| 111|0x0000000090300000, 0x0000000090400000, 0x0000000090400000|100%| E|CS|TAMS 0x0000000090300000| PB 0x0000000090300000| Complete 
| 112|0x0000000090400000, 0x0000000090500000, 0x0000000090500000|100%| E|CS|TAMS 0x0000000090400000| PB 0x0000000090400000| Complete 
| 113|0x0000000090500000, 0x0000000090600000, 0x0000000090600000|100%| E|CS|TAMS 0x0000000090500000| PB 0x0000000090500000| Complete 
| 114|0x0000000090600000, 0x0000000090700000, 0x0000000090700000|100%| E|CS|TAMS 0x0000000090600000| PB 0x0000000090600000| Complete 
| 115|0x0000000090700000, 0x0000000090800000, 0x0000000090800000|100%| E|CS|TAMS 0x0000000090700000| PB 0x0000000090700000| Complete 
| 116|0x0000000090800000, 0x0000000090900000, 0x0000000090900000|100%| E|CS|TAMS 0x0000000090800000| PB 0x0000000090800000| Complete 
| 117|0x0000000090900000, 0x0000000090a00000, 0x0000000090a00000|100%| E|CS|TAMS 0x0000000090900000| PB 0x0000000090900000| Complete 
| 118|0x0000000090a00000, 0x0000000090b00000, 0x0000000090b00000|100%| E|CS|TAMS 0x0000000090a00000| PB 0x0000000090a00000| Complete 
| 119|0x0000000090b00000, 0x0000000090c00000, 0x0000000090c00000|100%| E|CS|TAMS 0x0000000090b00000| PB 0x0000000090b00000| Complete 

Card table byte_map: [0x000001f46ca60000,0x000001f46ce20000] _byte_map_base: 0x000001f46c616000

Marking Bits: (CMBitMap*) 0x000001f454f640c0
 Bits: [0x000001f46ce20000, 0x000001f46ebd0000)

Polling page: 0x000001f452e60000

Metaspace:

Usage:
  Non-class:     15.95 MB used.
      Class:      2.18 MB used.
       Both:     18.13 MB used.

Virtual space:
  Non-class space:       64.00 MB reserved,      16.06 MB ( 25%) committed,  1 nodes.
      Class space:        1.00 GB reserved,       2.31 MB ( <1%) committed,  1 nodes.
             Both:        1.06 GB reserved,      18.38 MB (  2%) committed. 

Chunk freelists:
   Non-Class:  15.83 MB
       Class:  13.72 MB
        Both:  29.55 MB

MaxMetaspaceSize: unlimited
CompressedClassSpaceSize: 1.00 GB
Initial GC threshold: 21.00 MB
Current GC threshold: 21.00 MB
CDS: on
 - commit_granule_bytes: 65536.
 - commit_granule_words: 8192.
 - virtual_space_node_default_size: 8388608.
 - enlarge_chunks_in_place: 1.
 - use_allocation_guard: 0.


Internal statistics:

num_allocs_failed_limit: 0.
num_arena_births: 282.
num_arena_deaths: 0.
num_vsnodes_births: 2.
num_vsnodes_deaths: 0.
num_space_committed: 294.
num_space_uncommitted: 0.
num_chunks_returned_to_freelist: 0.
num_chunks_taken_from_freelist: 916.
num_chunk_merges: 0.
num_chunk_splits: 613.
num_chunks_enlarged: 430.
num_inconsistent_stats: 0.

CodeHeap 'non-profiled nmethods': size=120000Kb used=981Kb max_used=981Kb free=119018Kb
 bounds [0x000001f464e40000, 0x000001f4650b0000, 0x000001f46c370000]
CodeHeap 'profiled nmethods': size=120000Kb used=4933Kb max_used=4933Kb free=115066Kb
 bounds [0x000001f45d370000, 0x000001f45d850000, 0x000001f4648a0000]
CodeHeap 'non-nmethods': size=5760Kb used=1430Kb max_used=1457Kb free=4329Kb
 bounds [0x000001f4648a0000, 0x000001f464b10000, 0x000001f464e40000]
 total_blobs=3064 nmethods=2545 adapters=423
 compilation: enabled
              stopped_count=0, restarted_count=0
 full_count=0

Compilation events (20 events):
Event: 1.454 Thread 0x000001f47164f570 2537       3       org.springframework.core.type.classreading.SimpleAnnotationMetadataReadingVisitor::visitInnerClass (81 bytes)
Event: 1.454 Thread 0x000001f47164f570 nmethod 2537 0x000001f45d830390 code [0x000001f45d830600, 0x000001f45d830f18]
Event: 1.454 Thread 0x000001f47164f570 2538       3       org.springframework.core.annotation.TypeMappedAnnotations::isPresent (39 bytes)
Event: 1.455 Thread 0x000001f47164f570 nmethod 2538 0x000001f45d831310 code [0x000001f45d831500, 0x000001f45d831af0]
Event: 1.455 Thread 0x000001f47164f570 2541       3       org.springframework.core.annotation.TypeMappedAnnotation::adapt (355 bytes)
Event: 1.456 Thread 0x000001f47164f570 nmethod 2541 0x000001f45d831c90 code [0x000001f45d8320e0, 0x000001f45d8346d8]
Event: 1.456 Thread 0x000001f47164f570 2542       3       org.springframework.core.annotation.TypeMappedAnnotation::adaptForAttribute (253 bytes)
Event: 1.457 Thread 0x000001f47164f570 nmethod 2542 0x000001f45d835110 code [0x000001f45d835560, 0x000001f45d8373f0]
Event: 1.457 Thread 0x000001f47164f570 2539       3       org.springframework.core.annotation.TypeMappedAnnotation::isFiltered (28 bytes)
Event: 1.457 Thread 0x000001f47164f570 nmethod 2539 0x000001f45d837c10 code [0x000001f45d837dc0, 0x000001f45d838050]
Event: 1.457 Thread 0x000001f47164f570 2540       3       org.springframework.core.annotation.TypeMappedAnnotation::getValue (41 bytes)
Event: 1.457 Thread 0x000001f47164f570 nmethod 2540 0x000001f45d838110 code [0x000001f45d838300, 0x000001f45d8385d8]
Event: 1.458 Thread 0x000001f47164f570 2543       3       org.springframework.core.annotation.TypeMappedAnnotation::getAdaptType (48 bytes)
Event: 1.458 Thread 0x000001f47164f570 nmethod 2543 0x000001f45d838790 code [0x000001f45d8389c0, 0x000001f45d838f90]
Event: 1.458 Thread 0x000001f47164f570 2544       3       java.util.stream.ReduceOps$3::<init> (28 bytes)
Event: 1.458 Thread 0x000001f47164f570 nmethod 2544 0x000001f45d839190 code [0x000001f45d839340, 0x000001f45d8396d0]
Event: 1.458 Thread 0x000001f47164f570 2545       3       java.util.stream.ReduceOps$ReduceOp::<init> (10 bytes)
Event: 1.458 Thread 0x000001f47164f570 nmethod 2545 0x000001f45d839810 code [0x000001f45d8399c0, 0x000001f45d839b78]
Event: 1.458 Thread 0x000001f47164f570 2546       3       org.springframework.core.annotation.AbstractMergedAnnotation::isMetaPresent (20 bytes)
Event: 1.458 Thread 0x000001f47164f570 nmethod 2546 0x000001f45d839c10 code [0x000001f45d839de0, 0x000001f45d83a108]

GC Heap History (4 events):
Event: 0.639 GC heap before
{Heap before GC invocations=0 (full 0):
 garbage-first heap   total 122880K, used 23552K [0x0000000089400000, 0x0000000100000000)
  region size 1024K, 23 young (23552K), 0 survivors (0K)
 Metaspace       used 6759K, committed 6976K, reserved 1114112K
  class space    used 793K, committed 896K, reserved 1048576K
}
Event: 0.646 GC heap after
{Heap after GC invocations=1 (full 0):
 garbage-first heap   total 122880K, used 6720K [0x0000000089400000, 0x0000000100000000)
  region size 1024K, 3 young (3072K), 3 survivors (3072K)
 Metaspace       used 6759K, committed 6976K, reserved 1114112K
  class space    used 793K, committed 896K, reserved 1048576K
}
Event: 1.091 GC heap before
{Heap before GC invocations=1 (full 0):
 garbage-first heap   total 122880K, used 35392K [0x0000000089400000, 0x0000000100000000)
  region size 1024K, 32 young (32768K), 3 survivors (3072K)
 Metaspace       used 14862K, committed 15168K, reserved 1114112K
  class space    used 1771K, committed 1920K, reserved 1048576K
}
Event: 1.095 GC heap after
{Heap after GC invocations=2 (full 0):
 garbage-first heap   total 122880K, used 9644K [0x0000000089400000, 0x0000000100000000)
  region size 1024K, 3 young (3072K), 3 survivors (3072K)
 Metaspace       used 14862K, committed 15168K, reserved 1114112K
  class space    used 1771K, committed 1920K, reserved 1048576K
}

Dll operation events (11 events):
Event: 0.008 Loaded shared library C:\Program Files\Java\jdk-21\bin\java.dll
Event: 0.034 Loaded shared library C:\Program Files\Java\jdk-21\bin\jsvml.dll
Event: 0.091 Loaded shared library C:\Program Files\Java\jdk-21\bin\zip.dll
Event: 0.094 Loaded shared library C:\Program Files\Java\jdk-21\bin\instrument.dll
Event: 0.100 Loaded shared library C:\Program Files\Java\jdk-21\bin\net.dll
Event: 0.102 Loaded shared library C:\Program Files\Java\jdk-21\bin\nio.dll
Event: 0.105 Loaded shared library C:\Program Files\Java\jdk-21\bin\zip.dll
Event: 0.181 Loaded shared library C:\Program Files\JetBrains\IntelliJ IDEA Community Edition 2023.3.4\bin\breakgen64.dll
Event: 0.189 Loaded shared library C:\Program Files\Java\jdk-21\bin\extnet.dll
Event: 0.214 Loaded shared library C:\Program Files\Java\jdk-21\bin\jimage.dll
Event: 1.180 Loaded shared library C:\Program Files\Java\jdk-21\bin\sunmscapi.dll

Deoptimization events (20 events):
Event: 1.256 Thread 0x000001f452d66fe0 DEOPT PACKING pc=0x000001f45d4b29f6 sp=0x00000085a6efe640
Event: 1.256 Thread 0x000001f452d66fe0 DEOPT UNPACKING pc=0x000001f4648f4e42 sp=0x00000085a6efdb28 mode 0
Event: 1.256 Thread 0x000001f452d66fe0 DEOPT PACKING pc=0x000001f45d4b29f6 sp=0x00000085a6efe640
Event: 1.256 Thread 0x000001f452d66fe0 DEOPT UNPACKING pc=0x000001f4648f4e42 sp=0x00000085a6efdb28 mode 0
Event: 1.256 Thread 0x000001f452d66fe0 DEOPT PACKING pc=0x000001f45d4b29f6 sp=0x00000085a6efe640
Event: 1.256 Thread 0x000001f452d66fe0 DEOPT UNPACKING pc=0x000001f4648f4e42 sp=0x00000085a6efdb28 mode 0
Event: 1.257 Thread 0x000001f452d66fe0 DEOPT PACKING pc=0x000001f45d4b29f6 sp=0x00000085a6efe640
Event: 1.257 Thread 0x000001f452d66fe0 DEOPT UNPACKING pc=0x000001f4648f4e42 sp=0x00000085a6efdb28 mode 0
Event: 1.257 Thread 0x000001f452d66fe0 DEOPT PACKING pc=0x000001f45d4b29f6 sp=0x00000085a6efe640
Event: 1.257 Thread 0x000001f452d66fe0 DEOPT UNPACKING pc=0x000001f4648f4e42 sp=0x00000085a6efdb28 mode 0
Event: 1.257 Thread 0x000001f452d66fe0 DEOPT PACKING pc=0x000001f45d4b29f6 sp=0x00000085a6efe640
Event: 1.257 Thread 0x000001f452d66fe0 DEOPT UNPACKING pc=0x000001f4648f4e42 sp=0x00000085a6efdb28 mode 0
Event: 1.259 Thread 0x000001f452d66fe0 Uncommon trap: trap_request=0xffffff45 fr.pc=0x000001f464f04ae8 relative=0x0000000000000388
Event: 1.259 Thread 0x000001f452d66fe0 Uncommon trap: reason=unstable_if action=reinterpret pc=0x000001f464f04ae8 method=java.lang.Integer.parseInt(Ljava/lang/String;I)I @ 119 c2
Event: 1.259 Thread 0x000001f452d66fe0 DEOPT PACKING pc=0x000001f464f04ae8 sp=0x00000085a6efe4d0
Event: 1.259 Thread 0x000001f452d66fe0 DEOPT UNPACKING pc=0x000001f4648f46a2 sp=0x00000085a6efe448 mode 2
Event: 1.307 Thread 0x000001f452d66fe0 Uncommon trap: trap_request=0xffffff45 fr.pc=0x000001f464eaf4ec relative=0x0000000000000a2c
Event: 1.307 Thread 0x000001f452d66fe0 Uncommon trap: reason=unstable_if action=reinterpret pc=0x000001f464eaf4ec method=jdk.internal.org.objectweb.asm.SymbolTable.put(Ljdk/internal/org/objectweb/asm/SymbolTable$Entry;)Ljdk/internal/org/objectweb/asm/SymbolTable$Entry; @ 13 c2
Event: 1.307 Thread 0x000001f452d66fe0 DEOPT PACKING pc=0x000001f464eaf4ec sp=0x00000085a6efcb60
Event: 1.307 Thread 0x000001f452d66fe0 DEOPT UNPACKING pc=0x000001f4648f46a2 sp=0x00000085a6efca98 mode 2

Classes loaded (20 events):
Event: 1.200 Loading class com/sun/security/sasl/Provider
Event: 1.200 Loading class com/sun/security/sasl/Provider done
Event: 1.200 Loading class com/sun/security/sasl/Provider$1
Event: 1.200 Loading class com/sun/security/sasl/Provider$1 done
Event: 1.201 Loading class com/sun/security/sasl/Provider$ProviderService
Event: 1.201 Loading class com/sun/security/sasl/Provider$ProviderService done
Event: 1.201 Loading class sun/security/provider/certpath/ldap/JdkLDAP
Event: 1.201 Loading class sun/security/provider/certpath/ldap/JdkLDAP done
Event: 1.201 Loading class sun/security/provider/certpath/ldap/JdkLDAP$ProviderService
Event: 1.201 Loading class sun/security/provider/certpath/ldap/JdkLDAP$ProviderService done
Event: 1.215 Loading class java/lang/Thread$ThreadNumbering
Event: 1.215 Loading class java/lang/Thread$ThreadNumbering done
Event: 1.226 Loading class javax/naming/ldap/LdapContext
Event: 1.226 Loading class javax/naming/directory/DirContext
Event: 1.226 Loading class javax/naming/directory/DirContext done
Event: 1.226 Loading class javax/naming/ldap/LdapContext done
Event: 1.414 Loading class java/beans/PropertyVetoException
Event: 1.414 Loading class java/beans/PropertyVetoException done
Event: 1.432 Loading class java/nio/charset/CharacterCodingException
Event: 1.432 Loading class java/nio/charset/CharacterCodingException done

Classes unloaded (0 events):
No events

Classes redefined (0 events):
No events

Internal exceptions (20 events):
Event: 0.746 Thread 0x000001f452d66fe0 Exception <a 'java/lang/NoSuchMethodError'{0x0000000090723d00}: 'java.lang.Object java.lang.invoke.DirectMethodHandle$Holder.invokeStaticInit(java.lang.Object, long, java.lang.Object)'> (0x0000000090723d00) 
thrown [s\open\src\hotspot\share\interpreter\linkResolver.cpp, line 773]
Event: 0.747 Thread 0x000001f452d66fe0 Exception <a 'java/lang/NoSuchMethodError'{0x00000000907294a0}: 'java.lang.Object java.lang.invoke.DirectMethodHandle$Holder.newInvokeSpecial(java.lang.Object, long)'> (0x00000000907294a0) 
thrown [s\open\src\hotspot\share\interpreter\linkResolver.cpp, line 773]
Event: 0.761 Thread 0x000001f452d66fe0 Exception <a 'java/lang/NoSuchMethodError'{0x00000000907735e0}: 'void java.lang.invoke.DirectMethodHandle$Holder.invokeSpecial(java.lang.Object, java.lang.Object, java.lang.Object, java.lang.Object, java.lang.Object)'> (0x00000000907735e0) 
thrown [s\open\src\hotspot\share\interpreter\linkResolver.cpp, line 773]
Event: 0.762 Thread 0x000001f452d66fe0 Exception <a 'java/lang/NoSuchMethodError'{0x000000009077b088}: 'void java.lang.invoke.DirectMethodHandle$Holder.invokeVirtual(java.lang.Object, java.lang.Object, java.lang.Object, java.lang.Object)'> (0x000000009077b088) 
thrown [s\open\src\hotspot\share\interpreter\linkResolver.cpp, line 773]
Event: 0.794 Thread 0x000001f452d66fe0 Exception <a 'java/lang/NoSuchMethodError'{0x00000000906ae6e8}: 'void java.lang.invoke.DirectMethodHandle$Holder.invokeSpecial(java.lang.Object, java.lang.Object, java.lang.Object)'> (0x00000000906ae6e8) 
thrown [s\open\src\hotspot\share\interpreter\linkResolver.cpp, line 773]
Event: 0.801 Thread 0x000001f47699b570 Exception <a 'java/lang/NoClassDefFoundError'{0x00000000906dd3f0}: jakarta/validation/Validation> (0x00000000906dd3f0) 
thrown [s\open\src\hotspot\share\classfile\systemDictionary.cpp, line 301]
Event: 0.801 Thread 0x000001f452d66fe0 Exception <a 'java/lang/IncompatibleClassChangeError'{0x00000000906fdca0}: Found class java.lang.Object, but interface was expected> (0x00000000906fdca0) 
thrown [s\open\src\hotspot\share\interpreter\linkResolver.cpp, line 840]
Event: 0.806 Thread 0x000001f452d66fe0 Exception <a 'java/lang/NoSuchMethodError'{0x0000000090511d50}: 'java.lang.Object java.lang.invoke.DirectMethodHandle$Holder.invokeStaticInit(java.lang.Object, int)'> (0x0000000090511d50) 
thrown [s\open\src\hotspot\share\interpreter\linkResolver.cpp, line 773]
Event: 0.809 Thread 0x000001f452d66fe0 Exception <a 'java/lang/NoSuchMethodError'{0x000000009051bee8}: 'java.lang.Object java.lang.invoke.DirectMethodHandle$Holder.invokeStatic(java.lang.Object, int, java.lang.Object)'> (0x000000009051bee8) 
thrown [s\open\src\hotspot\share\interpreter\linkResolver.cpp, line 773]
Event: 0.809 Thread 0x000001f452d66fe0 Exception <a 'java/lang/NoSuchMethodError'{0x000000009051f538}: 'java.lang.Object java.lang.invoke.DirectMethodHandle$Holder.invokeStaticInit(java.lang.Object, int, java.lang.Object)'> (0x000000009051f538) 
thrown [s\open\src\hotspot\share\interpreter\linkResolver.cpp, line 773]
Event: 1.111 Thread 0x000001f47699b570 Exception <a 'java/lang/NoSuchMethodError'{0x00000000909088e8}: 'long java.lang.invoke.DirectMethodHandle$Holder.invokeSpecial(java.lang.Object, java.lang.Object)'> (0x00000000909088e8) 
thrown [s\open\src\hotspot\share\interpreter\linkResolver.cpp, line 773]
Event: 1.112 Thread 0x000001f47699b570 Exception <a 'java/lang/NoSuchMethodError'{0x0000000090912478}: 'long java.lang.invoke.DirectMethodHandle$Holder.invokeStatic(java.lang.Object, java.lang.Object)'> (0x0000000090912478) 
thrown [s\open\src\hotspot\share\interpreter\linkResolver.cpp, line 773]
Event: 1.112 Thread 0x000001f47699b570 Exception <a 'java/lang/NoSuchMethodError'{0x00000000909157e0}: 'long java.lang.invoke.DirectMethodHandle$Holder.invokeStaticInit(java.lang.Object, java.lang.Object)'> (0x00000000909157e0) 
thrown [s\open\src\hotspot\share\interpreter\linkResolver.cpp, line 773]
Event: 1.114 Thread 0x000001f47699b570 Exception <a 'java/lang/NoSuchMethodError'{0x0000000090921928}: 'long java.lang.invoke.DirectMethodHandle$Holder.invokeInterface(java.lang.Object, java.lang.Object)'> (0x0000000090921928) 
thrown [s\open\src\hotspot\share\interpreter\linkResolver.cpp, line 773]
Event: 1.114 Thread 0x000001f47699b570 Exception <a 'java/lang/IncompatibleClassChangeError'{0x0000000090924bd8}: Found class java.lang.Object, but interface was expected> (0x0000000090924bd8) 
thrown [s\open\src\hotspot\share\interpreter\linkResolver.cpp, line 840]
Event: 1.117 Thread 0x000001f452d66fe0 Exception <a 'java/lang/NoSuchMethodError'{0x0000000090ab2e28}: 'java.lang.Object java.lang.invoke.DirectMethodHandle$Holder.invokeVirtual(java.lang.Object, java.lang.Object, java.lang.Object)'> (0x0000000090ab2e28) 
thrown [s\open\src\hotspot\share\interpreter\linkResolver.cpp, line 773]
Event: 1.122 Thread 0x000001f452d66fe0 Exception <a 'java/lang/NoSuchMethodError'{0x0000000090acc1b0}: 'int java.lang.invoke.DirectMethodHandle$Holder.invokeSpecial(java.lang.Object, java.lang.Object, java.lang.Object, java.lang.Object, java.lang.Object)'> (0x0000000090acc1b0) 
thrown [s\open\src\hotspot\share\interpreter\linkResolver.cpp, line 773]
Event: 1.125 Thread 0x000001f452d66fe0 Exception <a 'java/lang/NoSuchMethodError'{0x0000000090ad4298}: 'void java.lang.invoke.DirectMethodHandle$Holder.invokeVirtual(java.lang.Object, java.lang.Object)'> (0x0000000090ad4298) 
thrown [s\open\src\hotspot\share\interpreter\linkResolver.cpp, line 773]
Event: 1.126 Thread 0x000001f47699b570 Exception <a 'java/lang/NoSuchMethodError'{0x0000000090992328}: 'java.lang.Object java.lang.invoke.DirectMethodHandle$Holder.invokeVirtual(java.lang.Object, java.lang.Object, java.lang.Object, java.lang.Object)'> (0x0000000090992328) 
thrown [s\open\src\hotspot\share\interpreter\linkResolver.cpp, line 773]
Event: 1.254 Thread 0x000001f452d66fe0 Exception <a 'java/lang/IncompatibleClassChangeError'{0x000000008ff4cf40}: Found class java.lang.Object, but interface was expected> (0x000000008ff4cf40) 
thrown [s\open\src\hotspot\share\interpreter\linkResolver.cpp, line 840]

ZGC Phase Switch (0 events):
No events

VM Operations (20 events):
Event: 0.791 Executing VM operation: HandshakeAllThreads (Deoptimize)
Event: 0.791 Executing VM operation: HandshakeAllThreads (Deoptimize) done
Event: 0.792 Executing VM operation: HandshakeAllThreads (Deoptimize)
Event: 0.792 Executing VM operation: HandshakeAllThreads (Deoptimize) done
Event: 0.941 Executing VM operation: ICBufferFull
Event: 0.941 Executing VM operation: ICBufferFull done
Event: 0.966 Executing VM operation: HandshakeAllThreads (Deoptimize)
Event: 0.966 Executing VM operation: HandshakeAllThreads (Deoptimize) done
Event: 1.040 Executing VM operation: HandshakeAllThreads (Deoptimize)
Event: 1.040 Executing VM operation: HandshakeAllThreads (Deoptimize) done
Event: 1.091 Executing VM operation: G1CollectForAllocation (G1 Evacuation Pause)
Event: 1.095 Executing VM operation: G1CollectForAllocation (G1 Evacuation Pause) done
Event: 1.103 Executing VM operation: HandshakeAllThreads (Deoptimize)
Event: 1.103 Executing VM operation: HandshakeAllThreads (Deoptimize) done
Event: 1.153 Executing VM operation: HandshakeAllThreads (Deoptimize)
Event: 1.153 Executing VM operation: HandshakeAllThreads (Deoptimize) done
Event: 1.191 Executing VM operation: HandshakeAllThreads (Deoptimize)
Event: 1.191 Executing VM operation: HandshakeAllThreads (Deoptimize) done
Event: 1.336 Executing VM operation: ICBufferFull
Event: 1.336 Executing VM operation: ICBufferFull done

Events (17 events):
Event: 0.021 Thread 0x000001f452d66fe0 Thread added: 0x000001f452d66fe0
Event: 0.032 Thread 0x000001f471612230 Thread added: 0x000001f471612230
Event: 0.032 Thread 0x000001f471612f50 Thread added: 0x000001f471612f50
Event: 0.033 Thread 0x000001f4716152b0 Thread added: 0x000001f4716152b0
Event: 0.033 Thread 0x000001f471617fc0 Thread added: 0x000001f471617fc0
Event: 0.033 Thread 0x000001f471617460 Thread added: 0x000001f471617460
Event: 0.033 Thread 0x000001f471619380 Thread added: 0x000001f471619380
Event: 0.033 Thread 0x000001f471624d60 Thread added: 0x000001f471624d60
Event: 0.033 Thread 0x000001f47164f570 Thread added: 0x000001f47164f570
Event: 0.075 Thread 0x000001f471834ff0 Thread added: 0x000001f471834ff0
Event: 0.118 Thread 0x000001f471915660 Thread added: 0x000001f471915660
Event: 0.181 Thread 0x000001f4760f92b0 Thread added: 0x000001f4760f92b0
Event: 0.181 Thread 0x000001f4760f9920 Thread added: 0x000001f4760f9920
Event: 0.798 Thread 0x000001f47699b570 Thread added: 0x000001f47699b570
Event: 1.203 Thread 0x000001f47699b570 Thread exited: 0x000001f47699b570
Event: 1.215 Thread 0x000001f47699b570 Thread added: 0x000001f47699b570
Event: 1.235 Thread 0x000001f47699b570 Thread exited: 0x000001f47699b570


Dynamic libraries:
0x00007ff7e3c20000 - 0x00007ff7e3c30000 	C:\Program Files\Java\jdk-21\bin\java.exe
0x00007ff81f2d0000 - 0x00007ff81f4e7000 	C:\WINDOWS\SYSTEM32\ntdll.dll
0x00007ff81dc30000 - 0x00007ff81dcf4000 	C:\WINDOWS\System32\KERNEL32.DLL
0x00007ff81c610000 - 0x00007ff81c9b6000 	C:\WINDOWS\System32\KERNELBASE.dll
0x00007ff81cf00000 - 0x00007ff81d011000 	C:\WINDOWS\System32\ucrtbase.dll
0x00007ff80eaa0000 - 0x00007ff80eab9000 	C:\Program Files\Java\jdk-21\bin\jli.dll
0x00007ff80d4f0000 - 0x00007ff80d50b000 	C:\Program Files\Java\jdk-21\bin\VCRUNTIME140.dll
0x00007ff81f1d0000 - 0x00007ff81f283000 	C:\WINDOWS\System32\ADVAPI32.dll
0x00007ff81eb90000 - 0x00007ff81ec37000 	C:\WINDOWS\System32\msvcrt.dll
0x00007ff81d550000 - 0x00007ff81d5f8000 	C:\WINDOWS\System32\sechost.dll
0x00007ff81ca70000 - 0x00007ff81ca98000 	C:\WINDOWS\System32\bcrypt.dll
0x00007ff81d020000 - 0x00007ff81d137000 	C:\WINDOWS\System32\RPCRT4.dll
0x00007ff81ee00000 - 0x00007ff81efae000 	C:\WINDOWS\System32\USER32.dll
0x00007ff81c9c0000 - 0x00007ff81c9e6000 	C:\WINDOWS\System32\win32u.dll
0x00007ff81b980000 - 0x00007ff81bc13000 	C:\WINDOWS\WinSxS\amd64_microsoft.windows.common-controls_6595b64144ccf1df_6.0.22621.2506_none_270c5ae97388e100\COMCTL32.dll
0x00007ff81d520000 - 0x00007ff81d549000 	C:\WINDOWS\System32\GDI32.dll
0x00007ff81cc70000 - 0x00007ff81cd88000 	C:\WINDOWS\System32\gdi32full.dll
0x00007ff81caa0000 - 0x00007ff81cb3a000 	C:\WINDOWS\System32\msvcp_win.dll
0x00007ff81aae0000 - 0x00007ff81aaea000 	C:\WINDOWS\SYSTEM32\VERSION.dll
0x00007ff81dde0000 - 0x00007ff81de11000 	C:\WINDOWS\System32\IMM32.DLL
0x00007ff81b0c0000 - 0x00007ff81b0cc000 	C:\Program Files\Java\jdk-21\bin\vcruntime140_1.dll
0x00007fffee5a0000 - 0x00007fffee62e000 	C:\Program Files\Java\jdk-21\bin\msvcp140.dll
0x00007fffa4d40000 - 0x00007fffa5a57000 	C:\Program Files\Java\jdk-21\bin\server\jvm.dll
0x00007ff81d3a0000 - 0x00007ff81d411000 	C:\WINDOWS\System32\WS2_32.dll
0x00007ff81c170000 - 0x00007ff81c1bd000 	C:\WINDOWS\SYSTEM32\POWRPROF.dll
0x00007ff812070000 - 0x00007ff8120a4000 	C:\WINDOWS\SYSTEM32\WINMM.dll
0x00007ff81bc60000 - 0x00007ff81bc73000 	C:\WINDOWS\SYSTEM32\UMPDC.dll
0x00007ff81a7a0000 - 0x00007ff81a7b8000 	C:\WINDOWS\SYSTEM32\kernel.appcore.dll
0x00007ff81af00000 - 0x00007ff81af0a000 	C:\Program Files\Java\jdk-21\bin\jimage.dll
0x00007ff81bf30000 - 0x00007ff81c163000 	C:\WINDOWS\SYSTEM32\DBGHELP.DLL
0x00007ff81d700000 - 0x00007ff81da89000 	C:\WINDOWS\System32\combase.dll
0x00007ff81daa0000 - 0x00007ff81db77000 	C:\WINDOWS\System32\OLEAUT32.dll
0x00007ff81be20000 - 0x00007ff81be52000 	C:\WINDOWS\SYSTEM32\dbgcore.DLL
0x00007ff81c9f0000 - 0x00007ff81ca6a000 	C:\WINDOWS\System32\bcryptPrimitives.dll
0x00007ff81b6e0000 - 0x00007ff81b6ef000 	C:\Program Files\Java\jdk-21\bin\instrument.dll
0x00007ff80d3c0000 - 0x00007ff80d3df000 	C:\Program Files\Java\jdk-21\bin\java.dll
0x00007ff81e330000 - 0x00007ff81eb8b000 	C:\WINDOWS\System32\SHELL32.dll
0x00007ff819610000 - 0x00007ff819f06000 	C:\WINDOWS\SYSTEM32\windows.storage.dll
0x00007ff8194d0000 - 0x00007ff81960e000 	C:\WINDOWS\SYSTEM32\wintypes.dll
0x00007ff81d600000 - 0x00007ff81d6f3000 	C:\WINDOWS\System32\SHCORE.dll
0x00007ff81efb0000 - 0x00007ff81f00e000 	C:\WINDOWS\System32\shlwapi.dll
0x00007ff81c540000 - 0x00007ff81c566000 	C:\WINDOWS\SYSTEM32\profapi.dll
0x00007fffea910000 - 0x00007fffea9e7000 	C:\Program Files\Java\jdk-21\bin\jsvml.dll
0x00007ff80c8f0000 - 0x00007ff80c908000 	C:\Program Files\Java\jdk-21\bin\zip.dll
0x00007ff8165b0000 - 0x00007ff8165c0000 	C:\Program Files\Java\jdk-21\bin\net.dll
0x00007ff815f50000 - 0x00007ff816087000 	C:\WINDOWS\SYSTEM32\WINHTTP.dll
0x00007ff81ac00000 - 0x00007ff81ac69000 	C:\WINDOWS\system32\mswsock.dll
0x00007ff80d3a0000 - 0x00007ff80d3b6000 	C:\Program Files\Java\jdk-21\bin\nio.dll
0x00007ff81b230000 - 0x00007ff81b24a000 	C:\Program Files\JetBrains\IntelliJ IDEA Community Edition 2023.3.4\bin\breakgen64.dll
0x00007ff80d4e0000 - 0x00007ff80d4e9000 	C:\Program Files\Java\jdk-21\bin\extnet.dll
0x00007ff81b620000 - 0x00007ff81b62e000 	C:\Program Files\Java\jdk-21\bin\sunmscapi.dll
0x00007ff81cd90000 - 0x00007ff81cef6000 	C:\WINDOWS\System32\CRYPT32.dll
0x00007ff81b860000 - 0x00007ff81b88e000 	C:\WINDOWS\SYSTEM32\ncrypt.dll
0x00007ff81b820000 - 0x00007ff81b857000 	C:\WINDOWS\SYSTEM32\NTASN1.dll

dbghelp: loaded successfully - version: 4.0.5 - missing functions: none
symbol engine: initialized successfully - sym options: 0x614 - pdb path: .;C:\Program Files\Java\jdk-21\bin;C:\WINDOWS\SYSTEM32;C:\WINDOWS\WinSxS\amd64_microsoft.windows.common-controls_6595b64144ccf1df_6.0.22621.2506_none_270c5ae97388e100;C:\Program Files\Java\jdk-21\bin\server;C:\Program Files\JetBrains\IntelliJ IDEA Community Edition 2023.3.4\bin

VM Arguments:
jvm_args: -javaagent:C:\Program Files\JetBrains\IntelliJ IDEA Community Edition 2023.3.4\lib\idea_rt.jar=60288:C:\Program Files\JetBrains\IntelliJ IDEA Community Edition 2023.3.4\bin -Dfile.encoding=UTF-8 -Dsun.stdout.encoding=UTF-8 -Dsun.stderr.encoding=UTF-8 
java_command: com.yash.quizapp.QuizappApplication
java_class_path (initial): D:\Spring Projects\quizapp\target\classes;C:\Users\yashr\.m2\repository\org\springframework\boot\spring-boot-starter-data-jpa\3.2.3\spring-boot-starter-data-jpa-3.2.3.jar;C:\Users\yashr\.m2\repository\org\springframework\boot\spring-boot-starter-aop\3.2.3\spring-boot-starter-aop-3.2.3.jar;C:\Users\yashr\.m2\repository\org\springframework\spring-aop\6.1.4\spring-aop-6.1.4.jar;C:\Users\yashr\.m2\repository\org\aspectj\aspectjweaver\1.9.21\aspectjweaver-1.9.21.jar;C:\Users\yashr\.m2\repository\org\springframework\boot\spring-boot-starter-jdbc\3.2.3\spring-boot-starter-jdbc-3.2.3.jar;C:\Users\yashr\.m2\repository\com\zaxxer\HikariCP\5.0.1\HikariCP-5.0.1.jar;C:\Users\yashr\.m2\repository\org\springframework\spring-jdbc\6.1.4\spring-jdbc-6.1.4.jar;C:\Users\yashr\.m2\repository\org\hibernate\orm\hibernate-core\6.4.4.Final\hibernate-core-6.4.4.Final.jar;C:\Users\yashr\.m2\repository\jakarta\persistence\jakarta.persistence-api\3.1.0\jakarta.persistence-api-3.1.0.jar;C:\Users\yashr\.m2\repository\jakarta\transaction\jakarta.transaction-api\2.0.1\jakarta.transaction-api-2.0.1.jar;C:\Users\yashr\.m2\repository\org\jboss\logging\jboss-logging\3.5.3.Final\jboss-logging-3.5.3.Final.jar;C:\Users\yashr\.m2\repository\org\hibernate\common\hibernate-commons-annotations\6.0.6.Final\hibernate-commons-annotations-6.0.6.Final.jar;C:\Users\yashr\.m2\repository\io\smallrye\jandex\3.1.2\jandex-3.1.2.jar;C:\Users\yashr\.m2\repository\com\fasterxml\classmate\1.6.0\classmate-1.6.0.jar;C:\Users\yashr\.m2\repository\net\bytebuddy\byte-buddy\1.14.12\byte-buddy-1.14.12.jar;C:\Users\yashr\.m2\repository\org\glassfish\jaxb\jaxb-runtime\4.0.4\jaxb-runtime-4.0.4.jar;C:\Users\yashr\.m2\repository\org\glassfish\jaxb\jaxb-core\4.0.4\jaxb-core-4.0.4.jar;C:\Users\yashr\.m2\repository\org\eclipse\angus\angus-activation\2.0.1\angus-activation-2.0.1.jar;C:\Users\yashr\.m2\repository\org\glassfish\jaxb\txw2\4.0.4\txw2-4.0.4.jar;C:\Users\yashr\.m2\repository\com\sun\istack\istack-commons-runtime\4.1.2\istack-commons-runtime-4.1.2.jar;C:\Users\yashr\.m2\repository\jakarta\inject\jakarta.inject-api\2.0.1\jakarta.inject-api-2.0.1.jar;C:\Users\yashr\.m2\repository\org\antlr\antlr4-runtime\4.13.0\antlr4-runtime-4.13.0.jar;C:\Users\yashr\.m2\repository\org\springframework\data\spring-data-jpa\3.2.3\spring-data-jpa-3.2.3.jar;C:\Users\yashr\.m2\repository\org\springframework\data\spring-data-commons\3.2.3\spring-data-commons-3.2.3.jar;C:\Users\yashr\.m2\repository\org\springframework\spring-orm\6.1.4\spring-orm-6.1.4.jar;C:\Users\yashr\.m2\repository\org\springframework\spring-context\6.1.4\spring-context-6.1.4.jar;C:\Users\yashr\.m2\repository\org\springframework\spring-tx\6.1.4\spring-tx-6.1.4.jar;C:\Users\yashr\.m2\repository\org\springframework\spring-beans\6.1.4\spring-beans-6.1.4.jar;C:\Users\yashr\.m2\repository\jakarta\annotation\jakarta.annotation-api\2.1.1\jakarta.annotation-api-2.1.1.jar;C:\Users\yashr\.m2\repository\org\slf4j\slf4j-api\2.0.12\slf4j-api-2.0.12.jar;C:\Users\yashr\.m2\repository\org\springframework\spring-aspects\6.1.4\spring-aspects-6.1.4.jar;C:\Users\yashr\.m2\repository\org\springframework\boot\spring-boot-starter-web\3.2.3\spring-boot-starter-web-3.2.3.jar;C:\Users\yashr\.m2\repository\org\springframework\boot\spring-boot-starter\3.2.3\spring-boot-starter-3.2.3.jar;C:\Users\yashr\.m2\repository\org\springframework\boot\spring-boot\3.2.3\spring-boot-3.2.3.jar;C:\Users\yashr\.m2\repository\org\springframework\boot\spring-boot-autoconfigure\3.2.3\spring-boot-autoconfigure-3.2.3.jar;C:\Users\yashr\.m2\repository\org\springframework\boot\spring-boot-starter-logging\3.2.3\spring-boot-starter-logging-3.2.3.jar;C:\Users\yashr\.m2\repository\ch\qos\logback\logback-classic\1.4.14\logback-classic-1.4.14.jar;C:\Users\yashr\.m2\repository\ch\qos\logback\logback-core\1.4.14\logback-core-1.4.14.jar;C:\Users\yashr\.m2\repository\org\apache\logging\log4j\log4j-to-slf4j\2.21.1\log4j-to-slf4j-2.21.1.jar;C:\Users\yashr\.m2\repository\org\apache\logging\log4j\log4j-api\2.21.1\log4j-api-2.21.1.jar;C:\Users\yashr\.m2\repository\org\slf4j\jul-to-slf4j\2.0.12\jul-to-slf4j-2.0.12.jar;C:\Users\yashr\.m2\repository\org\yaml\snakeyaml\2.2\snakeyaml-2.2.jar;C:\Users\yashr\.m2\repository\org\springframework\boot\spring-boot-starter-json\3.2.3\spring-boot-starter-json-3.2.3.jar;C:\Users\yashr\.m2\repository\com\fasterxml\jackson\core\jackson-databind\2.15.4\jackson-databind-2.15.4.jar;C:\Users\yashr\.m2\repository\com\fasterxml\jackson\core\jackson-annotations\2.15.4\jackson-annotations-2.15.4.jar;C:\Users\yashr\.m2\repository\com\fasterxml\jackson\core\jackson-core\2.15.4\jackson-core-2.15.4.jar;C:\Users\yashr\.m2\repository\com\fasterxml\jackson\datatype\jackson-datatype-jdk8\2.15.4\jackson-datatype-jdk8-2.15.4.jar;C:\Users\yashr\.m2\repository\com\fasterxml\jackson\datatype\jackson-datatype-jsr310\2.15.4\jackson-datatype-jsr310-2.15.4.jar;C:\Users\yashr\.m2\repository\com\fasterxml\jackson\module\jackson-module-parameter-names\2.15.4\jackson-module-parameter-names-2.15.4.jar;C:\Users\yashr\.m2\repository\org\springframework\boot\spring-boot-starter-tomcat\3.2.3\spring-boot-starter-tomcat-3.2.3.jar;C:\Users\yashr\.m2\repository\org\apache\tomcat\embed\tomcat-embed-core\10.1.19\tomcat-embed-core-10.1.19.jar;C:\Users\yashr\.m2\repository\org\apache\tomcat\embed\tomcat-embed-el\10.1.19\tomcat-embed-el-10.1.19.jar;C:\Users\yashr\.m2\repository\org\apache\tomcat\embed\tomcat-embed-websocket\10.1.19\tomcat-embed-websocket-10.1.19.jar;C:\Users\yashr\.m2\repository\org\springframework\spring-web\6.1.4\spring-web-6.1.4.jar;C:\Users\yashr\.m2\repository\io\micrometer\micrometer-observation\1.12.3\micrometer-observation-1.12.3.jar;C:\Users\yashr\.m2\repository\io\micrometer\micrometer-commons\1.12.3\micrometer-commons-1.12.3.jar;C:\Users\yashr\.m2\repository\org\springframework\spring-webmvc\6.1.4\spring-webmvc-6.1.4.jar;C:\Users\yashr\.m2\repository\org\springframework\spring-expression\6.1.4\spring-expression-6.1.4.jar;C:\Users\yashr\.m2\repository\org\postgresql\postgresql\42.6.1\postgresql-42.6.1.jar;C:\Users\yashr\.m2\repository\org\checkerframework\checker-qual\3.31.0\checker-qual-3.31.0.jar;C:\Users\yashr\.m2\repository\org\projectlombok\lombok\1.18.30\lombok-1.18.30.jar;C:\Users\yashr\.m2\repository\jakarta\xml\bind\jakarta.xml.bind-api\4.0.1\jakarta.xml.bind-api-4.0.1.jar;C:\Users\yashr\.m2\repository\jakarta\activation\jakarta.activation-api\2.1.2\jakarta.activation-api-2.1.2.jar;C:\Users\yashr\.m2\repository\org\springframework\spring-core\6.1.4\spring-core-6.1.4.jar;C:\Users\yashr\.m2\repository\org\springframework\spring-jcl\6.1.4\spring-jcl-6.1.4.jar
Launcher Type: SUN_STANDARD

[Global flags]
     intx CICompilerCount                          = 4                                         {product} {ergonomic}
     uint ConcGCThreads                            = 2                                         {product} {ergonomic}
     uint G1ConcRefinementThreads                  = 8                                         {product} {ergonomic}
   size_t G1HeapRegionSize                         = 1048576                                   {product} {ergonomic}
    uintx GCDrainStackTargetSize                   = 64                                        {product} {ergonomic}
   size_t InitialHeapSize                          = 125829120                                 {product} {ergonomic}
   size_t MarkStackSize                            = 4194304                                   {product} {ergonomic}
   size_t MaxHeapSize                              = 1992294400                                {product} {ergonomic}
   size_t MaxNewSize                               = 1195376640                                {product} {ergonomic}
   size_t MinHeapDeltaBytes                        = 1048576                                   {product} {ergonomic}
   size_t MinHeapSize                              = 8388608                                   {product} {ergonomic}
    uintx NonNMethodCodeHeapSize                   = 5839372                                {pd product} {ergonomic}
    uintx NonProfiledCodeHeapSize                  = 122909434                              {pd product} {ergonomic}
    uintx ProfiledCodeHeapSize                     = 122909434                              {pd product} {ergonomic}
    uintx ReservedCodeCacheSize                    = 251658240                              {pd product} {ergonomic}
     bool SegmentedCodeCache                       = true                                      {product} {ergonomic}
   size_t SoftMaxHeapSize                          = 1992294400                             {manageable} {ergonomic}
     bool UseCompressedOops                        = true                           {product lp64_product} {ergonomic}
     bool UseG1GC                                  = true                                      {product} {ergonomic}
     bool UseLargePagesIndividualAllocation        = false                                  {pd product} {ergonomic}

Logging:
Log output configuration:
 #0: stdout all=warning uptime,level,tags foldmultilines=false
 #1: stderr all=off uptime,level,tags foldmultilines=false

Environment Variables:
PATH=C:\Program Files\Common Files\Oracle\Java\javapath;C:\Python311\Scripts\;C:\Python311\;C:\Program Files\Python39\Scripts\;C:\Program Files\Python39\;C:\WINDOWS\system32;C:\WINDOWS;C:\WINDOWS\System32\Wbem;C:\WINDOWS\System32\WindowsPowerShell\v1.0\;C:\WINDOWS\System32\OpenSSH\;C:\Program Files\mingw-w64\x86_64-8.1.0-posix-seh-rt_v6-rev0\mingw64\bin;C:\Program Files\MySQL\MySQL Server 8.0\bin;C:\ProgramData\chocolatey\bin;C:\Program Files\nodejs\;D:\ApacheJMeter\apache-jmeter-5.6\bin;C:\Program Files\Docker\Docker\resources\bin;C:\tools;C:\minikube;C:\Program Files\Git\cmd;C:\Users\yashr\.cargo\bin;C:\Users\yashr\AppData\Local\Microsoft\WindowsApps;C:\Program Files\JetBrains\IntelliJ IDEA Community Edition 2023.3.4\bin;;C:\Program Files\JetBrains\PyCharm Community Edition 2020.2.3\bin;;C:\Users\yashr\AppData\Local\Programs\Microsoft VS Code\bin;C:\Users\yashr\AppData\Local\GitHubDesktop\bin;C:\Users\yashr\AppData\Roaming\npm
USERNAME=yashr
OS=Windows_NT
PROCESSOR_IDENTIFIER=AMD64 Family 23 Model 96 Stepping 1, AuthenticAMD
TMP=C:\Users\yashr\AppData\Local\Temp
TEMP=C:\Users\yashr\AppData\Local\Temp




Periodic native trim disabled

---------------  S Y S T E M  ---------------

OS:
 Windows 11 , 64 bit Build 22621 (10.0.22621.3085)
OS uptime: 0 days 22:27 hours
Hyper-V role detected

CPU: total 8 (initial active 8) (8 cores per cpu, 1 threads per core) family 23 model 96 stepping 1 microcode 0x0, cx8, cmov, fxsr, mmx, 3dnowpref, sse, sse2, sse3, ssse3, sse4a, sse4.1, sse4.2, popcnt, lzcnt, tsc, tscinvbit, avx, avx2, aes, clmul, bmi1, bmi2, adx, sha, fma, vzeroupper, clflush, clflushopt, hv, rdtscp, rdpid, f16c
Processor Information for all 8 processors :
  Max Mhz: 2000, Current Mhz: 2000, Mhz Limit: 2000

Memory: 4k page, system-wide physical 7599M (1783M free)
TotalPageFile size 9444M (AvailPageFile size 3M)
current process WorkingSet (physical memory assigned to process): 130M, peak: 130M
current process commit charge ("private bytes"): 250M, peak: 250M

vm_info: Java HotSpot(TM) 64-Bit Server VM (21.0.2+13-LTS-58) for windows-amd64 JRE (21.0.2+13-LTS-58), built on 2024-01-05T18:32:24Z by "mach5one" with MS VC++ 17.1 (VS2022)

END.
