#
# There is insufficient memory for the Java Runtime Environment to continue.
# Native memory allocation (malloc) failed to allocate 1561840 bytes for Chunk::new
# Possible reasons:
#   The system is out of physical RAM or swap space
#   The process is running with CompressedOops enabled, and the Java Heap may be blocking the growth of the native heap
# Possible solutions:
#   Reduce memory load on the system
#   Increase physical memory or swap space
#   Check if swap backing store is full
#   Decrease Java heap size (-Xmx/-Xms)
#   Decrease number of Java threads
#   Decrease Java thread stack sizes (-Xss)
#   Set larger code cache with -XX:ReservedCodeCacheSize=
#   JVM is running with Unscaled Compressed Oops mode in which the Java heap is
#     placed in the first 4GB address space. The Java Heap base address is the
#     maximum limit for the native heap growth. Please use -XX:HeapBaseMinAddress
#     to set the Java Heap base and to place the Java Heap above 4GB virtual address.
# This output file may be truncated or incomplete.
#
#  Out of Memory Error (arena.cpp:168), pid=2380, tid=1056
#
# JRE version: Java(TM) SE Runtime Environment (21.0.2+13) (build 21.0.2+13-LTS-58)
# Java VM: Java HotSpot(TM) 64-Bit Server VM (21.0.2+13-LTS-58, mixed mode, sharing, tiered, compressed oops, compressed class ptrs, g1 gc, windows-amd64)
# No core dump will be written. Minidumps are not enabled by default on client versions of Windows
#

---------------  S U M M A R Y ------------

Command Line: -javaagent:C:\Program Files\JetBrains\IntelliJ IDEA Community Edition 2023.3.4\lib\idea_rt.jar=63689:C:\Program Files\JetBrains\IntelliJ IDEA Community Edition 2023.3.4\bin -Dfile.encoding=UTF-8 -Dsun.stdout.encoding=UTF-8 -Dsun.stderr.encoding=UTF-8 com.yash.quizapp.QuizappApplication

Host: AMD Ryzen 7 4700U with Radeon Graphics         , 8 cores, 7G,  Windows 11 , 64 bit Build 22621 (10.0.22621.3085)
Time: Mon Feb 26 15:08:01 2024 India Standard Time elapsed time: 10.852381 seconds (0d 0h 0m 10s)

---------------  T H R E A D  ---------------

Current thread (0x0000020adbe68960):  JavaThread "C2 CompilerThread0" daemon [_thread_in_native, id=1056, stack(0x00000037db000000,0x00000037db100000) (1024K)]


Current CompileTask:
C2:  10852 5018       4       org.springframework.beans.factory.support.AbstractBeanFactory::isTypeMatch (619 bytes)

Stack: [0x00000037db000000,0x00000037db100000]
Native frames: (J=compiled Java code, j=interpreted, Vv=VM code, C=native code)
V  [jvm.dll+0x6cade9]
V  [jvm.dll+0x8569c1]
V  [jvm.dll+0x858d2e]
V  [jvm.dll+0x859413]
V  [jvm.dll+0x280e56]
V  [jvm.dll+0xc3f3d]
V  [jvm.dll+0xc4473]
V  [jvm.dll+0x3b5c2c]
V  [jvm.dll+0x1e2013]
V  [jvm.dll+0x249d22]
V  [jvm.dll+0x2491b1]
V  [jvm.dll+0x1c9634]
V  [jvm.dll+0x258859]
V  [jvm.dll+0x256e3a]
V  [jvm.dll+0x3ef6c6]
V  [jvm.dll+0x7ff568]
V  [jvm.dll+0x6c953d]
C  [ucrtbase.dll+0x29363]
C  [KERNEL32.DLL+0x1257d]
C  [ntdll.dll+0x5aa58]


---------------  P R O C E S S  ---------------

Threads class SMR info:
_java_thread_list=0x0000020b23110840, length=30, elements={
0x0000020adbe60780, 0x0000020adbe614a0, 0x0000020adbe632d0, 0x0000020adbe63f90,
0x0000020adbe657c0, 0x0000020adbe6a3b0, 0x0000020adbe68960, 0x0000020adbe755e0,
0x0000020b210a40c0, 0x0000020b213d6330, 0x0000020b213605b0, 0x0000020b234248d0,
0x0000020b239e8f60, 0x0000020b2408a4a0, 0x0000020b247be0a0, 0x0000020b2564af50,
0x0000020b247a7f20, 0x0000020b247a9960, 0x0000020b247a7200, 0x0000020b247a85b0,
0x0000020b247a8c40, 0x0000020b247a92d0, 0x0000020b247a9ff0, 0x0000020b267ddbc0,
0x0000020b267dbaf0, 0x0000020b267dd530, 0x0000020b267de250, 0x0000020b267dcea0,
0x0000020b267db460, 0x0000020b23fac270
}

Java Threads: ( => current thread )
  0x0000020adbe60780 JavaThread "Reference Handler"          daemon [_thread_blocked, id=14516, stack(0x00000037daa00000,0x00000037dab00000) (1024K)]
  0x0000020adbe614a0 JavaThread "Finalizer"                  daemon [_thread_blocked, id=12084, stack(0x00000037dab00000,0x00000037dac00000) (1024K)]
  0x0000020adbe632d0 JavaThread "Signal Dispatcher"          daemon [_thread_blocked, id=9140, stack(0x00000037dac00000,0x00000037dad00000) (1024K)]
  0x0000020adbe63f90 JavaThread "Attach Listener"            daemon [_thread_blocked, id=14872, stack(0x00000037dad00000,0x00000037dae00000) (1024K)]
  0x0000020adbe657c0 JavaThread "Service Thread"             daemon [_thread_blocked, id=8780, stack(0x00000037dae00000,0x00000037daf00000) (1024K)]
  0x0000020adbe6a3b0 JavaThread "Monitor Deflation Thread"   daemon [_thread_blocked, id=8568, stack(0x00000037daf00000,0x00000037db000000) (1024K)]
=>0x0000020adbe68960 JavaThread "C2 CompilerThread0"         daemon [_thread_in_native, id=1056, stack(0x00000037db000000,0x00000037db100000) (1024K)]
  0x0000020adbe755e0 JavaThread "C1 CompilerThread0"         daemon [_thread_blocked, id=1628, stack(0x00000037db100000,0x00000037db200000) (1024K)]
  0x0000020b210a40c0 JavaThread "Common-Cleaner"             daemon [_thread_blocked, id=1332, stack(0x00000037db200000,0x00000037db300000) (1024K)]
  0x0000020b213d6330 JavaThread "Monitor Ctrl-Break"         daemon [_thread_in_native, id=4736, stack(0x00000037db400000,0x00000037db500000) (1024K)]
  0x0000020b213605b0 JavaThread "Notification Thread"        daemon [_thread_blocked, id=12196, stack(0x00000037db500000,0x00000037db600000) (1024K)]
  0x0000020b234248d0 JavaThread "Catalina-utility-1"                [_thread_blocked, id=544, stack(0x00000037dbe00000,0x00000037dbf00000) (1024K)]
  0x0000020b239e8f60 JavaThread "Catalina-utility-2"                [_thread_blocked, id=13424, stack(0x00000037dc000000,0x00000037dc100000) (1024K)]
  0x0000020b2408a4a0 JavaThread "container-0"                       [_thread_blocked, id=1404, stack(0x00000037dc100000,0x00000037dc200000) (1024K)]
  0x0000020b247be0a0 JavaThread "PostgreSQL-JDBC-Cleaner"    daemon [_thread_blocked, id=12728, stack(0x00000037dc300000,0x00000037dc400000) (1024K)]
  0x0000020b2564af50 JavaThread "HikariPool-1 housekeeper"   daemon [_thread_blocked, id=11180, stack(0x00000037dc400000,0x00000037dc500000) (1024K)]
  0x0000020b247a7f20 JavaThread "http-nio-8080-exec-1"       daemon [_thread_blocked, id=5316, stack(0x00000037dc600000,0x00000037dc700000) (1024K)]
  0x0000020b247a9960 JavaThread "http-nio-8080-exec-2"       daemon [_thread_blocked, id=10312, stack(0x00000037dc700000,0x00000037dc800000) (1024K)]
  0x0000020b247a7200 JavaThread "http-nio-8080-exec-3"       daemon [_thread_blocked, id=7148, stack(0x00000037dc800000,0x00000037dc900000) (1024K)]
  0x0000020b247a85b0 JavaThread "http-nio-8080-exec-4"       daemon [_thread_blocked, id=13252, stack(0x00000037dc900000,0x00000037dca00000) (1024K)]
  0x0000020b247a8c40 JavaThread "http-nio-8080-exec-5"       daemon [_thread_blocked, id=6260, stack(0x00000037dca00000,0x00000037dcb00000) (1024K)]
  0x0000020b247a92d0 JavaThread "http-nio-8080-exec-6"       daemon [_thread_blocked, id=10620, stack(0x00000037dcb00000,0x00000037dcc00000) (1024K)]
  0x0000020b247a9ff0 JavaThread "http-nio-8080-exec-7"       daemon [_thread_blocked, id=12356, stack(0x00000037dcc00000,0x00000037dcd00000) (1024K)]
  0x0000020b267ddbc0 JavaThread "http-nio-8080-exec-8"       daemon [_thread_blocked, id=4012, stack(0x00000037dcd00000,0x00000037dce00000) (1024K)]
  0x0000020b267dbaf0 JavaThread "http-nio-8080-exec-9"       daemon [_thread_blocked, id=6828, stack(0x00000037dce00000,0x00000037dcf00000) (1024K)]
  0x0000020b267dd530 JavaThread "http-nio-8080-exec-10"      daemon [_thread_blocked, id=11528, stack(0x00000037dcf00000,0x00000037dd000000) (1024K)]
  0x0000020b267de250 JavaThread "http-nio-8080-Poller"       daemon [_thread_in_native, id=2828, stack(0x00000037dd000000,0x00000037dd100000) (1024K)]
  0x0000020b267dcea0 JavaThread "http-nio-8080-Acceptor"     daemon [_thread_in_native, id=856, stack(0x00000037dd100000,0x00000037dd200000) (1024K)]
  0x0000020b267db460 JavaThread "DestroyJavaVM"                     [_thread_blocked, id=10204, stack(0x00000037da200000,0x00000037da300000) (1024K)]
  0x0000020b23fac270 JavaThread "C2 CompilerThread1"         daemon [_thread_blocked, id=8984, stack(0x00000037db300000,0x00000037db400000) (1024K)]
Total: 30

Other Threads:
  0x0000020adbe44040 VMThread "VM Thread"                           [id=12420, stack(0x00000037da900000,0x00000037daa00000) (1024K)]
  0x0000020adbe2a900 WatcherThread "VM Periodic Task Thread"        [id=14856, stack(0x00000037da800000,0x00000037da900000) (1024K)]
  0x0000020abf7c36f0 WorkerThread "GC Thread#0"                     [id=7804, stack(0x00000037da300000,0x00000037da400000) (1024K)]
  0x0000020b21e49350 WorkerThread "GC Thread#1"                     [id=9412, stack(0x00000037db600000,0x00000037db700000) (1024K)]
  0x0000020b21e8ce90 WorkerThread "GC Thread#2"                     [id=13736, stack(0x00000037db700000,0x00000037db800000) (1024K)]
  0x0000020b21e8d230 WorkerThread "GC Thread#3"                     [id=6708, stack(0x00000037db800000,0x00000037db900000) (1024K)]
  0x0000020b21e8d5d0 WorkerThread "GC Thread#4"                     [id=8312, stack(0x00000037db900000,0x00000037dba00000) (1024K)]
  0x0000020b21e8d970 WorkerThread "GC Thread#5"                     [id=11984, stack(0x00000037dba00000,0x00000037dbb00000) (1024K)]
  0x0000020b22382cc0 WorkerThread "GC Thread#6"                     [id=11304, stack(0x00000037dbc00000,0x00000037dbd00000) (1024K)]
  0x0000020b222b5f80 WorkerThread "GC Thread#7"                     [id=11852, stack(0x00000037dbd00000,0x00000037dbe00000) (1024K)]
  0x0000020abf7d3600 ConcurrentGCThread "G1 Main Marker"            [id=11340, stack(0x00000037da400000,0x00000037da500000) (1024K)]
  0x0000020abf7d4100 WorkerThread "G1 Conc#0"                       [id=8244, stack(0x00000037da500000,0x00000037da600000) (1024K)]
  0x0000020b222a6200 WorkerThread "G1 Conc#1"                       [id=11284, stack(0x00000037dbb00000,0x00000037dbc00000) (1024K)]
  0x0000020adbcff150 ConcurrentGCThread "G1 Refine#0"               [id=12872, stack(0x00000037da600000,0x00000037da700000) (1024K)]
  0x0000020adbcffcc0 ConcurrentGCThread "G1 Service"                [id=5612, stack(0x00000037da700000,0x00000037da800000) (1024K)]
Total: 15

Threads with active compile tasks:
C2 CompilerThread0    10872 5018       4       org.springframework.beans.factory.support.AbstractBeanFactory::isTypeMatch (619 bytes)
Total: 1

VM state: not at safepoint (normal execution)

VM Mutex/Monitor currently owned by a thread: None

Heap address: 0x0000000089400000, size: 1900 MB, Compressed Oops mode: 32-bit

CDS archive(s) mapped at: [0x0000020adc000000-0x0000020adcc90000-0x0000020adcc90000), size 13172736, SharedBaseAddress: 0x0000020adc000000, ArchiveRelocationMode: 1.
Compressed class space mapped at: 0x0000020add000000-0x0000020b1d000000, reserved size: 1073741824
Narrow klass base: 0x0000020adc000000, Narrow klass shift: 0, Narrow klass range: 0x100000000

GC Precious Log:
 CardTable entry size: 512
 Card Set container configuration: InlinePtr #cards 5 size 8 Array Of Cards #cards 12 size 40 Howl #buckets 4 coarsen threshold 1843 Howl Bitmap #cards 512 size 80 coarsen threshold 460 Card regions per heap region 1 cards per card region 2048
 CPUs: 8 total, 8 available
 Memory: 7599M
 Large Page Support: Disabled
 NUMA Support: Disabled
 Compressed Oops: Enabled (32-bit)
 Heap Region Size: 1M
 Heap Min Capacity: 8M
 Heap Initial Capacity: 120M
 Heap Max Capacity: 1900M
 Pre-touch: Disabled
 Parallel Workers: 8
 Concurrent Workers: 2
 Concurrent Refinement Workers: 8
 Periodic GC: Disabled

Heap:
 garbage-first heap   total 58368K, used 30111K [0x0000000089400000, 0x0000000100000000)
  region size 1024K, 9 young (9216K), 3 survivors (3072K)
 Metaspace       used 61157K, committed 61824K, reserved 1114112K
  class space    used 8320K, committed 8576K, reserved 1048576K

Heap Regions: E=young(eden), S=young(survivor), O=old, HS=humongous(starts), HC=humongous(continues), CS=collection set, F=free, TAMS=top-at-mark-start, PB=parsable bottom
|   0|0x0000000089400000, 0x0000000089500000, 0x0000000089500000|100%|HS|  |TAMS 0x0000000089400000| PB 0x0000000089400000| Complete 
|   1|0x0000000089500000, 0x0000000089600000, 0x0000000089600000|100%| O|  |TAMS 0x0000000089500000| PB 0x0000000089500000| Untracked 
|   2|0x0000000089600000, 0x0000000089700000, 0x0000000089700000|100%| O|  |TAMS 0x0000000089600000| PB 0x0000000089600000| Untracked 
|   3|0x0000000089700000, 0x0000000089800000, 0x0000000089800000|100%| O|  |TAMS 0x0000000089700000| PB 0x0000000089700000| Untracked 
|   4|0x0000000089800000, 0x0000000089900000, 0x0000000089900000|100%| O|  |TAMS 0x0000000089800000| PB 0x0000000089800000| Untracked 
|   5|0x0000000089900000, 0x0000000089a00000, 0x0000000089a00000|100%| O|  |TAMS 0x0000000089900000| PB 0x0000000089900000| Untracked 
|   6|0x0000000089a00000, 0x0000000089b00000, 0x0000000089b00000|100%| O|  |TAMS 0x0000000089a00000| PB 0x0000000089a00000| Untracked 
|   7|0x0000000089b00000, 0x0000000089c00000, 0x0000000089c00000|100%| O|  |TAMS 0x0000000089b00000| PB 0x0000000089b00000| Untracked 
|   8|0x0000000089c00000, 0x0000000089d00000, 0x0000000089d00000|100%| O|  |TAMS 0x0000000089c00000| PB 0x0000000089c00000| Untracked 
|   9|0x0000000089d00000, 0x0000000089e00000, 0x0000000089e00000|100%| O|  |TAMS 0x0000000089d00000| PB 0x0000000089d00000| Untracked 
|  10|0x0000000089e00000, 0x0000000089f00000, 0x0000000089f00000|100%| O|  |TAMS 0x0000000089e00000| PB 0x0000000089e00000| Untracked 
|  11|0x0000000089f00000, 0x000000008a000000, 0x000000008a000000|100%| O|  |TAMS 0x0000000089f00000| PB 0x0000000089f00000| Untracked 
|  12|0x000000008a000000, 0x000000008a100000, 0x000000008a100000|100%| O|Cm|TAMS 0x000000008a000000| PB 0x000000008a000000| Complete 
|  13|0x000000008a100000, 0x000000008a200000, 0x000000008a200000|100%| O|  |TAMS 0x000000008a100000| PB 0x000000008a100000| Untracked 
|  14|0x000000008a200000, 0x000000008a300000, 0x000000008a300000|100%| O|  |TAMS 0x000000008a200000| PB 0x000000008a200000| Untracked 
|  15|0x000000008a300000, 0x000000008a400000, 0x000000008a400000|100%| O|  |TAMS 0x000000008a300000| PB 0x000000008a300000| Untracked 
|  16|0x000000008a400000, 0x000000008a500000, 0x000000008a500000|100%| O|  |TAMS 0x000000008a400000| PB 0x000000008a400000| Untracked 
|  17|0x000000008a500000, 0x000000008a600000, 0x000000008a600000|100%| O|  |TAMS 0x000000008a500000| PB 0x000000008a500000| Untracked 
|  18|0x000000008a600000, 0x000000008a700000, 0x000000008a700000|100%| O|  |TAMS 0x000000008a600000| PB 0x000000008a600000| Untracked 
|  19|0x000000008a700000, 0x000000008a800000, 0x000000008a800000|100%| O|  |TAMS 0x000000008a700000| PB 0x000000008a700000| Untracked 
|  20|0x000000008a800000, 0x000000008a900000, 0x000000008a900000|100%| O|  |TAMS 0x000000008a800000| PB 0x000000008a800000| Untracked 
|  21|0x000000008a900000, 0x000000008a900000, 0x000000008aa00000|  0%| F|  |TAMS 0x000000008a900000| PB 0x000000008a900000| Untracked 
|  22|0x000000008aa00000, 0x000000008aa00000, 0x000000008ab00000|  0%| F|  |TAMS 0x000000008aa00000| PB 0x000000008aa00000| Untracked 
|  23|0x000000008ab00000, 0x000000008ab00000, 0x000000008ac00000|  0%| F|  |TAMS 0x000000008ab00000| PB 0x000000008ab00000| Untracked 
|  24|0x000000008ac00000, 0x000000008ac00000, 0x000000008ad00000|  0%| F|  |TAMS 0x000000008ac00000| PB 0x000000008ac00000| Untracked 
|  25|0x000000008ad00000, 0x000000008ae00000, 0x000000008ae00000|100%| O|  |TAMS 0x000000008ad00000| PB 0x000000008ad00000| Untracked 
|  26|0x000000008ae00000, 0x000000008af00000, 0x000000008af00000|100%| O|  |TAMS 0x000000008ae00000| PB 0x000000008ae00000| Untracked 
|  27|0x000000008af00000, 0x000000008af0f8b0, 0x000000008b000000|  6%| O|  |TAMS 0x000000008af00000| PB 0x000000008af00000| Untracked 
|  28|0x000000008b000000, 0x000000008b000000, 0x000000008b100000|  0%| F|  |TAMS 0x000000008b000000| PB 0x000000008b000000| Untracked 
|  29|0x000000008b100000, 0x000000008b100000, 0x000000008b200000|  0%| F|  |TAMS 0x000000008b100000| PB 0x000000008b100000| Untracked 
|  30|0x000000008b200000, 0x000000008b200000, 0x000000008b300000|  0%| F|  |TAMS 0x000000008b200000| PB 0x000000008b200000| Untracked 
|  31|0x000000008b300000, 0x000000008b300000, 0x000000008b400000|  0%| F|  |TAMS 0x000000008b300000| PB 0x000000008b300000| Untracked 
|  32|0x000000008b400000, 0x000000008b400000, 0x000000008b500000|  0%| F|  |TAMS 0x000000008b400000| PB 0x000000008b400000| Untracked 
|  33|0x000000008b500000, 0x000000008b5583e0, 0x000000008b600000| 34%| S|CS|TAMS 0x000000008b500000| PB 0x000000008b500000| Complete 
|  34|0x000000008b600000, 0x000000008b700000, 0x000000008b700000|100%| S|CS|TAMS 0x000000008b600000| PB 0x000000008b600000| Complete 
|  35|0x000000008b700000, 0x000000008b800000, 0x000000008b800000|100%| S|CS|TAMS 0x000000008b700000| PB 0x000000008b700000| Complete 
|  36|0x000000008b800000, 0x000000008b800000, 0x000000008b900000|  0%| F|  |TAMS 0x000000008b800000| PB 0x000000008b800000| Untracked 
|  37|0x000000008b900000, 0x000000008b900000, 0x000000008ba00000|  0%| F|  |TAMS 0x000000008b900000| PB 0x000000008b900000| Untracked 
|  38|0x000000008ba00000, 0x000000008ba00000, 0x000000008bb00000|  0%| F|  |TAMS 0x000000008ba00000| PB 0x000000008ba00000| Untracked 
|  39|0x000000008bb00000, 0x000000008bb00000, 0x000000008bc00000|  0%| F|  |TAMS 0x000000008bb00000| PB 0x000000008bb00000| Untracked 
|  40|0x000000008bc00000, 0x000000008bc00000, 0x000000008bd00000|  0%| F|  |TAMS 0x000000008bc00000| PB 0x000000008bc00000| Untracked 
|  41|0x000000008bd00000, 0x000000008bd00000, 0x000000008be00000|  0%| F|  |TAMS 0x000000008bd00000| PB 0x000000008bd00000| Untracked 
|  42|0x000000008be00000, 0x000000008be00000, 0x000000008bf00000|  0%| F|  |TAMS 0x000000008be00000| PB 0x000000008be00000| Untracked 
|  43|0x000000008bf00000, 0x000000008bf00000, 0x000000008c000000|  0%| F|  |TAMS 0x000000008bf00000| PB 0x000000008bf00000| Untracked 
|  44|0x000000008c000000, 0x000000008c000000, 0x000000008c100000|  0%| F|  |TAMS 0x000000008c000000| PB 0x000000008c000000| Untracked 
|  45|0x000000008c100000, 0x000000008c100000, 0x000000008c200000|  0%| F|  |TAMS 0x000000008c100000| PB 0x000000008c100000| Untracked 
|  46|0x000000008c200000, 0x000000008c200000, 0x000000008c300000|  0%| F|  |TAMS 0x000000008c200000| PB 0x000000008c200000| Untracked 
|  47|0x000000008c300000, 0x000000008c300000, 0x000000008c400000|  0%| F|  |TAMS 0x000000008c300000| PB 0x000000008c300000| Untracked 
|  48|0x000000008c400000, 0x000000008c400000, 0x000000008c500000|  0%| F|  |TAMS 0x000000008c400000| PB 0x000000008c400000| Untracked 
|  49|0x000000008c500000, 0x000000008c500000, 0x000000008c600000|  0%| F|  |TAMS 0x000000008c500000| PB 0x000000008c500000| Untracked 
|  73|0x000000008dd00000, 0x000000008dd00000, 0x000000008de00000|  0%| F|  |TAMS 0x000000008dd00000| PB 0x000000008dd00000| Untracked 
|  74|0x000000008de00000, 0x000000008dee3cf8, 0x000000008df00000| 88%| E|  |TAMS 0x000000008de00000| PB 0x000000008de00000| Complete 
|  75|0x000000008df00000, 0x000000008e000000, 0x000000008e000000|100%| E|CS|TAMS 0x000000008df00000| PB 0x000000008df00000| Complete 
|  76|0x000000008e000000, 0x000000008e100000, 0x000000008e100000|100%| E|CS|TAMS 0x000000008e000000| PB 0x000000008e000000| Complete 
|  77|0x000000008e100000, 0x000000008e200000, 0x000000008e200000|100%| E|  |TAMS 0x000000008e100000| PB 0x000000008e100000| Complete 
|  78|0x000000008e200000, 0x000000008e300000, 0x000000008e300000|100%| E|CS|TAMS 0x000000008e200000| PB 0x000000008e200000| Complete 
| 119|0x0000000090b00000, 0x0000000090c00000, 0x0000000090c00000|100%| E|CS|TAMS 0x0000000090b00000| PB 0x0000000090b00000| Complete 

Card table byte_map: [0x0000020ad72c0000,0x0000020ad7680000] _byte_map_base: 0x0000020ad6e76000

Marking Bits: (CMBitMap*) 0x0000020abf7c3df0
 Bits: [0x0000020ad7680000, 0x0000020ad9430000)

Polling page: 0x0000020abd6b0000

Metaspace:

Usage:
  Non-class:     51.60 MB used.
      Class:      8.13 MB used.
       Both:     59.72 MB used.

Virtual space:
  Non-class space:       64.00 MB reserved,      52.00 MB ( 81%) committed,  1 nodes.
      Class space:        1.00 GB reserved,       8.38 MB ( <1%) committed,  1 nodes.
             Both:        1.06 GB reserved,      60.38 MB (  6%) committed. 

Chunk freelists:
   Non-Class:  12.05 MB
       Class:  7.44 MB
        Both:  19.48 MB

MaxMetaspaceSize: unlimited
CompressedClassSpaceSize: 1.00 GB
Initial GC threshold: 21.00 MB
Current GC threshold: 98.38 MB
CDS: on
 - commit_granule_bytes: 65536.
 - commit_granule_words: 8192.
 - virtual_space_node_default_size: 8388608.
 - enlarge_chunks_in_place: 1.
 - use_allocation_guard: 0.


Internal statistics:

num_allocs_failed_limit: 9.
num_arena_births: 906.
num_arena_deaths: 0.
num_vsnodes_births: 2.
num_vsnodes_deaths: 0.
num_space_committed: 966.
num_space_uncommitted: 0.
num_chunks_returned_to_freelist: 9.
num_chunks_taken_from_freelist: 3143.
num_chunk_merges: 6.
num_chunk_splits: 2267.
num_chunks_enlarged: 1735.
num_inconsistent_stats: 0.

CodeHeap 'non-profiled nmethods': size=120000Kb used=3245Kb max_used=3567Kb free=116754Kb
 bounds [0x0000020acf6a0000, 0x0000020acfa20000, 0x0000020ad6bd0000]
CodeHeap 'profiled nmethods': size=120000Kb used=8197Kb max_used=8962Kb free=111802Kb
 bounds [0x0000020ac7bd0000, 0x0000020ac84a0000, 0x0000020acf100000]
CodeHeap 'non-nmethods': size=5760Kb used=1637Kb max_used=1688Kb free=4123Kb
 bounds [0x0000020acf100000, 0x0000020acf370000, 0x0000020acf6a0000]
 total_blobs=5024 nmethods=4342 adapters=585
 compilation: enabled
              stopped_count=0, restarted_count=0
 full_count=0

Compilation events (20 events):
Event: 10.683 Thread 0x0000020adbe755e0 5049       3       java.io.StringReader::ensureOpen (18 bytes)
Event: 10.684 Thread 0x0000020adbe755e0 nmethod 5049 0x0000020ac7c0a710 code [0x0000020ac7c0a8c0, 0x0000020ac7c0aad0]
Event: 10.684 Thread 0x0000020adbe755e0 5048   !   3       org.apache.tomcat.util.http.parser.HttpParser::isToken (9 bytes)
Event: 10.684 Thread 0x0000020adbe755e0 nmethod 5048 0x0000020ac7bf8b90 code [0x0000020ac7bf8d40, 0x0000020ac7bf8eb0]
Event: 10.685 Thread 0x0000020b23fac270 5050       4       java.util.Properties$LineReader::readLine (584 bytes)
Event: 10.693 Thread 0x0000020adbe755e0 5051       3       jdk.internal.misc.Unsafe::putLongRelease (9 bytes)
Event: 10.693 Thread 0x0000020adbe755e0 nmethod 5051 0x0000020ac7c4f510 code [0x0000020ac7c4f6a0, 0x0000020ac7c4f7c0]
Event: 10.693 Thread 0x0000020adbe755e0 5052       3       java.util.concurrent.atomic.AtomicLongArray::get (12 bytes)
Event: 10.694 Thread 0x0000020adbe755e0 nmethod 5052 0x0000020ac7ef0990 code [0x0000020ac7ef0b80, 0x0000020ac7ef1010]
Event: 10.696 Thread 0x0000020adbe755e0 5053       3       java.util.concurrent.atomic.AtomicLongArray::lazySet (13 bytes)
Event: 10.696 Thread 0x0000020adbe755e0 nmethod 5053 0x0000020ac7c39090 code [0x0000020ac7c392a0, 0x0000020ac7c398e0]
Event: 10.696 Thread 0x0000020adbe755e0 5054       3       java.lang.invoke.VarHandleGuards::guard_LIJ_V (135 bytes)
Event: 10.698 Thread 0x0000020adbe755e0 nmethod 5054 0x0000020ac7ceb890 code [0x0000020ac7cebcc0, 0x0000020ac7cee168]
Event: 10.699 Thread 0x0000020adbe755e0 5055       3       java.util.concurrent.atomic.AtomicReferenceArray::get (12 bytes)
Event: 10.700 Thread 0x0000020adbe755e0 nmethod 5055 0x0000020ac7ccc990 code [0x0000020ac7cccbe0, 0x0000020ac7ccd7b0]
Event: 10.700 Thread 0x0000020adbe755e0 5056       3       java.lang.invoke.VarHandleGuards::guard_LI_L (89 bytes)
Event: 10.701 Thread 0x0000020adbe755e0 nmethod 5056 0x0000020ac8167590 code [0x0000020ac8167900, 0x0000020ac8169618]
Event: 10.701 Thread 0x0000020adbe755e0 5058       3       java.nio.Buffer::remaining (20 bytes)
Event: 10.702 Thread 0x0000020adbe755e0 nmethod 5058 0x0000020ac7c69b10 code [0x0000020ac7c69cc0, 0x0000020ac7c69e48]
Event: 10.713 Thread 0x0000020b23fac270 nmethod 5050 0x0000020acf765f90 code [0x0000020acf766260, 0x0000020acf767980]

GC Heap History (20 events):
Event: 0.704 GC heap before
{Heap before GC invocations=0 (full 0):
 garbage-first heap   total 122880K, used 23552K [0x0000000089400000, 0x0000000100000000)
  region size 1024K, 23 young (23552K), 0 survivors (0K)
 Metaspace       used 6761K, committed 6976K, reserved 1114112K
  class space    used 793K, committed 896K, reserved 1048576K
}
Event: 0.711 GC heap after
{Heap after GC invocations=1 (full 0):
 garbage-first heap   total 122880K, used 6859K [0x0000000089400000, 0x0000000100000000)
  region size 1024K, 3 young (3072K), 3 survivors (3072K)
 Metaspace       used 6761K, committed 6976K, reserved 1114112K
  class space    used 793K, committed 896K, reserved 1048576K
}
Event: 1.078 GC heap before
{Heap before GC invocations=1 (full 0):
 garbage-first heap   total 122880K, used 35531K [0x0000000089400000, 0x0000000100000000)
  region size 1024K, 32 young (32768K), 3 survivors (3072K)
 Metaspace       used 14874K, committed 15168K, reserved 1114112K
  class space    used 1775K, committed 1920K, reserved 1048576K
}
Event: 1.083 GC heap after
{Heap after GC invocations=2 (full 0):
 garbage-first heap   total 122880K, used 9616K [0x0000000089400000, 0x0000000100000000)
  region size 1024K, 3 young (3072K), 3 survivors (3072K)
 Metaspace       used 14874K, committed 15168K, reserved 1114112K
  class space    used 1775K, committed 1920K, reserved 1048576K
}
Event: 1.887 GC heap before
{Heap before GC invocations=2 (full 0):
 garbage-first heap   total 122880K, used 47504K [0x0000000089400000, 0x0000000100000000)
  region size 1024K, 41 young (41984K), 3 survivors (3072K)
 Metaspace       used 21236K, committed 21504K, reserved 1114112K
  class space    used 2580K, committed 2688K, reserved 1048576K
}
Event: 1.894 GC heap after
{Heap after GC invocations=3 (full 0):
 garbage-first heap   total 122880K, used 13025K [0x0000000089400000, 0x0000000100000000)
  region size 1024K, 6 young (6144K), 6 survivors (6144K)
 Metaspace       used 21236K, committed 21504K, reserved 1114112K
  class space    used 2580K, committed 2688K, reserved 1048576K
}
Event: 2.416 GC heap before
{Heap before GC invocations=4 (full 0):
 garbage-first heap   total 48128K, used 35553K [0x0000000089400000, 0x0000000100000000)
  region size 1024K, 28 young (28672K), 6 survivors (6144K)
 Metaspace       used 25217K, committed 25664K, reserved 1114112K
  class space    used 3198K, committed 3392K, reserved 1048576K
}
Event: 2.426 GC heap after
{Heap after GC invocations=5 (full 0):
 garbage-first heap   total 48128K, used 15727K [0x0000000089400000, 0x0000000100000000)
  region size 1024K, 3 young (3072K), 3 survivors (3072K)
 Metaspace       used 25217K, committed 25664K, reserved 1114112K
  class space    used 3198K, committed 3392K, reserved 1048576K
}
Event: 3.042 GC heap before
{Heap before GC invocations=5 (full 0):
 garbage-first heap   total 48128K, used 37231K [0x0000000089400000, 0x0000000100000000)
  region size 1024K, 24 young (24576K), 3 survivors (3072K)
 Metaspace       used 30989K, committed 31552K, reserved 1114112K
  class space    used 3915K, committed 4160K, reserved 1048576K
}
Event: 3.046 GC heap after
{Heap after GC invocations=6 (full 0):
 garbage-first heap   total 48128K, used 17485K [0x0000000089400000, 0x0000000100000000)
  region size 1024K, 3 young (3072K), 3 survivors (3072K)
 Metaspace       used 30989K, committed 31552K, reserved 1114112K
  class space    used 3915K, committed 4160K, reserved 1048576K
}
Event: 3.341 GC heap before
{Heap before GC invocations=6 (full 0):
 garbage-first heap   total 48128K, used 32845K [0x0000000089400000, 0x0000000100000000)
  region size 1024K, 19 young (19456K), 3 survivors (3072K)
 Metaspace       used 35468K, committed 35968K, reserved 1114112K
  class space    used 4493K, committed 4736K, reserved 1048576K
}
Event: 3.343 GC heap after
{Heap after GC invocations=7 (full 0):
 garbage-first heap   total 48128K, used 18422K [0x0000000089400000, 0x0000000100000000)
  region size 1024K, 2 young (2048K), 2 survivors (2048K)
 Metaspace       used 35468K, committed 35968K, reserved 1114112K
  class space    used 4493K, committed 4736K, reserved 1048576K
}
Event: 3.779 GC heap before
{Heap before GC invocations=8 (full 0):
 garbage-first heap   total 48128K, used 38902K [0x0000000089400000, 0x0000000100000000)
  region size 1024K, 22 young (22528K), 2 survivors (2048K)
 Metaspace       used 41037K, committed 41536K, reserved 1114112K
  class space    used 5355K, committed 5568K, reserved 1048576K
}
Event: 3.781 GC heap after
{Heap after GC invocations=9 (full 0):
 garbage-first heap   total 58368K, used 19630K [0x0000000089400000, 0x0000000100000000)
  region size 1024K, 3 young (3072K), 3 survivors (3072K)
 Metaspace       used 41037K, committed 41536K, reserved 1114112K
  class space    used 5355K, committed 5568K, reserved 1048576K
}
Event: 4.439 GC heap before
{Heap before GC invocations=9 (full 0):
 garbage-first heap   total 58368K, used 49326K [0x0000000089400000, 0x0000000100000000)
  region size 1024K, 32 young (32768K), 3 survivors (3072K)
 Metaspace       used 50605K, committed 51200K, reserved 1114112K
  class space    used 6826K, committed 7104K, reserved 1048576K
}
Event: 4.443 GC heap after
{Heap after GC invocations=10 (full 0):
 garbage-first heap   total 58368K, used 20925K [0x0000000089400000, 0x0000000100000000)
  region size 1024K, 3 young (3072K), 3 survivors (3072K)
 Metaspace       used 50605K, committed 51200K, reserved 1114112K
  class space    used 6826K, committed 7104K, reserved 1048576K
}
Event: 5.062 GC heap before
{Heap before GC invocations=10 (full 0):
 garbage-first heap   total 58368K, used 50621K [0x0000000089400000, 0x0000000100000000)
  region size 1024K, 32 young (32768K), 3 survivors (3072K)
 Metaspace       used 55601K, committed 56256K, reserved 1114112K
  class space    used 7512K, committed 7808K, reserved 1048576K
}
Event: 5.066 GC heap after
{Heap after GC invocations=11 (full 0):
 garbage-first heap   total 58368K, used 23735K [0x0000000089400000, 0x0000000100000000)
  region size 1024K, 4 young (4096K), 4 survivors (4096K)
 Metaspace       used 55601K, committed 56256K, reserved 1114112K
  class space    used 7512K, committed 7808K, reserved 1048576K
}
Event: 10.550 GC heap before
{Heap before GC invocations=11 (full 0):
 garbage-first heap   total 58368K, used 43191K [0x0000000089400000, 0x0000000100000000)
  region size 1024K, 25 young (25600K), 4 survivors (4096K)
 Metaspace       used 59561K, committed 60160K, reserved 1114112K
  class space    used 8008K, committed 8256K, reserved 1048576K
}
Event: 10.555 GC heap after
{Heap after GC invocations=12 (full 0):
 garbage-first heap   total 58368K, used 26015K [0x0000000089400000, 0x0000000100000000)
  region size 1024K, 3 young (3072K), 3 survivors (3072K)
 Metaspace       used 59561K, committed 60160K, reserved 1114112K
  class space    used 8008K, committed 8256K, reserved 1048576K
}

Dll operation events (14 events):
Event: 0.008 Loaded shared library C:\Program Files\Java\jdk-21\bin\java.dll
Event: 0.037 Loaded shared library C:\Program Files\Java\jdk-21\bin\jsvml.dll
Event: 0.092 Loaded shared library C:\Program Files\Java\jdk-21\bin\zip.dll
Event: 0.094 Loaded shared library C:\Program Files\Java\jdk-21\bin\instrument.dll
Event: 0.099 Loaded shared library C:\Program Files\Java\jdk-21\bin\net.dll
Event: 0.101 Loaded shared library C:\Program Files\Java\jdk-21\bin\nio.dll
Event: 0.103 Loaded shared library C:\Program Files\Java\jdk-21\bin\zip.dll
Event: 0.194 Loaded shared library C:\Program Files\JetBrains\IntelliJ IDEA Community Edition 2023.3.4\bin\breakgen64.dll
Event: 0.201 Loaded shared library C:\Program Files\Java\jdk-21\bin\extnet.dll
Event: 0.231 Loaded shared library C:\Program Files\Java\jdk-21\bin\jimage.dll
Event: 1.171 Loaded shared library C:\Program Files\Java\jdk-21\bin\sunmscapi.dll
Event: 2.583 Loaded shared library C:\Program Files\Java\jdk-21\bin\management.dll
Event: 2.585 Loaded shared library C:\Program Files\Java\jdk-21\bin\management_ext.dll
Event: 3.347 Loaded shared library C:\Program Files\Java\jdk-21\bin\verify.dll

Deoptimization events (20 events):
Event: 5.304 Thread 0x0000020abd437fd0 Uncommon trap: trap_request=0xffffff45 fr.pc=0x0000020acf981cf8 relative=0x0000000000004298
Event: 5.304 Thread 0x0000020abd437fd0 Uncommon trap: reason=unstable_if action=reinterpret pc=0x0000020acf981cf8 method=org.springframework.util.ReflectionUtils.lambda$static$0(Ljava/lang/reflect/Method;)Z @ 4 c2
Event: 5.304 Thread 0x0000020abd437fd0 DEOPT PACKING pc=0x0000020acf981cf8 sp=0x00000037da2fefc0
Event: 5.304 Thread 0x0000020abd437fd0 DEOPT UNPACKING pc=0x0000020acf1546a2 sp=0x00000037da2fef28 mode 2
Event: 5.308 Thread 0x0000020abd437fd0 Uncommon trap: trap_request=0xffffff45 fr.pc=0x0000020acf70898c relative=0x000000000000006c
Event: 5.308 Thread 0x0000020abd437fd0 Uncommon trap: reason=unstable_if action=reinterpret pc=0x0000020acf70898c method=org.springframework.util.ConcurrentReferenceHashMap$Segment.clear()V @ 7 c2
Event: 5.308 Thread 0x0000020abd437fd0 DEOPT PACKING pc=0x0000020acf70898c sp=0x00000037da2ff250
Event: 5.308 Thread 0x0000020abd437fd0 DEOPT UNPACKING pc=0x0000020acf1546a2 sp=0x00000037da2ff1e0 mode 2
Event: 10.518 Thread 0x0000020b247a7f20 Uncommon trap: trap_request=0xffffff45 fr.pc=0x0000020acf7f6254 relative=0x00000000000001f4
Event: 10.518 Thread 0x0000020b247a7f20 Uncommon trap: reason=unstable_if action=reinterpret pc=0x0000020acf7f6254 method=java.util.HashMap.getNode(Ljava/lang/Object;)Ljava/util/HashMap$Node; @ 66 c2
Event: 10.518 Thread 0x0000020b247a7f20 DEOPT PACKING pc=0x0000020acf7f6254 sp=0x00000037dc6fcf80
Event: 10.518 Thread 0x0000020b247a7f20 DEOPT UNPACKING pc=0x0000020acf1546a2 sp=0x00000037dc6fce88 mode 2
Event: 10.521 Thread 0x0000020b247a7f20 Uncommon trap: trap_request=0xffffffde fr.pc=0x0000020acf9db1b0 relative=0x00000000000012d0
Event: 10.521 Thread 0x0000020b247a7f20 Uncommon trap: reason=class_check action=maybe_recompile pc=0x0000020acf9db1b0 method=org.springframework.core.annotation.AnnotatedElementUtils.getAnnotationAttributes(Lorg/springframework/core/annotation/MergedAnnotation;ZZ)Lorg/springframework/core/anno
Event: 10.521 Thread 0x0000020b247a7f20 DEOPT PACKING pc=0x0000020acf9db1b0 sp=0x00000037dc6fcb10
Event: 10.521 Thread 0x0000020b247a7f20 DEOPT UNPACKING pc=0x0000020acf1546a2 sp=0x00000037dc6fc988 mode 2
Event: 10.527 Thread 0x0000020b247a7f20 Uncommon trap: trap_request=0xffffffde fr.pc=0x0000020acfa0f740 relative=0x0000000000000680
Event: 10.527 Thread 0x0000020b247a7f20 Uncommon trap: reason=class_check action=maybe_recompile pc=0x0000020acfa0f740 method=java.util.Spliterators$IteratorSpliterator.tryAdvance(Ljava/util/function/Consumer;)Z @ 68 c2
Event: 10.527 Thread 0x0000020b247a7f20 DEOPT PACKING pc=0x0000020acfa0f740 sp=0x00000037dc6fc590
Event: 10.527 Thread 0x0000020b247a7f20 DEOPT UNPACKING pc=0x0000020acf1546a2 sp=0x00000037dc6fc370 mode 2

Classes loaded (20 events):
Event: 10.446 Loading class java/nio/channels/SelectionKey
Event: 10.447 Loading class java/nio/channels/SelectionKey done
Event: 10.447 Loading class java/nio/channels/spi/AbstractSelectionKey done
Event: 10.447 Loading class sun/nio/ch/SelectionKeyImpl done
Event: 10.447 Loading class java/lang/invoke/ConstantBootstraps
Event: 10.447 Loading class java/lang/invoke/ConstantBootstraps done
Event: 10.615 Loading class java/util/AbstractMap$SimpleEntry
Event: 10.615 Loading class java/util/AbstractMap$SimpleEntry done
Event: 10.639 Loading class java/util/regex/Pattern$SliceI
Event: 10.639 Loading class java/util/regex/Pattern$SliceI done
Event: 10.639 Loading class java/util/regex/Pattern$Bound
Event: 10.639 Loading class java/util/regex/Pattern$Bound done
Event: 10.672 Loading class java/time/format/DateTimeFormatterBuilder$ZoneTextPrinterParser
Event: 10.673 Loading class java/time/format/DateTimeFormatterBuilder$ZoneTextPrinterParser done
Event: 10.673 Loading class java/time/format/DateTimeFormatterBuilder$ReducedPrinterParser
Event: 10.673 Loading class java/time/format/DateTimeFormatterBuilder$ReducedPrinterParser done
Event: 10.676 Loading class java/util/OptionalLong
Event: 10.676 Loading class java/util/OptionalLong done
Event: 10.676 Loading class java/util/OptionalDouble
Event: 10.676 Loading class java/util/OptionalDouble done

Classes unloaded (0 events):
No events

Classes redefined (0 events):
No events

Internal exceptions (20 events):
Event: 4.487 Thread 0x0000020abd437fd0 Exception <a 'java/lang/NoSuchMethodError'{0x000000008e145d60}: 'java.lang.Object java.lang.invoke.DirectMethodHandle$Holder.invokeSpecial(java.lang.Object, java.lang.Object, java.lang.Object, java.lang.Object, java.lang.Object, java.lang.Object, java.lang.Object, java.lang.Object, int)'> (0x000000008e145d60) 
thrown [s\open\src\hotspot\share\interpreter\linkResolver.cpp, line 773]
Event: 4.487 Thread 0x0000020abd437fd0 Exception <a 'java/lang/NoSuchMethodError'{0x000000008e149d78}: 'java.lang.Object java.lang.invoke.Invokers$Holder.linkToTargetMethod(java.lang.Object, java.lang.Object, java.lang.Object, java.lang.Object, java.lang.Object, java.lang.Object, int, java.lang.Object)'> (0x000000008e149d78) 
thrown [s\open\src\hotspot\share\interpreter\linkResolver.cpp, line 773]
Event: 4.500 Thread 0x0000020abd437fd0 Exception <a 'java/lang/NoSuchMethodError'{0x000000008e1e1bf0}: 'void java.lang.invoke.DirectMethodHandle$Holder.invokeInterface(java.lang.Object, java.lang.Object)'> (0x000000008e1e1bf0) 
thrown [s\open\src\hotspot\share\interpreter\linkResolver.cpp, line 773]
Event: 4.527 Thread 0x0000020abd437fd0 Exception <a 'java/lang/NoSuchMethodError'{0x000000008df9eab8}: 'void java.lang.invoke.Invokers$Holder.invokeExact_MT(java.lang.Object, java.lang.Object, java.lang.Object, java.lang.Object)'> (0x000000008df9eab8) 
thrown [s\open\src\hotspot\share\interpreter\linkResolver.cpp, line 773]
Event: 4.581 Thread 0x0000020abd437fd0 Exception <a 'java/lang/IncompatibleClassChangeError'{0x000000008c40aa80}: Found class java.lang.Object, but interface was expected> (0x000000008c40aa80) 
thrown [s\open\src\hotspot\share\interpreter\linkResolver.cpp, line 840]
Event: 4.592 Thread 0x0000020abd437fd0 Exception <a 'java/lang/IncompatibleClassChangeError'{0x000000008c47f120}: Found class java.lang.Object, but interface was expected> (0x000000008c47f120) 
thrown [s\open\src\hotspot\share\interpreter\linkResolver.cpp, line 840]
Event: 4.647 Thread 0x0000020abd437fd0 Exception <a 'java/lang/IncompatibleClassChangeError'{0x000000008c3d95d8}: Found class java.lang.Object, but interface was expected> (0x000000008c3d95d8) 
thrown [s\open\src\hotspot\share\interpreter\linkResolver.cpp, line 840]
Event: 4.805 Thread 0x0000020abd437fd0 Exception <a 'java/lang/IncompatibleClassChangeError'{0x000000008bd7ec48}: Found class java.lang.Object, but interface was expected> (0x000000008bd7ec48) 
thrown [s\open\src\hotspot\share\interpreter\linkResolver.cpp, line 840]
Event: 4.905 Thread 0x0000020abd437fd0 Exception <a 'java/lang/NoSuchMethodError'{0x000000008b6178e0}: 'java.lang.Object java.lang.invoke.DirectMethodHandle$Holder.newInvokeSpecial(java.lang.Object, java.lang.Object, java.lang.Object, java.lang.Object, java.lang.Object, java.lang.Object, java.lang.Object, java.lang.Object)'> (0x000000008b6178e0) 
thrown [s\open\src\hotspot\share\interpreter\linkResolver.cpp, line 773]
Event: 5.093 Thread 0x0000020abd437fd0 Exception <a 'java/lang/IncompatibleClassChangeError'{0x000000008e1ce5b8}: Found class java.lang.Object, but interface was expected> (0x000000008e1ce5b8) 
thrown [s\open\src\hotspot\share\interpreter\linkResolver.cpp, line 840]
Event: 5.139 Thread 0x0000020abd437fd0 Exception <a 'java/lang/NoSuchMethodError'{0x000000008df63d78}: 'void java.lang.invoke.DirectMethodHandle$Holder.invokeVirtual(java.lang.Object, java.lang.Object, long)'> (0x000000008df63d78) 
thrown [s\open\src\hotspot\share\interpreter\linkResolver.cpp, line 773]
Event: 5.218 Thread 0x0000020abd437fd0 Exception <a 'java/lang/IncompatibleClassChangeError'{0x000000008c43cca0}: Found class java.lang.Object, but interface was expected> (0x000000008c43cca0) 
thrown [s\open\src\hotspot\share\interpreter\linkResolver.cpp, line 840]
Event: 5.233 Thread 0x0000020abd437fd0 Implicit null exception at 0x0000020acf7eaa88 to 0x0000020acf7eace4
Event: 5.310 Thread 0x0000020abd437fd0 Exception <a 'java/lang/NoSuchMethodError'{0x000000008c045390}: 'java.lang.Object java.lang.invoke.DirectMethodHandle$Holder.newInvokeSpecial(java.lang.Object, java.lang.Object, int, java.lang.Object, java.lang.Object)'> (0x000000008c045390) 
thrown [s\open\src\hotspot\share\interpreter\linkResolver.cpp, line 773]
Event: 5.311 Thread 0x0000020abd437fd0 Exception <a 'java/lang/NoSuchMethodError'{0x000000008c050240}: 'java.lang.Object java.lang.invoke.DirectMethodHandle$Holder.invokeSpecial(java.lang.Object, java.lang.Object, int, java.lang.Object, int, java.lang.Object)'> (0x000000008c050240) 
thrown [s\open\src\hotspot\share\interpreter\linkResolver.cpp, line 773]
Event: 5.312 Thread 0x0000020abd437fd0 Exception <a 'java/lang/NoSuchMethodError'{0x000000008c0573f0}: 'java.lang.Object java.lang.invoke.DirectMethodHandle$Holder.newInvokeSpecial(java.lang.Object, java.lang.Object, int, java.lang.Object, int)'> (0x000000008c0573f0) 
thrown [s\open\src\hotspot\share\interpreter\linkResolver.cpp, line 773]
Event: 5.312 Thread 0x0000020abd437fd0 Exception <a 'java/lang/NoSuchMethodError'{0x000000008c05b260}: 'java.lang.Object java.lang.invoke.DirectMethodHandle$Holder.invokeSpecial(java.lang.Object, java.lang.Object, java.lang.Object, int, java.lang.Object, int)'> (0x000000008c05b260) 
thrown [s\open\src\hotspot\share\interpreter\linkResolver.cpp, line 773]
Event: 10.465 Thread 0x0000020b247a7f20 Exception <a 'java/lang/NoSuchMethodError'{0x000000008bc4f4f0}: 'java.lang.Object java.lang.invoke.DirectMethodHandle$Holder.invokeSpecial(java.lang.Object, java.lang.Object, java.lang.Object, java.lang.Object, java.lang.Object, long)'> (0x000000008bc4f4f0) 
thrown [s\open\src\hotspot\share\interpreter\linkResolver.cpp, line 773]
Event: 10.465 Thread 0x0000020b247a7f20 Exception <a 'java/lang/NoSuchMethodError'{0x000000008bc52cb0}: 'java.lang.Object java.lang.invoke.Invokers$Holder.linkToTargetMethod(java.lang.Object, java.lang.Object, java.lang.Object, long, java.lang.Object)'> (0x000000008bc52cb0) 
thrown [s\open\src\hotspot\share\interpreter\linkResolver.cpp, line 773]
Event: 10.591 Thread 0x0000020b247a7f20 Exception <a 'java/lang/NoSuchMethodError'{0x000000008e239828}: 'java.lang.Object java.lang.invoke.DirectMethodHandle$Holder.invokeInterface(java.lang.Object, java.lang.Object, java.lang.Object, java.lang.Object)'> (0x000000008e239828) 
thrown [s\open\src\hotspot\share\interpreter\linkResolver.cpp, line 773]

ZGC Phase Switch (0 events):
No events

VM Operations (20 events):
Event: 5.061 Executing VM operation: G1CollectForAllocation (G1 Evacuation Pause)
Event: 5.066 Executing VM operation: G1CollectForAllocation (G1 Evacuation Pause) done
Event: 5.159 Executing VM operation: HandshakeAllThreads (Deoptimize)
Event: 5.159 Executing VM operation: HandshakeAllThreads (Deoptimize) done
Event: 6.163 Executing VM operation: Cleanup
Event: 6.164 Executing VM operation: Cleanup done
Event: 7.177 Executing VM operation: Cleanup
Event: 7.177 Executing VM operation: Cleanup done
Event: 10.474 Executing VM operation: HandshakeAllThreads (Deoptimize)
Event: 10.474 Executing VM operation: HandshakeAllThreads (Deoptimize) done
Event: 10.474 Executing VM operation: Cleanup
Event: 10.474 Executing VM operation: Cleanup done
Event: 10.550 Executing VM operation: CollectForMetadataAllocation (Metadata GC Threshold)
Event: 10.555 Executing VM operation: CollectForMetadataAllocation (Metadata GC Threshold) done
Event: 10.569 Executing VM operation: G1PauseRemark
Event: 10.574 Executing VM operation: G1PauseRemark done
Event: 10.580 Executing VM operation: G1PauseCleanup
Event: 10.581 Executing VM operation: G1PauseCleanup done
Event: 10.669 Executing VM operation: HandshakeAllThreads (Deoptimize)
Event: 10.669 Executing VM operation: HandshakeAllThreads (Deoptimize) done

Events (20 events):
Event: 10.573 Thread 0x0000020adbe44040 flushing nmethod 0x0000020acf7d2c10
Event: 10.573 Thread 0x0000020adbe44040 flushing nmethod 0x0000020acf7ab710
Event: 10.573 Thread 0x0000020adbe44040 flushing nmethod 0x0000020acf7c7410
Event: 10.573 Thread 0x0000020adbe44040 flushing nmethod 0x0000020acf7a8e10
Event: 10.573 Thread 0x0000020adbe44040 flushing nmethod 0x0000020acf765c90
Event: 10.573 Thread 0x0000020adbe44040 flushing nmethod 0x0000020acf76d790
Event: 10.573 Thread 0x0000020adbe44040 flushing nmethod 0x0000020acf76b890
Event: 10.573 Thread 0x0000020adbe44040 flushing nmethod 0x0000020acf764d90
Event: 10.573 Thread 0x0000020adbe44040 flushing nmethod 0x0000020acf763a10
Event: 10.573 Thread 0x0000020adbe44040 flushing nmethod 0x0000020acf762190
Event: 10.573 Thread 0x0000020adbe44040 flushing nmethod 0x0000020acf73da10
Event: 10.573 Thread 0x0000020adbe44040 flushing nmethod 0x0000020acf759d10
Event: 10.573 Thread 0x0000020adbe44040 flushing nmethod 0x0000020acf73c790
Event: 10.573 Thread 0x0000020adbe44040 flushing nmethod 0x0000020acf72ef10
Event: 10.573 Thread 0x0000020adbe44040 flushing nmethod 0x0000020acf737590
Event: 10.573 Thread 0x0000020adbe44040 flushing nmethod 0x0000020acf703990
Event: 10.573 Thread 0x0000020adbe44040 flushing nmethod 0x0000020acf708190
Event: 10.573 Thread 0x0000020adbe44040 flushing nmethod 0x0000020acf6f9110
Event: 10.573 Thread 0x0000020adbe44040 flushing nmethod 0x0000020acf6a0a10
Event: 10.586 Thread 0x0000020b23fac270 Thread added: 0x0000020b23fac270


Dynamic libraries:
0x00007ff7f7db0000 - 0x00007ff7f7dc0000 	C:\Program Files\Java\jdk-21\bin\java.exe
0x00007ffeab750000 - 0x00007ffeab967000 	C:\WINDOWS\SYSTEM32\ntdll.dll
0x00007ffea9d10000 - 0x00007ffea9dd4000 	C:\WINDOWS\System32\KERNEL32.DLL
0x00007ffea8e10000 - 0x00007ffea91b6000 	C:\WINDOWS\System32\KERNELBASE.dll
0x00007ffea8a90000 - 0x00007ffea8ba1000 	C:\WINDOWS\System32\ucrtbase.dll
0x00007ffea1890000 - 0x00007ffea18ab000 	C:\Program Files\Java\jdk-21\bin\VCRUNTIME140.dll
0x00007ffea1780000 - 0x00007ffea1799000 	C:\Program Files\Java\jdk-21\bin\jli.dll
0x00007ffeaa6f0000 - 0x00007ffeaa7a3000 	C:\WINDOWS\System32\ADVAPI32.dll
0x00007ffeaab50000 - 0x00007ffeaabf7000 	C:\WINDOWS\System32\msvcrt.dll
0x00007ffeaa640000 - 0x00007ffeaa6e8000 	C:\WINDOWS\System32\sechost.dll
0x00007ffea9260000 - 0x00007ffea9288000 	C:\WINDOWS\System32\bcrypt.dll
0x00007ffea9710000 - 0x00007ffea9827000 	C:\WINDOWS\System32\RPCRT4.dll
0x00007ffeaa7c0000 - 0x00007ffeaa96e000 	C:\WINDOWS\System32\USER32.dll
0x00007ffea9290000 - 0x00007ffea92b6000 	C:\WINDOWS\System32\win32u.dll
0x00007ffe968e0000 - 0x00007ffe96b73000 	C:\WINDOWS\WinSxS\amd64_microsoft.windows.common-controls_6595b64144ccf1df_6.0.22621.2506_none_270c5ae97388e100\COMCTL32.dll
0x00007ffeab520000 - 0x00007ffeab549000 	C:\WINDOWS\System32\GDI32.dll
0x00007ffea8c70000 - 0x00007ffea8d88000 	C:\WINDOWS\System32\gdi32full.dll
0x00007ffea91c0000 - 0x00007ffea925a000 	C:\WINDOWS\System32\msvcp_win.dll
0x00007ffea1b70000 - 0x00007ffea1b7a000 	C:\WINDOWS\SYSTEM32\VERSION.dll
0x00007ffeaa980000 - 0x00007ffeaa9b1000 	C:\WINDOWS\System32\IMM32.DLL
0x00007ffea1880000 - 0x00007ffea188c000 	C:\Program Files\Java\jdk-21\bin\vcruntime140_1.dll
0x00007ffe99e40000 - 0x00007ffe99ece000 	C:\Program Files\Java\jdk-21\bin\msvcp140.dll
0x00007ffe72380000 - 0x00007ffe73097000 	C:\Program Files\Java\jdk-21\bin\server\jvm.dll
0x00007ffeaac00000 - 0x00007ffeaac71000 	C:\WINDOWS\System32\WS2_32.dll
0x00007ffea7920000 - 0x00007ffea796d000 	C:\WINDOWS\SYSTEM32\POWRPROF.dll
0x00007ffe9d340000 - 0x00007ffe9d374000 	C:\WINDOWS\SYSTEM32\WINMM.dll
0x00007ffea7900000 - 0x00007ffea7913000 	C:\WINDOWS\SYSTEM32\UMPDC.dll
0x00007ffea7bc0000 - 0x00007ffea7bd8000 	C:\WINDOWS\SYSTEM32\kernel.appcore.dll
0x00007ffea1800000 - 0x00007ffea180a000 	C:\Program Files\Java\jdk-21\bin\jimage.dll
0x00007ffe8da20000 - 0x00007ffe8dc53000 	C:\WINDOWS\SYSTEM32\DBGHELP.DLL
0x00007ffeaac90000 - 0x00007ffeab019000 	C:\WINDOWS\System32\combase.dll
0x00007ffea9620000 - 0x00007ffea96f7000 	C:\WINDOWS\System32\OLEAUT32.dll
0x00007ffe8ddf0000 - 0x00007ffe8de22000 	C:\WINDOWS\SYSTEM32\dbgcore.DLL
0x00007ffea8d90000 - 0x00007ffea8e0a000 	C:\WINDOWS\System32\bcryptPrimitives.dll
0x00007ffea5ce0000 - 0x00007ffea5cef000 	C:\Program Files\Java\jdk-21\bin\instrument.dll
0x00007ffea1170000 - 0x00007ffea118f000 	C:\Program Files\Java\jdk-21\bin\java.dll
0x00007ffea9de0000 - 0x00007ffeaa63b000 	C:\WINDOWS\System32\SHELL32.dll
0x00007ffea69c0000 - 0x00007ffea72b6000 	C:\WINDOWS\SYSTEM32\windows.storage.dll
0x00007ffea6880000 - 0x00007ffea69be000 	C:\WINDOWS\SYSTEM32\wintypes.dll
0x00007ffea9890000 - 0x00007ffea9983000 	C:\WINDOWS\System32\SHCORE.dll
0x00007ffea9b80000 - 0x00007ffea9bde000 	C:\WINDOWS\System32\shlwapi.dll
0x00007ffea89c0000 - 0x00007ffea89e6000 	C:\WINDOWS\SYSTEM32\profapi.dll
0x00007ffe78880000 - 0x00007ffe78957000 	C:\Program Files\Java\jdk-21\bin\jsvml.dll
0x00007ffea0dd0000 - 0x00007ffea0de8000 	C:\Program Files\Java\jdk-21\bin\zip.dll
0x00007ffea1130000 - 0x00007ffea1140000 	C:\Program Files\Java\jdk-21\bin\net.dll
0x00007ffea2140000 - 0x00007ffea2277000 	C:\WINDOWS\SYSTEM32\WINHTTP.dll
0x00007ffea8040000 - 0x00007ffea80a9000 	C:\WINDOWS\system32\mswsock.dll
0x00007ffea1110000 - 0x00007ffea1126000 	C:\Program Files\Java\jdk-21\bin\nio.dll
0x00007ffea1150000 - 0x00007ffea116a000 	C:\Program Files\JetBrains\IntelliJ IDEA Community Edition 2023.3.4\bin\breakgen64.dll
0x00007ffea10e0000 - 0x00007ffea10e9000 	C:\Program Files\Java\jdk-21\bin\extnet.dll
0x00007ffea17e0000 - 0x00007ffea17ee000 	C:\Program Files\Java\jdk-21\bin\sunmscapi.dll
0x00007ffea9330000 - 0x00007ffea9496000 	C:\WINDOWS\System32\CRYPT32.dll
0x00007ffea8450000 - 0x00007ffea847e000 	C:\WINDOWS\SYSTEM32\ncrypt.dll
0x00007ffea8410000 - 0x00007ffea8447000 	C:\WINDOWS\SYSTEM32\NTASN1.dll
0x00007ffea8290000 - 0x00007ffea82ab000 	C:\WINDOWS\SYSTEM32\CRYPTSP.dll
0x00007ffea7b20000 - 0x00007ffea7b55000 	C:\WINDOWS\system32\rsaenh.dll
0x00007ffea8130000 - 0x00007ffea815c000 	C:\WINDOWS\SYSTEM32\USERENV.dll
0x00007ffea82b0000 - 0x00007ffea82bc000 	C:\WINDOWS\SYSTEM32\CRYPTBASE.dll
0x00007ffea7590000 - 0x00007ffea75bd000 	C:\WINDOWS\SYSTEM32\IPHLPAPI.DLL
0x00007ffeaa7b0000 - 0x00007ffeaa7b9000 	C:\WINDOWS\System32\NSI.dll
0x00007ffea5cd0000 - 0x00007ffea5cda000 	C:\Program Files\Java\jdk-21\bin\management.dll
0x00007ffea17f0000 - 0x00007ffea17fb000 	C:\Program Files\Java\jdk-21\bin\management_ext.dll
0x00007ffea9700000 - 0x00007ffea9708000 	C:\WINDOWS\System32\PSAPI.DLL
0x00007ffea75c0000 - 0x00007ffea76b9000 	C:\WINDOWS\SYSTEM32\DNSAPI.dll
0x00007ffe9a090000 - 0x00007ffe9a09a000 	C:\Windows\System32\rasadhlp.dll
0x00007ffe98500000 - 0x00007ffe98583000 	C:\WINDOWS\System32\fwpuclnt.dll
0x00007ffea0cd0000 - 0x00007ffea0ce0000 	C:\Program Files\Java\jdk-21\bin\verify.dll
0x00007ffea00f0000 - 0x00007ffea00f8000 	C:\WINDOWS\system32\wshunix.dll

dbghelp: loaded successfully - version: 4.0.5 - missing functions: none
symbol engine: initialized successfully - sym options: 0x614 - pdb path: .;C:\Program Files\Java\jdk-21\bin;C:\WINDOWS\SYSTEM32;C:\WINDOWS\WinSxS\amd64_microsoft.windows.common-controls_6595b64144ccf1df_6.0.22621.2506_none_270c5ae97388e100;C:\Program Files\Java\jdk-21\bin\server;C:\Program Files\JetBrains\IntelliJ IDEA Community Edition 2023.3.4\bin

VM Arguments:
jvm_args: -javaagent:C:\Program Files\JetBrains\IntelliJ IDEA Community Edition 2023.3.4\lib\idea_rt.jar=63689:C:\Program Files\JetBrains\IntelliJ IDEA Community Edition 2023.3.4\bin -Dfile.encoding=UTF-8 -Dsun.stdout.encoding=UTF-8 -Dsun.stderr.encoding=UTF-8 
java_command: com.yash.quizapp.QuizappApplication
java_class_path (initial): D:\Spring Projects\quizapp\target\classes;C:\Users\yashr\.m2\repository\org\springframework\boot\spring-boot-starter-data-jpa\3.2.3\spring-boot-starter-data-jpa-3.2.3.jar;C:\Users\yashr\.m2\repository\org\springframework\boot\spring-boot-starter-aop\3.2.3\spring-boot-starter-aop-3.2.3.jar;C:\Users\yashr\.m2\repository\org\springframework\spring-aop\6.1.4\spring-aop-6.1.4.jar;C:\Users\yashr\.m2\repository\org\aspectj\aspectjweaver\1.9.21\aspectjweaver-1.9.21.jar;C:\Users\yashr\.m2\repository\org\springframework\boot\spring-boot-starter-jdbc\3.2.3\spring-boot-starter-jdbc-3.2.3.jar;C:\Users\yashr\.m2\repository\com\zaxxer\HikariCP\5.0.1\HikariCP-5.0.1.jar;C:\Users\yashr\.m2\repository\org\springframework\spring-jdbc\6.1.4\spring-jdbc-6.1.4.jar;C:\Users\yashr\.m2\repository\org\hibernate\orm\hibernate-core\6.4.4.Final\hibernate-core-6.4.4.Final.jar;C:\Users\yashr\.m2\repository\jakarta\persistence\jakarta.persistence-api\3.1.0\jakarta.persistence-api-3.1.0.jar;C:\Users\yashr\.m2\repository\jakarta\transaction\jakarta.transaction-api\2.0.1\jakarta.transaction-api-2.0.1.jar;C:\Users\yashr\.m2\repository\org\jboss\logging\jboss-logging\3.5.3.Final\jboss-logging-3.5.3.Final.jar;C:\Users\yashr\.m2\repository\org\hibernate\common\hibernate-commons-annotations\6.0.6.Final\hibernate-commons-annotations-6.0.6.Final.jar;C:\Users\yashr\.m2\repository\io\smallrye\jandex\3.1.2\jandex-3.1.2.jar;C:\Users\yashr\.m2\repository\com\fasterxml\classmate\1.6.0\classmate-1.6.0.jar;C:\Users\yashr\.m2\repository\net\bytebuddy\byte-buddy\1.14.12\byte-buddy-1.14.12.jar;C:\Users\yashr\.m2\repository\org\glassfish\jaxb\jaxb-runtime\4.0.4\jaxb-runtime-4.0.4.jar;C:\Users\yashr\.m2\repository\org\glassfish\jaxb\jaxb-core\4.0.4\jaxb-core-4.0.4.jar;C:\Users\yashr\.m2\repository\org\eclipse\angus\angus-activation\2.0.1\angus-activation-2.0.1.jar;C:\Users\yashr\.m2\repository\org\glassfish\jaxb\txw2\4.0.4\txw2-4.0.4.jar;C:\Users\yashr\.m2\repository\com\sun\istack\istack-commons-runtime\4.1.2\istack-commons-runtime-4.1.2.jar;C:\Users\yashr\.m2\repository\jakarta\inject\jakarta.inject-api\2.0.1\jakarta.inject-api-2.0.1.jar;C:\Users\yashr\.m2\repository\org\antlr\antlr4-runtime\4.13.0\antlr4-runtime-4.13.0.jar;C:\Users\yashr\.m2\repository\org\springframework\data\spring-data-jpa\3.2.3\spring-data-jpa-3.2.3.jar;C:\Users\yashr\.m2\repository\org\springframework\data\spring-data-commons\3.2.3\spring-data-commons-3.2.3.jar;C:\Users\yashr\.m2\repository\org\springframework\spring-orm\6.1.4\spring-orm-6.1.4.jar;C:\Users\yashr\.m2\repository\org\springframework\spring-context\6.1.4\spring-context-6.1.4.jar;C:\Users\yashr\.m2\repository\org\springframework\spring-tx\6.1.4\spring-tx-6.1.4.jar;C:\Users\yashr\.m2\repository\org\springframework\spring-beans\6.1.4\spring-beans-6.1.4.jar;C:\Users\yashr\.m2\repository\jakarta\annotation\jakarta.annotation-api\2.1.1\jakarta.annotation-api-2.1.1.jar;C:\Users\yashr\.m2\repository\org\slf4j\slf4j-api\2.0.12\slf4j-api-2.0.12.jar;C:\Users\yashr\.m2\repository\org\springframework\spring-aspects\6.1.4\spring-aspects-6.1.4.jar;C:\Users\yashr\.m2\repository\org\springframework\boot\spring-boot-starter-web\3.2.3\spring-boot-starter-web-3.2.3.jar;C:\Users\yashr\.m2\repository\org\springframework\boot\spring-boot-starter\3.2.3\spring-boot-starter-3.2.3.jar;C:\Users\yashr\.m2\repository\org\springframework\boot\spring-boot\3.2.3\spring-boot-3.2.3.jar;C:\Users\yashr\.m2\repository\org\springframework\boot\spring-boot-autoconfigure\3.2.3\spring-boot-autoconfigure-3.2.3.jar;C:\Users\yashr\.m2\repository\org\springframework\boot\spring-boot-starter-logging\3.2.3\spring-boot-starter-logging-3.2.3.jar;C:\Users\yashr\.m2\repository\ch\qos\logback\logback-classic\1.4.14\logback-classic-1.4.14.jar;C:\Users\yashr\.m2\repository\ch\qos\logback\logback-core\1.4.14\logback-core-1.4.14.jar;C:\Users\yashr\.m2\repository\org\apache\logging\log4j\log4j-to-slf4j\2.21.1\log4j-to-slf4j-2.21.1.jar;C:\Users\yashr\.m2\repository\org\apache\logging\log4j\log4j-api\2.21.1\log4j-api-2.21.1.jar;C:\Users\yashr\.m2\repository\org\slf4j\jul-to-slf4j\2.0.12\jul-to-slf4j-2.0.12.jar;C:\Users\yashr\.m2\repository\org\yaml\snakeyaml\2.2\snakeyaml-2.2.jar;C:\Users\yashr\.m2\repository\org\springframework\boot\spring-boot-starter-json\3.2.3\spring-boot-starter-json-3.2.3.jar;C:\Users\yashr\.m2\repository\com\fasterxml\jackson\core\jackson-databind\2.15.4\jackson-databind-2.15.4.jar;C:\Users\yashr\.m2\repository\com\fasterxml\jackson\core\jackson-annotations\2.15.4\jackson-annotations-2.15.4.jar;C:\Users\yashr\.m2\repository\com\fasterxml\jackson\core\jackson-core\2.15.4\jackson-core-2.15.4.jar;C:\Users\yashr\.m2\repository\com\fasterxml\jackson\datatype\jackson-datatype-jdk8\2.15.4\jackson-datatype-jdk8-2.15.4.jar;C:\Users\yashr\.m2\repository\com\fasterxml\jackson\datatype\jackson-datatype-jsr310\2.15.4\jackson-datatype-jsr310-2.15.4.jar;C:\Users\yashr\.m2\repository\com\fasterxml\jackson\module\jackson-module-parameter-names\2.15.4\jackson-module-parameter-names-2.15.4.jar;C:\Users\yashr\.m2\repository\org\springframework\boot\spring-boot-starter-tomcat\3.2.3\spring-boot-starter-tomcat-3.2.3.jar;C:\Users\yashr\.m2\repository\org\apache\tomcat\embed\tomcat-embed-core\10.1.19\tomcat-embed-core-10.1.19.jar;C:\Users\yashr\.m2\repository\org\apache\tomcat\embed\tomcat-embed-el\10.1.19\tomcat-embed-el-10.1.19.jar;C:\Users\yashr\.m2\repository\org\apache\tomcat\embed\tomcat-embed-websocket\10.1.19\tomcat-embed-websocket-10.1.19.jar;C:\Users\yashr\.m2\repository\org\springframework\spring-web\6.1.4\spring-web-6.1.4.jar;C:\Users\yashr\.m2\repository\io\micrometer\micrometer-observation\1.12.3\micrometer-observation-1.12.3.jar;C:\Users\yashr\.m2\repository\io\micrometer\micrometer-commons\1.12.3\micrometer-commons-1.12.3.jar;C:\Users\yashr\.m2\repository\org\springframework\spring-webmvc\6.1.4\spring-webmvc-6.1.4.jar;C:\Users\yashr\.m2\repository\org\springframework\spring-expression\6.1.4\spring-expression-6.1.4.jar;C:\Users\yashr\.m2\repository\org\postgresql\postgresql\42.6.1\postgresql-42.6.1.jar;C:\Users\yashr\.m2\repository\org\checkerframework\checker-qual\3.31.0\checker-qual-3.31.0.jar;C:\Users\yashr\.m2\repository\org\projectlombok\lombok\1.18.30\lombok-1.18.30.jar;C:\Users\yashr\.m2\repository\jakarta\xml\bind\jakarta.xml.bind-api\4.0.1\jakarta.xml.bind-api-4.0.1.jar;C:\Users\yashr\.m2\repository\jakarta\activation\jakarta.activation-api\2.1.2\jakarta.activation-api-2.1.2.jar;C:\Users\yashr\.m2\repository\org\springframework\spring-core\6.1.4\spring-core-6.1.4.jar;C:\Users\yashr\.m2\repository\org\springframework\spring-jcl\6.1.4\spring-jcl-6.1.4.jar
Launcher Type: SUN_STANDARD

[Global flags]
     intx CICompilerCount                          = 4                                         {product} {ergonomic}
     uint ConcGCThreads                            = 2                                         {product} {ergonomic}
     uint G1ConcRefinementThreads                  = 8                                         {product} {ergonomic}
   size_t G1HeapRegionSize                         = 1048576                                   {product} {ergonomic}
    uintx GCDrainStackTargetSize                   = 64                                        {product} {ergonomic}
   size_t InitialHeapSize                          = 125829120                                 {product} {ergonomic}
   size_t MarkStackSize                            = 4194304                                   {product} {ergonomic}
   size_t MaxHeapSize                              = 1992294400                                {product} {ergonomic}
   size_t MaxNewSize                               = 1195376640                                {product} {ergonomic}
   size_t MinHeapDeltaBytes                        = 1048576                                   {product} {ergonomic}
   size_t MinHeapSize                              = 8388608                                   {product} {ergonomic}
    uintx NonNMethodCodeHeapSize                   = 5839372                                {pd product} {ergonomic}
    uintx NonProfiledCodeHeapSize                  = 122909434                              {pd product} {ergonomic}
    uintx ProfiledCodeHeapSize                     = 122909434                              {pd product} {ergonomic}
    uintx ReservedCodeCacheSize                    = 251658240                              {pd product} {ergonomic}
     bool SegmentedCodeCache                       = true                                      {product} {ergonomic}
   size_t SoftMaxHeapSize                          = 1992294400                             {manageable} {ergonomic}
     bool UseCompressedOops                        = true                           {product lp64_product} {ergonomic}
     bool UseG1GC                                  = true                                      {product} {ergonomic}
     bool UseLargePagesIndividualAllocation        = false                                  {pd product} {ergonomic}

Logging:
Log output configuration:
 #0: stdout all=warning uptime,level,tags foldmultilines=false
 #1: stderr all=off uptime,level,tags foldmultilines=false

Environment Variables:
PATH=C:\Program Files\Common Files\Oracle\Java\javapath;C:\Python311\Scripts\;C:\Python311\;C:\Program Files\Python39\Scripts\;C:\Program Files\Python39\;C:\WINDOWS\system32;C:\WINDOWS;C:\WINDOWS\System32\Wbem;C:\WINDOWS\System32\WindowsPowerShell\v1.0\;C:\WINDOWS\System32\OpenSSH\;C:\Program Files\mingw-w64\x86_64-8.1.0-posix-seh-rt_v6-rev0\mingw64\bin;C:\Program Files\MySQL\MySQL Server 8.0\bin;C:\ProgramData\chocolatey\bin;C:\Program Files\nodejs\;D:\ApacheJMeter\apache-jmeter-5.6\bin;C:\Program Files\Docker\Docker\resources\bin;C:\tools;C:\minikube;C:\Program Files\Git\cmd;C:\Users\yashr\.cargo\bin;C:\Users\yashr\AppData\Local\Microsoft\WindowsApps;C:\Program Files\JetBrains\IntelliJ IDEA Community Edition 2023.3.4\bin;;C:\Program Files\JetBrains\PyCharm Community Edition 2020.2.3\bin;;C:\Users\yashr\AppData\Local\Programs\Microsoft VS Code\bin;C:\Users\yashr\AppData\Local\GitHubDesktop\bin;C:\Users\yashr\AppData\Roaming\npm
USERNAME=yashr
OS=Windows_NT
PROCESSOR_IDENTIFIER=AMD64 Family 23 Model 96 Stepping 1, AuthenticAMD
TMP=C:\Users\yashr\AppData\Local\Temp
TEMP=C:\Users\yashr\AppData\Local\Temp




Periodic native trim disabled

---------------  S Y S T E M  ---------------

OS:
 Windows 11 , 64 bit Build 22621 (10.0.22621.3085)
OS uptime: 2 days 14:42 hours
Hyper-V role detected

CPU: total 8 (initial active 8) (8 cores per cpu, 1 threads per core) family 23 model 96 stepping 1 microcode 0x0, cx8, cmov, fxsr, mmx, 3dnowpref, sse, sse2, sse3, ssse3, sse4a, sse4.1, sse4.2, popcnt, lzcnt, tsc, tscinvbit, avx, avx2, aes, clmul, bmi1, bmi2, adx, sha, fma, vzeroupper, clflush, clflushopt, hv, rdtscp, rdpid, f16c
Processor Information for all 8 processors :
  Max Mhz: 2000, Current Mhz: 2000, Mhz Limit: 2000

Memory: 4k page, system-wide physical 7599M (1012M free)
TotalPageFile size 9444M (AvailPageFile size 6M)
current process WorkingSet (physical memory assigned to process): 236M, peak: 260M
current process commit charge ("private bytes"): 274M, peak: 297M

vm_info: Java HotSpot(TM) 64-Bit Server VM (21.0.2+13-LTS-58) for windows-amd64 JRE (21.0.2+13-LTS-58), built on 2024-01-05T18:32:24Z by "mach5one" with MS VC++ 17.1 (VS2022)

END.
